Fetching data for ALOS3...
Fetching data for ALPA4...
Fetching data for ABEV3...
Fetching data for ASAI3...
Fetching data for AURE3...
Fetching data for AZUL4...
Second table not found for AZUL4
Fetching data for AZZA3...
Fetching data for B3SA3...
Fetching data for BBSE3...
Fetching data for BBDC3...
Fetching data for BBDC4...
Fetching data for BRAP4...
Fetching data for BBAS3...
Fetching data for BRKM5...
Fetching data for BRAV3...
Fetching data for BRFS3...
Fetching data for BPAC11...
Fetching data for CXSE3...
Fetching data for CRFB3...
Fetching data for CCRO3...
Fetching data for CMIG4...
Fetching data for COGN3...
Fetching data for CPLE6...
Fetching data for CSAN3...
Fetching data for CPFE3...
Fetching data for CMIN3...
Fetching data for CVCB3...
Fetching data for CYRE3...
Fetching data for ELET3...
Fetching data for ELET6...
Fetching data for EMBR3...
Fetching data for ENGI11...
Fetching data for ENEV3...
Fetching data for EGIE3...
Fetching data for EQTL3...
Fetching data for EZTC3...
Fetching data for FLRY3...
Fetching data for GGBR4...
Fetching data for GOAU4...
Fetching data for NTCO3...
Fetching data for HAPV3...
Fetching data for HYPE3...
Fetching data for IGTI11...
Fetching data for IRBR3...
Fetching data for ITSA4...
Fetching data for ITUB4...
Fetching data for JBSS3...
Fetching data for KLBN11...
Fetching data for RENT3...
Fetching data for LREN3...
Fetching data for LWSA3...
Fetching data for MGLU3...
Fetching data for MRFG3...
Fetching data for BEEF3...
Fetching data for MRVE3...
Fetching data for MULT3...
Fetching data for PCAR3...
Fetching data for PETR3...
Fetching data for PETR4...
Fetching data for RECV3...
Fetching data for PRIO3...
Fetching data for PETZ3...
Fetching data for RADL3...
Fetching data for RAIZ4...
Fetching data for RDOR3...
Fetching data for RAIL3...
Fetching data for SBSP3...
Fetching data for SANB11...
Fetching data for STBP3...
Fetching data for SMTO3...
Fetching data for CSNA3...
Fetching data for SLCE3...
Fetching data for SUZB3...
Fetching data for TAEE11...
Fetching data for VIVT3...
Fetching data for TIMS3...
Fetching data for TOTS3...
Fetching data for TRPL4...
Second table not found for TRPL4
Fetching data for UGPA3...
Fetching data for USIM5...
Fetching data for VALE3...
Fetching data for VAMO3...
Fetching data for VBBR3...
Fetching data for VIVA3...
Fetching data for WEGE3...
Fetching data for YDUQ3...
All data saved to /var/www/fullstack/backend/apps/fundamental/utils/all_historical_dy.json
Fetching data for ALOS3...
Fetching data for ALPA4...
Fetching data for ABEV3...
Fetching data for ASAI3...
Fetching data for AURE3...
Fetching data for AZUL4...
Second table not found for AZUL4
Fetching data for AZZA3...
Fetching data for B3SA3...
Fetching data for BBSE3...
Fetching data for BBDC3...
Fetching data for BBDC4...
Fetching data for BRAP4...
Fetching data for BBAS3...
Fetching data for BRKM5...
Fetching data for BRAV3...
Fetching data for BRFS3...
Fetching data for BPAC11...
Fetching data for CXSE3...
Fetching data for CRFB3...
Fetching data for CCRO3...
Fetching data for CMIG4...
Fetching data for COGN3...
Fetching data for CPLE6...
Fetching data for CSAN3...
Fetching data for CPFE3...
Fetching data for CMIN3...
Fetching data for CVCB3...
Fetching data for CYRE3...
Fetching data for ELET3...
Fetching data for ELET6...
Fetching data for EMBR3...
Fetching data for ENGI11...
Fetching data for ENEV3...
Fetching data for EGIE3...
Fetching data for EQTL3...
Fetching data for EZTC3...
Fetching data for FLRY3...
Fetching data for GGBR4...
Fetching data for GOAU4...
Fetching data for NTCO3...
Fetching data for HAPV3...
Fetching data for HYPE3...
Fetching data for IGTI11...
Fetching data for IRBR3...
Fetching data for ITSA4...
Fetching data for ITUB4...
Fetching data for JBSS3...
Fetching data for KLBN11...
Fetching data for RENT3...
Fetching data for LREN3...
Fetching data for LWSA3...
Fetching data for MGLU3...
Fetching data for MRFG3...
Fetching data for BEEF3...
Fetching data for MRVE3...
Fetching data for MULT3...
Fetching data for PCAR3...
Fetching data for PETR3...
Fetching data for PETR4...
Fetching data for RECV3...
Fetching data for PRIO3...
Fetching data for PETZ3...
Fetching data for RADL3...
Fetching data for RAIZ4...
Fetching data for RDOR3...
Fetching data for RAIL3...
Fetching data for SBSP3...
Fetching data for SANB11...
Fetching data for STBP3...
Fetching data for SMTO3...
Fetching data for CSNA3...
Fetching data for SLCE3...
Fetching data for SUZB3...
Fetching data for TAEE11...
Fetching data for VIVT3...
Fetching data for TIMS3...
Fetching data for TOTS3...
Fetching data for TRPL4...
Second table not found for TRPL4
Fetching data for UGPA3...
Fetching data for USIM5...
Fetching data for VALE3...
Fetching data for VAMO3...
Fetching data for VBBR3...
Fetching data for VIVA3...
Fetching data for WEGE3...
Fetching data for YDUQ3...
All data saved to /var/www/fullstack/backend/apps/fundamental/utils/all_historical_dy.json
Fetching data for ALOS3...
Fetching data for ALPA4...
Fetching data for ABEV3...
Fetching data for ASAI3...
Fetching data for AURE3...
Fetching data for AZUL4...
Second table not found for AZUL4
Fetching data for AZZA3...
Fetching data for B3SA3...
Fetching data for BBSE3...
Fetching data for BBDC3...
Fetching data for BBDC4...
Fetching data for BRAP4...
Fetching data for BBAS3...
Fetching data for BRKM5...
Fetching data for BRAV3...
Fetching data for BRFS3...
Fetching data for BPAC11...
Fetching data for CXSE3...
Fetching data for CRFB3...
Fetching data for CCRO3...
Fetching data for CMIG4...
Fetching data for COGN3...
Fetching data for CPLE6...
Fetching data for CSAN3...
Fetching data for CPFE3...
Fetching data for CMIN3...
Fetching data for CVCB3...
Fetching data for CYRE3...
Fetching data for ELET3...
Fetching data for ELET6...
Fetching data for EMBR3...
Fetching data for ENGI11...
Fetching data for ENEV3...
Fetching data for EGIE3...
Fetching data for EQTL3...
Fetching data for EZTC3...
Fetching data for FLRY3...
Fetching data for GGBR4...
Fetching data for GOAU4...
Fetching data for NTCO3...
Fetching data for HAPV3...
Fetching data for HYPE3...
Fetching data for IGTI11...
Fetching data for IRBR3...
Fetching data for ITSA4...
Fetching data for ITUB4...
Fetching data for JBSS3...
Fetching data for KLBN11...
Fetching data for RENT3...
Fetching data for LREN3...
Fetching data for LWSA3...
Fetching data for MGLU3...
Fetching data for MRFG3...
Fetching data for BEEF3...
Fetching data for MRVE3...
Fetching data for MULT3...
Fetching data for PCAR3...
Fetching data for PETR3...
Fetching data for PETR4...
Fetching data for RECV3...
Fetching data for PRIO3...
Fetching data for PETZ3...
Fetching data for RADL3...
Fetching data for RAIZ4...
Fetching data for RDOR3...
Fetching data for RAIL3...
Fetching data for SBSP3...
Fetching data for SANB11...
Fetching data for STBP3...
Fetching data for SMTO3...
Fetching data for CSNA3...
Fetching data for SLCE3...
Fetching data for SUZB3...
Fetching data for TAEE11...
Fetching data for VIVT3...
Fetching data for TIMS3...
Fetching data for TOTS3...
Fetching data for TRPL4...
Second table not found for TRPL4
Fetching data for UGPA3...
Fetching data for USIM5...
Fetching data for VALE3...
Fetching data for VAMO3...
Fetching data for VBBR3...
Fetching data for VIVA3...
Fetching data for WEGE3...
Fetching data for YDUQ3...
All data saved to /var/www/fullstack/backend/apps/fundamental/utils/all_historical_dy.json
Fetching data for ALOS3...
Fetching data for ALPA4...
Fetching data for ABEV3...
Fetching data for ASAI3...
Fetching data for AURE3...
Fetching data for AZUL4...
Second table not found for AZUL4
Fetching data for AZZA3...
Fetching data for B3SA3...
Fetching data for BBSE3...
Fetching data for BBDC3...
Fetching data for BBDC4...
Fetching data for BRAP4...
Fetching data for BBAS3...
Fetching data for BRKM5...
Fetching data for BRAV3...
Fetching data for BRFS3...
Fetching data for BPAC11...
Fetching data for CXSE3...
Fetching data for CRFB3...
Fetching data for CCRO3...
Fetching data for CMIG4...
Fetching data for COGN3...
Fetching data for CPLE6...
Fetching data for CSAN3...
Fetching data for CPFE3...
Fetching data for CMIN3...
Fetching data for CVCB3...
Fetching data for CYRE3...
Fetching data for ELET3...
Fetching data for ELET6...
Fetching data for EMBR3...
Fetching data for ENGI11...
Fetching data for ENEV3...
Fetching data for EGIE3...
Fetching data for EQTL3...
Fetching data for EZTC3...
Fetching data for FLRY3...
Fetching data for GGBR4...
Fetching data for GOAU4...
Fetching data for NTCO3...
Fetching data for HAPV3...
Fetching data for HYPE3...
Fetching data for IGTI11...
Fetching data for IRBR3...
Fetching data for ITSA4...
Fetching data for ITUB4...
Fetching data for JBSS3...
Fetching data for KLBN11...
Fetching data for RENT3...
Fetching data for LREN3...
Fetching data for LWSA3...
Fetching data for MGLU3...
Fetching data for MRFG3...
Fetching data for BEEF3...
Fetching data for MRVE3...
Fetching data for MULT3...
Fetching data for PCAR3...
Fetching data for PETR3...
Fetching data for PETR4...
Fetching data for RECV3...
Fetching data for PRIO3...
Fetching data for PETZ3...
Fetching data for RADL3...
Fetching data for RAIZ4...
Fetching data for RDOR3...
Fetching data for RAIL3...
Fetching data for SBSP3...
Fetching data for SANB11...
Fetching data for STBP3...
Fetching data for SMTO3...
Fetching data for CSNA3...
Fetching data for SLCE3...
Fetching data for SUZB3...
Fetching data for TAEE11...
Fetching data for VIVT3...
Fetching data for TIMS3...
Fetching data for TOTS3...
Fetching data for TRPL4...
Second table not found for TRPL4
Fetching data for UGPA3...
Fetching data for USIM5...
Fetching data for VALE3...
Fetching data for VAMO3...
Fetching data for VBBR3...
Fetching data for VIVA3...
Fetching data for WEGE3...
Fetching data for YDUQ3...
All data saved to /var/www/fullstack/backend/apps/fundamental/utils/all_historical_dy.json
Fetching data for ALOS3...
Fetching data for ALPA4...
Fetching data for ABEV3...
Fetching data for ASAI3...
Fetching data for AURE3...
Fetching data for AZUL4...
Second table not found for AZUL4
Fetching data for AZZA3...
Fetching data for B3SA3...
Fetching data for BBSE3...
Fetching data for BBDC3...
Fetching data for BBDC4...
Fetching data for BRAP4...
Fetching data for BBAS3...
Fetching data for BRKM5...
Fetching data for BRAV3...
Fetching data for BRFS3...
Fetching data for BPAC11...
Fetching data for CXSE3...
Fetching data for CRFB3...
Fetching data for CCRO3...
Fetching data for CMIG4...
Fetching data for COGN3...
Fetching data for CPLE6...
Fetching data for CSAN3...
Fetching data for CPFE3...
Fetching data for CMIN3...
Fetching data for CVCB3...
Fetching data for CYRE3...
Fetching data for ELET3...
Fetching data for ELET6...
Fetching data for EMBR3...
Fetching data for ENGI11...
Fetching data for ENEV3...
Fetching data for EGIE3...
Fetching data for EQTL3...
Fetching data for EZTC3...
Fetching data for FLRY3...
Fetching data for GGBR4...
Fetching data for GOAU4...
Fetching data for NTCO3...
Fetching data for HAPV3...
Fetching data for HYPE3...
Fetching data for IGTI11...
Fetching data for IRBR3...
Fetching data for ITSA4...
Fetching data for ITUB4...
Fetching data for JBSS3...
Fetching data for KLBN11...
Fetching data for RENT3...
Fetching data for LREN3...
Fetching data for LWSA3...
Fetching data for MGLU3...
Fetching data for MRFG3...
Fetching data for BEEF3...
Fetching data for MRVE3...
Fetching data for MULT3...
Fetching data for PCAR3...
Fetching data for PETR3...
Fetching data for PETR4...
Fetching data for RECV3...
Fetching data for PRIO3...
Fetching data for PETZ3...
Fetching data for RADL3...
Fetching data for RAIZ4...
Fetching data for RDOR3...
Fetching data for RAIL3...
Fetching data for SBSP3...
Fetching data for SANB11...
Fetching data for STBP3...
Fetching data for SMTO3...
Fetching data for CSNA3...
Fetching data for SLCE3...
Fetching data for SUZB3...
Fetching data for TAEE11...
Fetching data for VIVT3...
Fetching data for TIMS3...
Fetching data for TOTS3...
Fetching data for TRPL4...
Second table not found for TRPL4
Fetching data for UGPA3...
Fetching data for USIM5...
Fetching data for VALE3...
Fetching data for VAMO3...
Fetching data for VBBR3...
Fetching data for VIVA3...
Fetching data for WEGE3...
Fetching data for YDUQ3...
All data saved to /var/www/fullstack/backend/apps/fundamental/utils/all_historical_dy.json
Fetching data for ALOS3...
Fetching data for ALPA4...
Fetching data for ABEV3...
Fetching data for ASAI3...
Fetching data for AURE3...
Fetching data for AZUL4...
Second table not found for AZUL4
Fetching data for AZZA3...
Fetching data for B3SA3...
Fetching data for BBSE3...
Fetching data for BBDC3...
Fetching data for BBDC4...
Fetching data for BRAP4...
Fetching data for BBAS3...
Fetching data for BRKM5...
Fetching data for BRAV3...
Fetching data for BRFS3...
Fetching data for BPAC11...
Fetching data for CXSE3...
Fetching data for CRFB3...
Fetching data for CCRO3...
Fetching data for CMIG4...
Fetching data for COGN3...
Fetching data for CPLE6...
Fetching data for CSAN3...
Fetching data for CPFE3...
Fetching data for CMIN3...
Fetching data for CVCB3...
Fetching data for CYRE3...
Fetching data for ELET3...
Fetching data for ELET6...
Fetching data for EMBR3...
Fetching data for ENGI11...
Fetching data for ENEV3...
Fetching data for EGIE3...
Fetching data for EQTL3...
Fetching data for EZTC3...
Fetching data for FLRY3...
Fetching data for GGBR4...
Fetching data for GOAU4...
Fetching data for NTCO3...
Fetching data for HAPV3...
Fetching data for HYPE3...
Fetching data for IGTI11...
Fetching data for IRBR3...
Fetching data for ITSA4...
Fetching data for ITUB4...
Fetching data for JBSS3...
Fetching data for KLBN11...
Fetching data for RENT3...
Fetching data for LREN3...
Fetching data for LWSA3...
Fetching data for MGLU3...
Fetching data for MRFG3...
Fetching data for BEEF3...
Fetching data for MRVE3...
Fetching data for MULT3...
Fetching data for PCAR3...
Fetching data for PETR3...
Fetching data for PETR4...
Fetching data for RECV3...
Fetching data for PRIO3...
Fetching data for PETZ3...
Fetching data for RADL3...
Fetching data for RAIZ4...
Fetching data for RDOR3...
Fetching data for RAIL3...
Fetching data for SBSP3...
Fetching data for SANB11...
Fetching data for STBP3...
Fetching data for SMTO3...
Fetching data for CSNA3...
Fetching data for SLCE3...
Fetching data for SUZB3...
Fetching data for TAEE11...
Fetching data for VIVT3...
Fetching data for TIMS3...
Fetching data for TOTS3...
Fetching data for TRPL4...
Second table not found for TRPL4
Fetching data for UGPA3...
Fetching data for USIM5...
Fetching data for VALE3...
Fetching data for VAMO3...
Fetching data for VBBR3...
Fetching data for VIVA3...
Fetching data for WEGE3...
Fetching data for YDUQ3...
All data saved to /var/www/fullstack/backend/apps/fundamental/utils/all_historical_dy.json
Fetching data for ALOS3...
Fetching data for ALPA4...
Fetching data for ABEV3...
Fetching data for ASAI3...
Fetching data for AURE3...
Fetching data for AZUL4...
Second table not found for AZUL4
Fetching data for AZZA3...
Fetching data for B3SA3...
Fetching data for BBSE3...
Fetching data for BBDC3...
Fetching data for BBDC4...
Fetching data for BRAP4...
Fetching data for BBAS3...
Fetching data for BRKM5...
Fetching data for BRAV3...
Fetching data for BRFS3...
Fetching data for BPAC11...
Fetching data for CXSE3...
Fetching data for CRFB3...
Fetching data for CCRO3...
Fetching data for CMIG4...
Fetching data for COGN3...
Fetching data for CPLE6...
Fetching data for CSAN3...
Fetching data for CPFE3...
Fetching data for CMIN3...
Fetching data for CVCB3...
Fetching data for CYRE3...
Fetching data for ELET3...
Fetching data for ELET6...
Fetching data for EMBR3...
Fetching data for ENGI11...
Fetching data for ENEV3...
Fetching data for EGIE3...
Fetching data for EQTL3...
Fetching data for EZTC3...
Fetching data for FLRY3...
Fetching data for GGBR4...
Fetching data for GOAU4...
Fetching data for NTCO3...
Fetching data for HAPV3...
Fetching data for HYPE3...
Fetching data for IGTI11...
Fetching data for IRBR3...
Fetching data for ITSA4...
Fetching data for ITUB4...
Fetching data for JBSS3...
Fetching data for KLBN11...
Fetching data for RENT3...
Fetching data for LREN3...
Fetching data for LWSA3...
Fetching data for MGLU3...
Fetching data for MRFG3...
Fetching data for BEEF3...
Fetching data for MRVE3...
Fetching data for MULT3...
Fetching data for PCAR3...
Fetching data for PETR3...
Fetching data for PETR4...
Fetching data for RECV3...
Fetching data for PRIO3...
Fetching data for PETZ3...
Fetching data for RADL3...
Fetching data for RAIZ4...
Fetching data for RDOR3...
Fetching data for RAIL3...
Fetching data for SBSP3...
Fetching data for SANB11...
Fetching data for STBP3...
Fetching data for SMTO3...
Fetching data for CSNA3...
Fetching data for SLCE3...
Fetching data for SUZB3...
Fetching data for TAEE11...
Fetching data for VIVT3...
Fetching data for TIMS3...
Fetching data for TOTS3...
Fetching data for TRPL4...
Second table not found for TRPL4
Fetching data for UGPA3...
Fetching data for USIM5...
Fetching data for VALE3...
Fetching data for VAMO3...
Fetching data for VBBR3...
Fetching data for VIVA3...
Fetching data for WEGE3...
Fetching data for YDUQ3...
All data saved to /var/www/fullstack/backend/apps/fundamental/utils/all_historical_dy.json
Fetching data for ALOS3...
Fetching data for ALPA4...
Fetching data for ABEV3...
Fetching data for ASAI3...
Fetching data for AURE3...
Fetching data for AZUL4...
Second table not found for AZUL4
Fetching data for AZZA3...
Fetching data for B3SA3...
Fetching data for BBSE3...
Fetching data for BBDC3...
Fetching data for BBDC4...
Fetching data for BRAP4...
Fetching data for BBAS3...
Fetching data for BRKM5...
Fetching data for BRAV3...
Fetching data for BRFS3...
Fetching data for BPAC11...
Fetching data for CXSE3...
Fetching data for CRFB3...
Fetching data for CCRO3...
Fetching data for CMIG4...
Fetching data for COGN3...
Fetching data for CPLE6...
Fetching data for CSAN3...
Fetching data for CPFE3...
Fetching data for CMIN3...
Fetching data for CVCB3...
Fetching data for CYRE3...
Fetching data for ELET3...
Fetching data for ELET6...
Fetching data for EMBR3...
Fetching data for ENGI11...
Fetching data for ENEV3...
Fetching data for EGIE3...
Fetching data for EQTL3...
Fetching data for EZTC3...
Fetching data for FLRY3...
Fetching data for GGBR4...
Fetching data for GOAU4...
Fetching data for NTCO3...
Fetching data for HAPV3...
Fetching data for HYPE3...
Fetching data for IGTI11...
Fetching data for IRBR3...
Fetching data for ITSA4...
Fetching data for ITUB4...
Fetching data for JBSS3...
Fetching data for KLBN11...
Fetching data for RENT3...
Fetching data for LREN3...
Fetching data for LWSA3...
Fetching data for MGLU3...
Fetching data for MRFG3...
Fetching data for BEEF3...
Fetching data for MRVE3...
Fetching data for MULT3...
Fetching data for PCAR3...
Fetching data for PETR3...
Fetching data for PETR4...
Fetching data for RECV3...
Fetching data for PRIO3...
Fetching data for PETZ3...
Fetching data for RADL3...
Fetching data for RAIZ4...
Fetching data for RDOR3...
Fetching data for RAIL3...
Fetching data for SBSP3...
Fetching data for SANB11...
Fetching data for STBP3...
Fetching data for SMTO3...
Fetching data for CSNA3...
Fetching data for SLCE3...
Fetching data for SUZB3...
Fetching data for TAEE11...
Fetching data for VIVT3...
Fetching data for TIMS3...
Fetching data for TOTS3...
Fetching data for TRPL4...
Second table not found for TRPL4
Fetching data for UGPA3...
Fetching data for USIM5...
Fetching data for VALE3...
Fetching data for VAMO3...
Fetching data for VBBR3...
Fetching data for VIVA3...
Fetching data for WEGE3...
Fetching data for YDUQ3...
All data saved to /var/www/fullstack/backend/apps/fundamental/utils/all_historical_dy.json
Fetching data for ALOS3...
Fetching data for ALPA4...
Fetching data for ABEV3...
Fetching data for ASAI3...
Fetching data for AURE3...
Fetching data for AZUL4...
Second table not found for AZUL4
Fetching data for AZZA3...
Fetching data for B3SA3...
Fetching data for BBSE3...
Fetching data for BBDC3...
Fetching data for BBDC4...
Fetching data for BRAP4...
Fetching data for BBAS3...
Fetching data for BRKM5...
Fetching data for BRAV3...
Fetching data for BRFS3...
Fetching data for BPAC11...
Fetching data for CXSE3...
Fetching data for CRFB3...
Fetching data for CCRO3...
Fetching data for CMIG4...
Fetching data for COGN3...
Fetching data for CPLE6...
Fetching data for CSAN3...
Fetching data for CPFE3...
Fetching data for CMIN3...
Fetching data for CVCB3...
Fetching data for CYRE3...
Fetching data for ELET3...
Fetching data for ELET6...
Fetching data for EMBR3...
Fetching data for ENGI11...
Fetching data for ENEV3...
Fetching data for EGIE3...
Fetching data for EQTL3...
Fetching data for EZTC3...
Fetching data for FLRY3...
Fetching data for GGBR4...
Fetching data for GOAU4...
Fetching data for NTCO3...
Fetching data for HAPV3...
Fetching data for HYPE3...
Fetching data for IGTI11...
Fetching data for IRBR3...
Fetching data for ITSA4...
Fetching data for ITUB4...
Fetching data for JBSS3...
Fetching data for KLBN11...
Fetching data for RENT3...
Fetching data for LREN3...
Fetching data for LWSA3...
Fetching data for MGLU3...
Fetching data for MRFG3...
Fetching data for BEEF3...
Fetching data for MRVE3...
Fetching data for MULT3...
Fetching data for PCAR3...
Fetching data for PETR3...
Fetching data for PETR4...
Fetching data for RECV3...
Fetching data for PRIO3...
Fetching data for PETZ3...
Fetching data for RADL3...
Fetching data for RAIZ4...
Fetching data for RDOR3...
Fetching data for RAIL3...
Fetching data for SBSP3...
Fetching data for SANB11...
Fetching data for STBP3...
Fetching data for SMTO3...
Fetching data for CSNA3...
Fetching data for SLCE3...
Fetching data for SUZB3...
Fetching data for TAEE11...
Fetching data for VIVT3...
Fetching data for TIMS3...
Fetching data for TOTS3...
Fetching data for TRPL4...
Second table not found for TRPL4
Fetching data for UGPA3...
Fetching data for USIM5...
Fetching data for VALE3...
Fetching data for VAMO3...
Fetching data for VBBR3...
Fetching data for VIVA3...
Fetching data for WEGE3...
Fetching data for YDUQ3...
All data saved to /var/www/fullstack/backend/apps/fundamental/utils/all_historical_dy.json
Fetching data for ALOS3...
Fetching data for ALPA4...
Fetching data for ABEV3...
Fetching data for ASAI3...
Fetching data for AURE3...
Fetching data for AZUL4...
Second table not found for AZUL4
Fetching data for AZZA3...
Fetching data for B3SA3...
Fetching data for BBSE3...
Fetching data for BBDC3...
Fetching data for BBDC4...
Fetching data for BRAP4...
Fetching data for BBAS3...
Fetching data for BRKM5...
Fetching data for BRAV3...
Fetching data for BRFS3...
Fetching data for BPAC11...
Fetching data for CXSE3...
Fetching data for CRFB3...
Fetching data for CCRO3...
Fetching data for CMIG4...
Fetching data for COGN3...
Fetching data for CPLE6...
Fetching data for CSAN3...
Fetching data for CPFE3...
Fetching data for CMIN3...
Fetching data for CVCB3...
Fetching data for CYRE3...
Fetching data for ELET3...
Fetching data for ELET6...
Fetching data for EMBR3...
Fetching data for ENGI11...
Fetching data for ENEV3...
Fetching data for EGIE3...
Fetching data for EQTL3...
Fetching data for EZTC3...
Fetching data for FLRY3...
Fetching data for GGBR4...
Fetching data for GOAU4...
Fetching data for NTCO3...
Fetching data for HAPV3...
Fetching data for HYPE3...
Fetching data for IGTI11...
Fetching data for IRBR3...
Fetching data for ITSA4...
Fetching data for ITUB4...
Fetching data for JBSS3...
Fetching data for KLBN11...
Fetching data for RENT3...
Fetching data for LREN3...
Fetching data for LWSA3...
Fetching data for MGLU3...
Fetching data for MRFG3...
Fetching data for BEEF3...
Fetching data for MRVE3...
Fetching data for MULT3...
Fetching data for PCAR3...
Fetching data for PETR3...
Fetching data for PETR4...
Fetching data for RECV3...
Fetching data for PRIO3...
Fetching data for PETZ3...
Fetching data for RADL3...
Fetching data for RAIZ4...
Fetching data for RDOR3...
Fetching data for RAIL3...
Fetching data for SBSP3...
Fetching data for SANB11...
Fetching data for STBP3...
Fetching data for SMTO3...
Fetching data for CSNA3...
Fetching data for SLCE3...
Fetching data for SUZB3...
Fetching data for TAEE11...
Fetching data for VIVT3...
Fetching data for TIMS3...
Fetching data for TOTS3...
Fetching data for TRPL4...
Second table not found for TRPL4
Fetching data for UGPA3...
Fetching data for USIM5...
Fetching data for VALE3...
Fetching data for VAMO3...
Fetching data for VBBR3...
Fetching data for VIVA3...
Fetching data for WEGE3...
Fetching data for YDUQ3...
All data saved to /var/www/fullstack/backend/apps/fundamental/utils/all_historical_dy.json
Fetching data for ALOS3...
Fetching data for ALPA4...
Fetching data for ABEV3...
Fetching data for ASAI3...
Fetching data for AURE3...
Fetching data for AZUL4...
Second table not found for AZUL4
Fetching data for AZZA3...
Fetching data for B3SA3...
Fetching data for BBSE3...
Fetching data for BBDC3...
Fetching data for BBDC4...
Fetching data for BRAP4...
Fetching data for BBAS3...
Fetching data for BRKM5...
Fetching data for BRAV3...
Fetching data for BRFS3...
Fetching data for BPAC11...
Fetching data for CXSE3...
Fetching data for CRFB3...
Fetching data for CCRO3...
Fetching data for CMIG4...
Fetching data for COGN3...
Fetching data for CPLE6...
Fetching data for CSAN3...
Fetching data for CPFE3...
Fetching data for CMIN3...
Fetching data for CVCB3...
Fetching data for CYRE3...
Fetching data for ELET3...
Fetching data for ELET6...
Fetching data for EMBR3...
Fetching data for ENGI11...
Fetching data for ENEV3...
Fetching data for EGIE3...
Fetching data for EQTL3...
Fetching data for EZTC3...
Fetching data for FLRY3...
Fetching data for GGBR4...
Fetching data for GOAU4...
Fetching data for NTCO3...
Fetching data for HAPV3...
Fetching data for HYPE3...
Fetching data for IGTI11...
Fetching data for IRBR3...
Fetching data for ITSA4...
Fetching data for ITUB4...
Fetching data for JBSS3...
Fetching data for KLBN11...
Fetching data for RENT3...
Fetching data for LREN3...
Fetching data for LWSA3...
Fetching data for MGLU3...
Fetching data for MRFG3...
Fetching data for BEEF3...
Fetching data for MRVE3...
Fetching data for MULT3...
Fetching data for PCAR3...
Fetching data for PETR3...
Fetching data for PETR4...
Fetching data for RECV3...
Fetching data for PRIO3...
Fetching data for PETZ3...
Fetching data for RADL3...
Fetching data for RAIZ4...
Fetching data for RDOR3...
Fetching data for RAIL3...
Fetching data for SBSP3...
Fetching data for SANB11...
Fetching data for STBP3...
Fetching data for SMTO3...
Fetching data for CSNA3...
Fetching data for SLCE3...
Fetching data for SUZB3...
Fetching data for TAEE11...
Fetching data for VIVT3...
Fetching data for TIMS3...
Fetching data for TOTS3...
Fetching data for TRPL4...
Second table not found for TRPL4
Fetching data for UGPA3...
Fetching data for USIM5...
Fetching data for VALE3...
Fetching data for VAMO3...
Fetching data for VBBR3...
Fetching data for VIVA3...
Fetching data for WEGE3...
Fetching data for YDUQ3...
All data saved to /var/www/fullstack/backend/apps/fundamental/utils/all_historical_dy.json
Fetching data for ALOS3...
Fetching data for ALPA4...
Fetching data for ABEV3...
Fetching data for ASAI3...
Fetching data for AURE3...
Fetching data for AZUL4...
Second table not found for AZUL4
Fetching data for AZZA3...
Fetching data for B3SA3...
Fetching data for BBSE3...
Fetching data for BBDC3...
Fetching data for BBDC4...
Fetching data for BRAP4...
Fetching data for BBAS3...
Fetching data for BRKM5...
Fetching data for BRAV3...
Fetching data for BRFS3...
Fetching data for BPAC11...
Fetching data for CXSE3...
Fetching data for CRFB3...
Fetching data for CCRO3...
Fetching data for CMIG4...
Fetching data for COGN3...
Fetching data for CPLE6...
Fetching data for CSAN3...
Fetching data for CPFE3...
Fetching data for CMIN3...
Fetching data for CVCB3...
Fetching data for CYRE3...
Fetching data for ELET3...
Fetching data for ELET6...
Fetching data for EMBR3...
Fetching data for ENGI11...
Fetching data for ENEV3...
Fetching data for EGIE3...
Fetching data for EQTL3...
Fetching data for EZTC3...
Fetching data for FLRY3...
Fetching data for GGBR4...
Fetching data for GOAU4...
Fetching data for NTCO3...
Fetching data for HAPV3...
Fetching data for HYPE3...
Fetching data for IGTI11...
Fetching data for IRBR3...
Fetching data for ITSA4...
Fetching data for ITUB4...
Fetching data for JBSS3...
Fetching data for KLBN11...
Fetching data for RENT3...
Fetching data for LREN3...
Fetching data for LWSA3...
Fetching data for MGLU3...
Fetching data for MRFG3...
Fetching data for BEEF3...
Fetching data for MRVE3...
Fetching data for MULT3...
Fetching data for PCAR3...
Fetching data for PETR3...
Fetching data for PETR4...
Fetching data for RECV3...
Fetching data for PRIO3...
Fetching data for PETZ3...
Fetching data for RADL3...
Fetching data for RAIZ4...
Fetching data for RDOR3...
Fetching data for RAIL3...
Fetching data for SBSP3...
Fetching data for SANB11...
Fetching data for STBP3...
Fetching data for SMTO3...
Fetching data for CSNA3...
Fetching data for SLCE3...
Fetching data for SUZB3...
Fetching data for TAEE11...
Fetching data for VIVT3...
Fetching data for TIMS3...
Fetching data for TOTS3...
Fetching data for TRPL4...
Second table not found for TRPL4
Fetching data for UGPA3...
Fetching data for USIM5...
Fetching data for VALE3...
Fetching data for VAMO3...
Fetching data for VBBR3...
Fetching data for VIVA3...
Fetching data for WEGE3...
Fetching data for YDUQ3...
All data saved to /var/www/fullstack/backend/apps/fundamental/utils/all_historical_dy.json
Fetching data for ALOS3...
Fetching data for ALPA4...
Fetching data for ABEV3...
Fetching data for ASAI3...
Fetching data for AURE3...
Fetching data for AZUL4...
Second table not found for AZUL4
Fetching data for AZZA3...
Fetching data for B3SA3...
Fetching data for BBSE3...
Fetching data for BBDC3...
Fetching data for BBDC4...
Fetching data for BRAP4...
Fetching data for BBAS3...
Fetching data for BRKM5...
Fetching data for BRAV3...
Fetching data for BRFS3...
Fetching data for BPAC11...
Fetching data for CXSE3...
Fetching data for CRFB3...
Fetching data for CCRO3...
Fetching data for CMIG4...
Fetching data for COGN3...
Fetching data for CPLE6...
Fetching data for CSAN3...
Fetching data for CPFE3...
Fetching data for CMIN3...
Fetching data for CVCB3...
Fetching data for CYRE3...
Fetching data for ELET3...
Fetching data for ELET6...
Fetching data for EMBR3...
Fetching data for ENGI11...
Fetching data for ENEV3...
Fetching data for EGIE3...
Fetching data for EQTL3...
Fetching data for EZTC3...
Fetching data for FLRY3...
Fetching data for GGBR4...
Fetching data for GOAU4...
Fetching data for NTCO3...
Fetching data for HAPV3...
Fetching data for HYPE3...
Fetching data for IGTI11...
Fetching data for IRBR3...
Fetching data for ITSA4...
Fetching data for ITUB4...
Fetching data for JBSS3...
Fetching data for KLBN11...
Fetching data for RENT3...
Fetching data for LREN3...
Fetching data for LWSA3...
Fetching data for MGLU3...
Fetching data for MRFG3...
Fetching data for BEEF3...
Fetching data for MRVE3...
Fetching data for MULT3...
Fetching data for PCAR3...
Fetching data for PETR3...
Fetching data for PETR4...
Fetching data for RECV3...
Fetching data for PRIO3...
Fetching data for PETZ3...
Fetching data for RADL3...
Fetching data for RAIZ4...
Fetching data for RDOR3...
Fetching data for RAIL3...
Fetching data for SBSP3...
Fetching data for SANB11...
Fetching data for STBP3...
Fetching data for SMTO3...
Fetching data for CSNA3...
Fetching data for SLCE3...
Fetching data for SUZB3...
Fetching data for TAEE11...
Fetching data for VIVT3...
Fetching data for TIMS3...
Fetching data for TOTS3...
Fetching data for TRPL4...
Second table not found for TRPL4
Fetching data for UGPA3...
Fetching data for USIM5...
Fetching data for VALE3...
Fetching data for VAMO3...
Fetching data for VBBR3...
Fetching data for VIVA3...
Fetching data for WEGE3...
Fetching data for YDUQ3...
All data saved to /var/www/fullstack/backend/apps/fundamental/utils/all_historical_dy.json
Fetching data for ALOS3...
Fetching data for ALPA4...
Fetching data for ABEV3...
Fetching data for ASAI3...
Fetching data for AURE3...
Fetching data for AZUL4...
Second table not found for AZUL4
Fetching data for AZZA3...
Fetching data for B3SA3...
Fetching data for BBSE3...
Fetching data for BBDC3...
Fetching data for BBDC4...
Fetching data for BRAP4...
Fetching data for BBAS3...
Fetching data for BRKM5...
Fetching data for BRAV3...
Fetching data for BRFS3...
Fetching data for BPAC11...
Fetching data for CXSE3...
Fetching data for CRFB3...
Fetching data for CCRO3...
Fetching data for CMIG4...
Fetching data for COGN3...
Fetching data for CPLE6...
Fetching data for CSAN3...
Fetching data for CPFE3...
Fetching data for CMIN3...
Fetching data for CVCB3...
Fetching data for CYRE3...
Fetching data for ELET3...
Fetching data for ELET6...
Fetching data for EMBR3...
Fetching data for ENGI11...
Fetching data for ENEV3...
Fetching data for EGIE3...
Fetching data for EQTL3...
Fetching data for EZTC3...
Fetching data for FLRY3...
Fetching data for GGBR4...
Fetching data for GOAU4...
Fetching data for NTCO3...
Fetching data for HAPV3...
Fetching data for HYPE3...
Fetching data for IGTI11...
Fetching data for IRBR3...
Fetching data for ITSA4...
Fetching data for ITUB4...
Fetching data for JBSS3...
Fetching data for KLBN11...
Fetching data for RENT3...
Fetching data for LREN3...
Fetching data for LWSA3...
Fetching data for MGLU3...
Fetching data for MRFG3...
Fetching data for BEEF3...
Fetching data for MRVE3...
Fetching data for MULT3...
Fetching data for PCAR3...
Fetching data for PETR3...
Fetching data for PETR4...
Fetching data for RECV3...
Fetching data for PRIO3...
Fetching data for PETZ3...
Fetching data for RADL3...
Fetching data for RAIZ4...
Fetching data for RDOR3...
Fetching data for RAIL3...
Fetching data for SBSP3...
Fetching data for SANB11...
Fetching data for STBP3...
Fetching data for SMTO3...
Fetching data for CSNA3...
Fetching data for SLCE3...
Fetching data for SUZB3...
Fetching data for TAEE11...
Fetching data for VIVT3...
Fetching data for TIMS3...
Fetching data for TOTS3...
Fetching data for TRPL4...
Second table not found for TRPL4
Fetching data for UGPA3...
Fetching data for USIM5...
Fetching data for VALE3...
Fetching data for VAMO3...
Fetching data for VBBR3...
Fetching data for VIVA3...
Fetching data for WEGE3...
Fetching data for YDUQ3...
All data saved to /var/www/fullstack/backend/apps/fundamental/utils/all_historical_dy.json
Fetching data for ALOS3...
Fetching data for ALPA4...
Fetching data for ABEV3...
Fetching data for ASAI3...
Fetching data for AURE3...
Fetching data for AZUL4...
Second table not found for AZUL4
Fetching data for AZZA3...
Fetching data for B3SA3...
Fetching data for BBSE3...
Fetching data for BBDC3...
Fetching data for BBDC4...
Fetching data for BRAP4...
Fetching data for BBAS3...
Fetching data for BRKM5...
Fetching data for BRAV3...
Fetching data for BRFS3...
Fetching data for BPAC11...
Fetching data for CXSE3...
Fetching data for CRFB3...
Fetching data for CCRO3...
Fetching data for CMIG4...
Fetching data for COGN3...
Fetching data for CPLE6...
Fetching data for CSAN3...
Fetching data for CPFE3...
Fetching data for CMIN3...
Fetching data for CVCB3...
Fetching data for CYRE3...
Fetching data for ELET3...
Fetching data for ELET6...
Fetching data for EMBR3...
Fetching data for ENGI11...
Fetching data for ENEV3...
Fetching data for EGIE3...
Fetching data for EQTL3...
Fetching data for EZTC3...
Fetching data for FLRY3...
Fetching data for GGBR4...
Fetching data for GOAU4...
Fetching data for NTCO3...
Fetching data for HAPV3...
Fetching data for HYPE3...
Fetching data for IGTI11...
Fetching data for IRBR3...
Fetching data for ITSA4...
Fetching data for ITUB4...
Fetching data for JBSS3...
Fetching data for KLBN11...
Fetching data for RENT3...
Fetching data for LREN3...
Fetching data for LWSA3...
Fetching data for MGLU3...
Fetching data for MRFG3...
Fetching data for BEEF3...
Fetching data for MRVE3...
Fetching data for MULT3...
Fetching data for PCAR3...
Fetching data for PETR3...
Fetching data for PETR4...
Fetching data for RECV3...
Fetching data for PRIO3...
Fetching data for PETZ3...
Fetching data for RADL3...
Fetching data for RAIZ4...
Fetching data for RDOR3...
Fetching data for RAIL3...
Fetching data for SBSP3...
Fetching data for SANB11...
Fetching data for STBP3...
Fetching data for SMTO3...
Fetching data for CSNA3...
Fetching data for SLCE3...
Fetching data for SUZB3...
Fetching data for TAEE11...
Fetching data for VIVT3...
Fetching data for TIMS3...
Fetching data for TOTS3...
Fetching data for TRPL4...
Second table not found for TRPL4
Fetching data for UGPA3...
Fetching data for USIM5...
Fetching data for VALE3...
Fetching data for VAMO3...
Fetching data for VBBR3...
Fetching data for VIVA3...
Fetching data for WEGE3...
Fetching data for YDUQ3...
All data saved to /var/www/fullstack/backend/apps/fundamental/utils/all_historical_dy.json
Fetching data for ALOS3...
Fetching data for ALPA4...
Fetching data for ABEV3...
Fetching data for ASAI3...
Fetching data for AURE3...
Fetching data for AZUL4...
Second table not found for AZUL4
Fetching data for AZZA3...
Fetching data for B3SA3...
Fetching data for BBSE3...
Fetching data for BBDC3...
Fetching data for BBDC4...
Fetching data for BRAP4...
Fetching data for BBAS3...
Fetching data for BRKM5...
Fetching data for BRAV3...
Fetching data for BRFS3...
Fetching data for BPAC11...
Fetching data for CXSE3...
Fetching data for CRFB3...
Fetching data for CCRO3...
Fetching data for CMIG4...
Fetching data for COGN3...
Fetching data for CPLE6...
Fetching data for CSAN3...
Fetching data for CPFE3...
Fetching data for CMIN3...
Fetching data for CVCB3...
Fetching data for CYRE3...
Fetching data for ELET3...
Fetching data for ELET6...
Fetching data for EMBR3...
Fetching data for ENGI11...
Fetching data for ENEV3...
Fetching data for EGIE3...
Fetching data for EQTL3...
Fetching data for EZTC3...
Fetching data for FLRY3...
Fetching data for GGBR4...
Fetching data for GOAU4...
Fetching data for NTCO3...
Fetching data for HAPV3...
Fetching data for HYPE3...
Fetching data for IGTI11...
Fetching data for IRBR3...
Fetching data for ITSA4...
Fetching data for ITUB4...
Fetching data for JBSS3...
Fetching data for KLBN11...
Fetching data for RENT3...
Fetching data for LREN3...
Fetching data for LWSA3...
Fetching data for MGLU3...
Fetching data for MRFG3...
Fetching data for BEEF3...
Fetching data for MRVE3...
Fetching data for MULT3...
Fetching data for PCAR3...
Fetching data for PETR3...
Fetching data for PETR4...
Fetching data for RECV3...
Fetching data for PRIO3...
Fetching data for PETZ3...
Fetching data for RADL3...
Fetching data for RAIZ4...
Fetching data for RDOR3...
Fetching data for RAIL3...
Fetching data for SBSP3...
Fetching data for SANB11...
Fetching data for STBP3...
Fetching data for SMTO3...
Fetching data for CSNA3...
Fetching data for SLCE3...
Fetching data for SUZB3...
Fetching data for TAEE11...
Fetching data for VIVT3...
Fetching data for TIMS3...
Fetching data for TOTS3...
Fetching data for TRPL4...
Second table not found for TRPL4
Fetching data for UGPA3...
Fetching data for USIM5...
Fetching data for VALE3...
Fetching data for VAMO3...
Fetching data for VBBR3...
Fetching data for VIVA3...
Fetching data for WEGE3...
Fetching data for YDUQ3...
All data saved to /var/www/fullstack/backend/apps/fundamental/utils/all_historical_dy.json
