BOVA11 loaded successfully
HAPV3 loaded successfully
B3SA3 loaded successfully
ABEV3 loaded successfully
COGN3 loaded successfully
PETR4 loaded successfully
CVCB3 loaded successfully
BBDC4 loaded successfully
VALE3 loaded successfully
ITSA4 loaded successfully
MGLU3 loaded successfully
RAIL3 loaded successfully
CSAN3 loaded successfully
CPLE6 loaded successfully
AZUL4 loaded successfully
ITUB4 loaded successfully
BBAS3 loaded successfully
ASAI3 loaded successfully
LREN3 loaded successfully
RAIZ4 loaded successfully
USIM5 loaded successfully
GOLL4 loaded successfully
VBBR3 loaded successfully
PETR3 loaded successfully
WEGE3 loaded successfully
ANIM3 loaded successfully
BBDC3 loaded successfully
AMOB3 loaded successfully
CRFB3 loaded successfully
CSNA3 loaded successfully
EQTL3 loaded successfully
CMIG4 loaded successfully
ONCO3 loaded successfully
GGBR4 loaded successfully
TIMS3 loaded successfully
RADL3 loaded successfully
PCAR3 loaded successfully
RDOR3 loaded successfully
POMO4 loaded successfully
GOAU4 loaded successfully
RENT3 loaded successfully
CCRO3 loaded successfully
AURE3 loaded successfully
PETZ3 loaded successfully
MRVE3 loaded successfully
LWSA3 loaded successfully
BRAV3 loaded successfully
BEEF3 loaded successfully
MOVI3 loaded successfully
BRFS3 loaded successfully
RCSL3 loaded successfully
EMBR3 loaded successfully
JBSS3 loaded successfully
BHIA3 loaded successfully
BPAC11 loaded successfully
PRIO3 loaded successfully
UGPA3 loaded successfully
GFSA3 loaded successfully
VVEO3 loaded successfully
ENEV3 loaded successfully
ELET3 loaded successfully
CPLE3 loaded successfully
QUAL3 loaded successfully
SIMH3 loaded successfully
STBP3 loaded successfully
NTCO3 loaded successfully
MRFG3 loaded successfully
CBAV3 loaded successfully
MLAS3 loaded successfully
CEAB3 loaded successfully
CMIN3 loaded successfully
HYPE3 loaded successfully
GMAT3 loaded successfully
TOTS3 loaded successfully
VAMO3 loaded successfully
YDUQ3 loaded successfully
KLBN11 loaded successfully
BBSE3 loaded successfully
AZEV4 loaded successfully
EGIE3 loaded successfully
SUZB3 loaded successfully
BRKM5 loaded successfully
GGPS3 loaded successfully
ALPA4 loaded successfully
LJQQ3 loaded successfully
BRAP4 loaded successfully
CXSE3 loaded successfully
ALOS3 loaded successfully
PSSA3 loaded successfully
ECOR3 loaded successfully
FLRY3 loaded successfully
PLPL3 loaded successfully
CYRE3 loaded successfully
VIVT3 loaded successfully
TEND3 loaded successfully
JHSF3 loaded successfully
SBSP3 loaded successfully
IRBR3 loaded successfully
RCSL4 loaded successfully
ENGI11 loaded successfully
HBSA3 loaded successfully
IFCM3 loaded successfully
MULT3 loaded successfully
INTB3 loaded successfully
AGXY3 loaded successfully
ISAE4 loaded successfully
AMER3 loaded successfully
DXCO3 loaded successfully
PDGR3 loaded successfully
SMFT3 loaded successfully
SLCE3 loaded successfully
CPFE3 loaded successfully
EZTC3 loaded successfully
VIVA3 loaded successfully
IGTI11 loaded successfully
CURY3 loaded successfully
RECV3 loaded successfully
DIRR3 loaded successfully
AZZA3 loaded successfully
SRNA3 loaded successfully
TTEN3 loaded successfully
SAPR4 loaded successfully
SBFG3 loaded successfully
OIBR3 loaded successfully
RAPT4 loaded successfully
SANB11 loaded successfully
SEQL3 loaded successfully
ELET6 loaded successfully
EVEN3 loaded successfully
TAEE11 loaded successfully
BRSR6 loaded successfully
MDIA3 loaded successfully
CSMG3 loaded successfully
GRND3 loaded successfully
ODPV3 loaded successfully
LAVV3 loaded successfully
MYPK3 loaded successfully
SYNE3 loaded successfully
PGMN3 loaded successfully
SAPR11 loaded successfully
VULC3 loaded successfully
JALL3 loaded successfully
CAML3 loaded successfully
BPAN4 loaded successfully
ZAMP3 loaded successfully
GUAR3 loaded successfully
SMTO3 loaded successfully
KLBN4 loaded successfully
HBOR3 loaded successfully
KEPL3 loaded successfully
PORT3 loaded successfully
AZEV3 loaded successfully
RANI3 loaded successfully
CASH3 loaded successfully
NEOE3 loaded successfully
TUPY3 loaded successfully
MEAL3 loaded successfully
POSI3 loaded successfully
MILS3 loaded successfully
MATD3 loaded successfully
BMGB4 loaded successfully
WIZC3 loaded successfully
ABCB4 loaded successfully
ORVR3 loaded successfully
ITUB3 loaded successfully
ARML3 loaded successfully
FRAS3 loaded successfully
CLSA3 loaded successfully
PMAM3 loaded successfully
TRIS3 loaded successfully
SOJA3 loaded successfully
DASA3 loaded successfully
SEER3 loaded successfully
MTRE3 loaded successfully
AERI3 loaded successfully
FIQE3 loaded successfully
ALUP11 loaded successfully
HBRE3 loaded successfully
TECN3 loaded successfully
VTRU3 loaded successfully
LOGG3 loaded successfully
PTBL3 loaded successfully
JSLG3 loaded successfully
MDNE3 loaded successfully
FESA4 loaded successfully
PRNR3 loaded successfully
OPCT3 loaded successfully
AMAR3 loaded successfully
VITT3 loaded successfully
BRBI11 loaded successfully
PNVL3 loaded successfully
ENJU3 loaded successfully
TASA4 loaded successfully
MELK3 loaded successfully
LPSB3 loaded successfully
ELMD3 loaded successfully
BMOB3 loaded successfully
PDTC3 loaded successfully
TFCO4 loaded successfully
SHUL4 loaded successfully
DESK3 loaded successfully
BOBR4 loaded successfully
CSED3 loaded successfully
TCSA3 loaded successfully
LAND3 loaded successfully
LEVE3 loaded successfully
ESPA3 loaded successfully
KLBN3 loaded successfully
PFRM3 loaded successfully
AMBP3 loaded successfully
LIGT3 loaded successfully
UCAS3 loaded successfully
USIM3 loaded successfully
POMO3 loaded successfully
VLID3 loaded successfully
BLAU3 loaded successfully
SAPR3 loaded successfully
BRST3 loaded successfully
AGRO3 loaded successfully
TGMA3 loaded successfully
ROMI3 loaded successfully
UNIP6 loaded successfully
BIOM3 loaded successfully
TAEE4 loaded successfully
RSID3 loaded successfully
CMIG3 loaded successfully
ALPK3 loaded successfully
SHOW3 loaded successfully
ITSA3 loaded successfully
DEXP3 loaded successfully
BRAP3 loaded successfully
ETER3 loaded successfully
TAEE3 loaded successfully
LUPA3 loaded successfully
DMVF3 loaded successfully
SANB4 loaded successfully
SCAR3 loaded successfully
INEP3 loaded successfully
RNEW4 loaded successfully
IGTI3 loaded successfully
SANB3 loaded successfully
OIBR4 loaded successfully
PINE4 loaded successfully
LVTC3 loaded successfully
RNEW3 loaded successfully
GGBR3 loaded successfully
AALR3 loaded successfully
OFSA3 loaded successfully
JFEN3 loaded successfully
EUCA4 loaded successfully
NGRD3 loaded successfully
ALLD3 loaded successfully
WHRL4 loaded successfully
EALT4 loaded successfully
VIVR3 loaded successfully
MBLY3 loaded successfully
CSUD3 loaded successfully
KRSA3 loaded successfully
GOAU3 loaded successfully
BEES3 loaded successfully
RDNI3 loaded successfully
AMAR11 loaded successfully
FHER3 loaded successfully
TRAD3 loaded successfully
BMEB4 loaded successfully
NUTR3 loaded successfully
EQPA3 loaded successfully
CAMB3 loaded successfully
ATMP3 loaded successfully
LOGN3 loaded successfully
AVLL3 loaded successfully
RAPT3 loaded successfully
BRKM3 loaded successfully
ALUP4 loaded successfully
INEP4 loaded successfully
CEBR6 loaded successfully
TASA3 loaded successfully
ALPA3 loaded successfully
RPMG3 loaded successfully
ENGI4 loaded successfully
DOTZ3 loaded successfully
MNPR3 loaded successfully
ENGI3 loaded successfully
RPAD5 loaded successfully
EPAR3 loaded successfully
VSTE3 loaded successfully
TPIS3 loaded successfully
PTNT4 loaded successfully
BEES4 loaded successfully
HAGA3 loaded successfully
UNIP3 loaded successfully
ALUP3 loaded successfully
COCE5 loaded successfully
RSUL4 loaded successfully
RNEW11 loaded successfully
EMAE4 loaded successfully
ESTR4 loaded successfully
ISAE3 loaded successfully
BGIP4 loaded successfully
BRSR3 loaded successfully
RPAD3 loaded successfully
AZEV11 loaded successfully
BAZA3 loaded successfully
MNDL3 loaded successfully
OSXB3 loaded successfully
CGRA4 loaded successfully
NEXP3 loaded successfully
WEST3 loaded successfully
SNSY5 loaded successfully
CEBR3 loaded successfully
EALT3 loaded successfully
PEAB4 loaded successfully
MTSA4 loaded successfully
BMEB3 loaded successfully
404 Client Error: Not Found for url: https://query2.finance.yahoo.com/v10/finance/quoteSummary/DASA11.SA?modules=financialData%2CquoteType%2CdefaultKeyStatistics%2CassetProfile%2CsummaryDetail&corsDomain=finance.yahoo.com&formatted=false&symbol=DASA11.SA&crumb=yXP7KIykBgo
GEPA4 loaded successfully
CRPG6 loaded successfully
CEBR5 loaded successfully
BPAC3 loaded successfully
TELB3 loaded successfully
WLMM4 loaded successfully
REDE3 loaded successfully
WHRL3 loaded successfully
CTSA3 loaded successfully
EKTR4 loaded successfully
CPLE5 loaded successfully
CTSA4 loaded successfully
CGAS3 loaded successfully
ENMT3 loaded successfully
ELET5 loaded successfully
CRPG5 loaded successfully
BRSR5 loaded successfully
BPAC5 loaded successfully
PINE3 loaded successfully
PPLA11 loaded successfully
CGAS5 loaded successfully
BNBR3 loaded successfully
CLSC4 loaded successfully
MRSA3B loaded successfully
CGRA3 loaded successfully
CTKA4 loaded successfully
FESA3 loaded successfully
MGEL4 loaded successfully
AFLT3 loaded successfully
DOHL3 loaded successfully
HAGA4 loaded successfully
RPAD6 loaded successfully
TELB4 loaded successfully
EQMA3B loaded successfully
DEXP4 loaded successfully
CEEB3 loaded successfully
DOHL4 loaded successfully
FRIO3 loaded successfully
TKNO4 loaded successfully
EUCA3 loaded successfully
BALM4 loaded successfully
PSVM11 loaded successfully
UNIP5 loaded successfully
SOND5 loaded successfully
MRSA6B loaded successfully
CEDO4 loaded successfully
BMIN4 loaded successfully
PLAS3 loaded successfully
AHEB3 loaded successfully
PATI4 loaded successfully
GEPA3 loaded successfully
MWET4 loaded successfully
BSLI3 loaded successfully
MAPT3 loaded successfully
HOOT4 loaded successfully
BIOM11 loaded successfully
BMKS3 loaded successfully
PTNT3 loaded successfully
BSLI4 loaded successfully
BDLL3 loaded successfully
GPAR3 loaded successfully
BGIP3 loaded successfully
BMIN3 loaded successfully
HETA4 loaded successfully
MAPT4 loaded successfully
FIEI3 loaded successfully
HBTS5 loaded successfully
PATI3 loaded successfully
EQPA5 loaded successfully
GSHP3 loaded successfully
WLMM3 loaded successfully
LIPR3 loaded successfully
CLSC3 loaded successfully
AHEB6 loaded successfully
BRKM6 loaded successfully
NORD3 loaded successfully
TEKA4 loaded successfully
EMAE3 loaded successfully
BALM3 loaded successfully
Error retrieving fundamental data summary for DASA11.SA: 'NoneType' object has no attribute 'update'
DASA11 loaded successfully
MWET3 loaded successfully
ENMT4 loaded successfully
BAUH4 loaded successfully
PEAB3 loaded successfully
CEDO3 loaded successfully
BDLL4 loaded successfully
IGTI4 loaded successfully
IGTI4 loaded successfully
All fundamental data summaries saved to all_BR_recommendations.json
