NVDA loaded successfully
AAPL loaded successfully
MSFT loaded successfully
GOOG loaded successfully
AMZN loaded successfully
GOOGL loaded successfully
META loaded successfully
TSLA loaded successfully
AVGO loaded successfully
COST loaded successfully
NFLX loaded successfully
ASML loaded successfully
TMUS loaded successfully
CSCO loaded successfully
ISRG loaded successfully
AZN loaded successfully
LIN loaded successfully
PEP loaded successfully
AMD loaded successfully
ADBE loaded successfully
QCOM loaded successfully
TXN loaded successfully
INTU loaded successfully
PLTR loaded successfully
ARM loaded successfully
AMAT loaded successfully
BKNG loaded successfully
AMGN loaded successfully
HON loaded successfully
PDD loaded successfully
CMCSA loaded successfully
SNY loaded successfully
MU loaded successfully
ADP loaded successfully
PANW loaded successfully
GILD loaded successfully
APP loaded successfully
SBUX loaded successfully
VRTX loaded successfully
ADI loaded successfully
MRVL loaded successfully
LRCX loaded successfully
KLAC loaded successfully
CEG loaded successfully
MSTR loaded successfully
INTC loaded successfully
MELI loaded successfully
CRWD loaded successfully
EQIX loaded successfully
PYPL loaded successfully
CDNS loaded successfully
CME loaded successfully
ABNB loaded successfully
SNPS loaded successfully
CTAS loaded successfully
MAR loaded successfully
MDLZ loaded successfully
FTNT loaded successfully
REGN loaded successfully
DASH loaded successfully
COIN loaded successfully
ORLY loaded successfully
TEAM loaded successfully
WDAY loaded successfully
NTES loaded successfully
CSX loaded successfully
ADSK loaded successfully
TTD loaded successfully
PCAR loaded successfully
ROP loaded successfully
CHTR loaded successfully
JD loaded successfully
CPRT loaded successfully
NXPI loaded successfully
PAYX loaded successfully
AEP loaded successfully
FANG loaded successfully
ROST loaded successfully
MNST loaded successfully
DDOG loaded successfully
BKR loaded successfully
AXON loaded successfully
NDAQ loaded successfully
LULU loaded successfully
TCOM loaded successfully
HOOD loaded successfully
FAST loaded successfully
KDP loaded successfully
ODFL loaded successfully
EXC loaded successfully
GEHC loaded successfully
VRSK loaded successfully
ARGX loaded successfully
CTSH loaded successfully
XEL loaded successfully
EA loaded successfully
UAL loaded successfully
CCEP loaded successfully
KHC loaded successfully
ACGL loaded successfully
IDXX loaded successfully
ALNY loaded successfully
DXCM loaded successfully
TTWO loaded successfully
WTW loaded successfully
MCHP loaded successfully
FER loaded successfully
FCNCA loaded successfully
MPWR loaded successfully
EBAY loaded successfully
FCNCO loaded successfully
ANSS loaded successfully
CSGP loaded successfully
TSCO loaded successfully
TW loaded successfully
FITB loaded successfully
ZS loaded successfully
BIDU loaded successfully
ERIC loaded successfully
BNTX loaded successfully
LPLA loaded successfully
CDW loaded successfully
TROW loaded successfully
NTAP loaded successfully
TPG loaded successfully
HBAN loaded successfully
EXE loaded successfully
ZM loaded successfully
WBD loaded successfully
LI loaded successfully
ON loaded successfully
GFS loaded successfully
WDC loaded successfully
ONC loaded successfully
EXPE loaded successfully
FWONK loaded successfully
PTC loaded successfully
ILMN loaded successfully
FWONA loaded successfully
NTRA loaded successfully
SBAC loaded successfully
CINF loaded successfully
FOXA loaded successfully
VOD loaded successfully
ZBRA loaded successfully
TER loaded successfully
RYAAY loaded successfully
STX loaded successfully
NTRS loaded successfully
FOX loaded successfully
CHKP loaded successfully
IBKR loaded successfully
BIIB loaded successfully
DKNG loaded successfully
VRSN loaded successfully
CG loaded successfully
ERIE loaded successfully
SSNC loaded successfully
ALAB loaded successfully
FSLR loaded successfully
SYM loaded successfully
ULTA loaded successfully
SOFI loaded successfully
PODD loaded successfully
MDB loaded successfully
COO loaded successfully
SMCI loaded successfully
STLD loaded successfully
PFG loaded successfully
TRMB loaded successfully
GRAB loaded successfully
DOCU loaded successfully
KSPI loaded successfully
Z loaded successfully
RPRX loaded successfully
AFRM loaded successfully
JBHT loaded successfully
NTNX loaded successfully
CYBR loaded successfully
ZG loaded successfully
MANH loaded successfully
FLEX loaded successfully
ALGN loaded successfully
ICLR loaded successfully
GEN loaded successfully
UTHR loaded successfully
NWS loaded successfully
SMMT loaded successfully
AZPN loaded successfully
ENTG loaded successfully
HOLX loaded successfully
DLTR loaded successfully
NWSA loaded successfully
FFIV loaded successfully
LNT loaded successfully
RKLB loaded successfully
WMG loaded successfully
OKTA loaded successfully
DPZ loaded successfully
LINE loaded successfully
ARCC loaded successfully
SWKS loaded successfully
CASY loaded successfully
DUOL loaded successfully
NBIX loaded successfully
SFM loaded successfully
EVRG loaded successfully
BSY loaded successfully
PAA loaded successfully
EWBC loaded successfully
AKAM loaded successfully
MORN loaded successfully
INCY loaded successfully
GLPI loaded successfully
MRNA loaded successfully
ESLT loaded successfully
INSM loaded successfully
POOL loaded successfully
CRDO loaded successfully
GMAB loaded successfully
RIVN loaded successfully
VTRS loaded successfully
MBLY loaded successfully
ITCI loaded successfully
SAIA loaded successfully
WIX loaded successfully
LOGI loaded successfully
REG loaded successfully
LAMR loaded successfully
JKHY loaded successfully
FUTU loaded successfully
NDSN loaded successfully
TECH loaded successfully
AUR loaded successfully
CHRW loaded successfully
MNDY loaded successfully
AAL loaded successfully
TXRH loaded successfully
HST loaded successfully
CART loaded successfully
BMRN loaded successfully
COKE loaded successfully
GGAL loaded successfully
CPB loaded successfully
ROKU loaded successfully
WWD loaded successfully
NEUP loaded successfully
TTEK loaded successfully
LECO loaded successfully
TLN loaded successfully
SRPT loaded successfully
MTSI loaded successfully
PCTY loaded successfully
LBRDK loaded successfully
PCVX loaded successfully
LBRDA loaded successfully
MMYT loaded successfully
SEIC loaded successfully
MEDP loaded successfully
AAON loaded successfully
GTLB loaded successfully
PPC loaded successfully
NICE loaded successfully
EXEL loaded successfully
LKQ loaded successfully
DSGX loaded successfully
HTHT loaded successfully
EXAS loaded successfully
MRNO loaded successfully
WBA loaded successfully
DRS loaded successfully
DOX loaded successfully
DBX loaded successfully
GLBE loaded successfully
VFS loaded successfully
VNOM loaded successfully
MASI loaded successfully
ALTR loaded successfully
RGEN loaded successfully
WYNN loaded successfully
APPF loaded successfully
CHDN loaded successfully
RGLD loaded successfully
HSIC loaded successfully
PNFP loaded successfully
BRKR loaded successfully
WTFC loaded successfully
HQY loaded successfully
PEGA loaded successfully
CFLT loaded successfully
FYBR loaded successfully
VERX loaded successfully
NBIS loaded successfully
CBSH loaded successfully
HLNE loaded successfully
APA loaded successfully
TTAN loaded successfully
ZION loaded successfully
AGNC loaded successfully
LCID loaded successfully
FTAI loaded successfully
ENPH loaded successfully
MKTX loaded successfully
QRVO loaded successfully
FSV loaded successfully
MKSI loaded successfully
MTCH loaded successfully
ROIV loaded successfully
WING loaded successfully
FRHC loaded successfully
LSCC loaded successfully
HAS loaded successfully
EXLS loaded successfully
SATS loaded successfully
ENSG loaded successfully
LNW loaded successfully
ASND loaded successfully
MIDD loaded successfully
DJT loaded successfully
STEP loaded successfully
CHRD loaded successfully
FRPT loaded successfully
ONB loaded successfully
SIRI loaded successfully
NVMI loaded successfully
TEM loaded successfully
PARAA loaded successfully
OTEX loaded successfully
RVMD loaded successfully
CCCS loaded successfully
SPSC loaded successfully
JAZZ loaded successfully
BOKF loaded successfully
CZR loaded successfully
OS loaded successfully
BPOP loaded successfully
UFPI loaded successfully
BECN loaded successfully
CVLT loaded successfully
WSC loaded successfully
OLED loaded successfully
HALO loaded successfully
BPMC loaded successfully
BILI loaded successfully
CIGI loaded successfully
CGNX loaded successfully
CWST loaded successfully
HCP loaded successfully
PARA loaded successfully
OLLI loaded successfully
BBIO loaded successfully
RMBS loaded successfully
MDGL loaded successfully
LITE loaded successfully
ASTS loaded successfully
CSWI loaded successfully
SMTC loaded successfully
LLYVK loaded successfully
AMKR loaded successfully
COOP loaded successfully
LLYVA loaded successfully
WAY loaded successfully
LNTH loaded successfully
GNTX loaded successfully
CORT loaded successfully
LEGN loaded successfully
BZ loaded successfully
CELH loaded successfully
MARA loaded successfully
LSTR loaded successfully
NXT loaded successfully
XP loaded successfully
SOUN loaded successfully
MMSI loaded successfully
SLM loaded successfully
SRAD loaded successfully
MAT loaded successfully
QFIN loaded successfully
COLB loaded successfully
STRL loaded successfully
CROX loaded successfully
CACC loaded successfully
TSEM loaded successfully
CHX loaded successfully
SITM loaded successfully
UMBF loaded successfully
LFUS loaded successfully
SAIC loaded successfully
ETSY loaded successfully
UPST loaded successfully
SIGI loaded successfully
REYN loaded successfully
GRFS loaded successfully
VIRT loaded successfully
OZK loaded successfully
ACIW loaded successfully
CRVL loaded successfully
LYFT loaded successfully
CALM loaded successfully
URBN loaded successfully
GH loaded successfully
NUVL loaded successfully
TLX loaded successfully
IESC loaded successfully
VLY loaded successfully
NSIT loaded successfully
NOVT loaded successfully
INTA loaded successfully
CYTK loaded successfully
FFIN loaded successfully
CRUS loaded successfully
WFRD loaded successfully
KTOS loaded successfully
BCPC loaded successfully
FRSH loaded successfully
FIVE loaded successfully
HWC loaded successfully
UBSI loaded successfully
ROAD loaded successfully
IONS loaded successfully
VRNS loaded successfully
QLYS loaded successfully
PAGP loaded successfully
ACT loaded successfully
FCFS loaded successfully
CLBT loaded successfully
OPCH loaded successfully
RRR loaded successfully
COLM loaded successfully
AVAV loaded successfully
PECO loaded successfully
TENB loaded successfully
LOPE loaded successfully
ALKS loaded successfully
CAMT loaded successfully
BWIN loaded successfully
LANC loaded successfully
ITRI loaded successfully
AEIS loaded successfully
IEP loaded successfully
RUSHA loaded successfully
ESGR loaded successfully
EXPO loaded successfully
NXST loaded successfully
AVT loaded successfully
RUSHB loaded successfully
NARI loaded successfully
BRZE loaded successfully
AXSM loaded successfully
TIGO loaded successfully
PONY loaded successfully
SKYW loaded successfully
PLXS loaded successfully
FELE loaded successfully
ALGM loaded successfully
IPAR loaded successfully
RELY loaded successfully
BGC loaded successfully
SANM loaded successfully
FTDR loaded successfully
SNRE loaded successfully
RDNT loaded successfully
GDS loaded successfully
SLAB loaded successfully
VCTR loaded successfully
VRNA loaded successfully
EEFT loaded successfully
KRYS loaded successfully
IDCC loaded successfully
GLNG loaded successfully
VRRM loaded successfully
TGTX loaded successfully
CORZ loaded successfully
NWL loaded successfully
LBTYB loaded successfully
LBTYK loaded successfully
RIOT loaded successfully
SRRK loaded successfully
NFE loaded successfully
LBTYA loaded successfully
IBOC loaded successfully
ACHC loaded successfully
GBDC loaded successfully
ICUI loaded successfully
BANF loaded successfully
SBRA loaded successfully
ALVO loaded successfully
FIZZ loaded successfully
CARG loaded successfully
PYCR loaded successfully
DORM loaded successfully
GSHD loaded successfully
PI loaded successfully
DOOO loaded successfully
RGTI loaded successfully
CVCO loaded successfully
BLKB loaded successfully
ASO loaded successfully
NCNO loaded successfully
FULT loaded successfully
BL loaded successfully
ADMA loaded successfully
RARE loaded successfully
FROG loaded successfully
PRCT loaded successfully
SHC loaded successfully
TCBI loaded successfully
XRAY loaded successfully
APLS loaded successfully
ACVA loaded successfully
OMAB loaded successfully
PAYO loaded successfully
RNA loaded successfully
VKTX loaded successfully
RUM loaded successfully
IAC loaded successfully
SMPL loaded successfully
ARLP loaded successfully
ATAT loaded successfully
BTSG loaded successfully
PTEN loaded successfully
ACLX loaded successfully
POWI loaded successfully
CRNX loaded successfully
ALKT loaded successfully
EBC loaded successfully
CRSP loaded successfully
RYTM loaded successfully
WRD loaded successfully
TFSL loaded successfully
CCOI loaded successfully
PTCT loaded successfully
POWL loaded successfully
AGYS loaded successfully
SNEX loaded successfully
CATY loaded successfully
IMVT loaded successfully
LUNR loaded successfully
AMBA loaded successfully
ZI loaded successfully
MEOH loaded successfully
FIBK loaded successfully
MGEE loaded successfully
IRTC loaded successfully
USLM loaded successfully
PCH loaded successfully
FHB loaded successfully
VCYT loaded successfully
NWE loaded successfully
LIF loaded successfully
OTTR loaded successfully
SYNA loaded successfully
DLO loaded successfully
NMRK loaded successfully
IRDM loaded successfully
IPGP loaded successfully
FORM loaded successfully
DNLI loaded successfully
HEES loaded successfully
AVPT loaded successfully
FA loaded successfully
CNXC loaded successfully
VEON loaded successfully
WSFS loaded successfully
PTON loaded successfully
CLSK loaded successfully
BTDR loaded successfully
PATK loaded successfully
PTVE loaded successfully
CAR loaded successfully
WDFC loaded successfully
PENN loaded successfully
ALRM loaded successfully
LFST loaded successfully
BHF loaded successfully
SHOO loaded successfully
AMED loaded successfully
TWST loaded successfully
NMIH loaded successfully
MGRC loaded successfully
ACAD loaded successfully
FIVN loaded successfully
XENE loaded successfully
QDEL loaded successfully
VCEL loaded successfully
DIOD loaded successfully
NVCR loaded successfully
IOSP loaded successfully
PLMR loaded successfully
INDB loaded successfully
CVBF loaded successfully
MLTX loaded successfully
WEN loaded successfully
OSIS loaded successfully
SFNC loaded successfully
Error retrieving Recomendations data summary for HTLF: list index out of range
HTLF loaded successfully
FOLD loaded successfully
KYMR loaded successfully
LAUR loaded successfully
ZLAB loaded successfully
HUBG loaded successfully
ALHC loaded successfully
JJSF loaded successfully
JBLU loaded successfully
CPRX loaded successfully
PDCO loaded successfully
PRVA loaded successfully
PRGS loaded successfully
MRUS loaded successfully
RXRX loaded successfully
PSMT loaded successfully
SWTX loaded successfully
FFBC loaded successfully
TBBK loaded successfully
LIVN loaded successfully
AMRX loaded successfully
CAKE loaded successfully
DRVN loaded successfully
GT loaded successfully
TTMI loaded successfully
PLTK loaded successfully
FLNC loaded successfully
MRCY loaded successfully
EWTX loaded successfully
SGRY loaded successfully
ODD loaded successfully
KLIC loaded successfully
TOWN loaded successfully
VICR loaded successfully
NEOG loaded successfully
NAMS loaded successfully
MRX loaded successfully
GCMG loaded successfully
STNE loaded successfully
ICFI loaded successfully
RPD loaded successfully
MYRG loaded successfully
AZTA loaded successfully
ARWR loaded successfully
RNW loaded successfully
HUT loaded successfully
ADUS loaded successfully
BANR loaded successfully
WAFD loaded successfully
APPN loaded successfully
HWKN loaded successfully
CENT loaded successfully
FLYW loaded successfully
BATRA loaded successfully
VC loaded successfully
HCM loaded successfully
YY loaded successfully
FRME loaded successfully
PPBI loaded successfully
ZD loaded successfully
BATRK loaded successfully
STRA loaded successfully
404 Client Error: Not Found for url: https://query2.finance.yahoo.com/v10/finance/quoteSummary/IMKT.A?modules=financialData%2CquoteType%2CdefaultKeyStatistics%2CassetProfile%2CsummaryDetail&corsDomain=finance.yahoo.com&formatted=false&symbol=IMKT.A&crumb=ZDP4r5uTYLX
JANX loaded successfully
NEXT loaded successfully
IBRX loaded successfully
MLCO loaded successfully
ARCB loaded successfully
Error retrieving Recomendations data summary for ROIC: list index out of range
ROIC loaded successfully
MCW loaded successfully
PWP loaded successfully
ACLS loaded successfully
PSNY loaded successfully
WB loaded successfully
TNDM loaded successfully
IREN loaded successfully
VIAV loaded successfully
HRMY loaded successfully
EXTR loaded successfully
MIRM loaded successfully
SBCF loaded successfully
WERN loaded successfully
NBTB loaded successfully
CGON loaded successfully
WULF loaded successfully
MESO loaded successfully
PTGX loaded successfully
APGE loaded successfully
LMAT loaded successfully
LGND loaded successfully
TRIP loaded successfully
MGNI loaded successfully
KC loaded successfully
CHEF loaded successfully
PLUS loaded successfully
LGIH loaded successfully
SYBT loaded successfully
CNTA loaded successfully
TRMK loaded successfully
LOT loaded successfully
ENVX loaded successfully
AVDX loaded successfully
UPWK loaded successfully
VSEC loaded successfully
WSBC loaded successfully
EFSC loaded successfully
VERA loaded successfully
SUPN loaded successfully
TFIN loaded successfully
CENTA loaded successfully
CLOV loaded successfully
PINC loaded successfully
SLNO loaded successfully
COCO loaded successfully
UFPT loaded successfully
HURN loaded successfully
MXL loaded successfully
OSW loaded successfully
APLD loaded successfully
CRTO loaded successfully
INTR loaded successfully
ENLT loaded successfully
RUN loaded successfully
GTX loaded successfully
WGS loaded successfully
CERT loaded successfully
HSAI loaded successfully
HLMN loaded successfully
TRUP loaded successfully
PLUG loaded successfully
IDYA loaded successfully
LION loaded successfully
OMCL loaded successfully
TXG loaded successfully
BEAM loaded successfully
IART loaded successfully
ATRC loaded successfully
VITL loaded successfully
ULCC loaded successfully
PSEC loaded successfully
EVCM loaded successfully
ROCK loaded successfully
TMDX loaded successfully
CNXN loaded successfully
TRMD loaded successfully
IQ loaded successfully
SPT loaded successfully
CENX loaded successfully
AGIO loaded successfully
CASH loaded successfully
CMPR loaded successfully
CIFR loaded successfully
ALGT loaded successfully
JAMF loaded successfully
MQ loaded successfully
HPK loaded successfully
FBNC loaded successfully
PRDO loaded successfully
PGNY loaded successfully
ASTH loaded successfully
NEO loaded successfully
NN loaded successfully
MBIN loaded successfully
GDRX loaded successfully
PAX loaded successfully
IRON loaded successfully
BLTE loaded successfully
IOVA loaded successfully
GERN loaded successfully
AKRO loaded successfully
TARS loaded successfully
GOGL loaded successfully
SIMO loaded successfully
SKWD loaded successfully
STGW loaded successfully
CHCO loaded successfully
SONO loaded successfully
EXPI loaded successfully
UCTT loaded successfully
LKFN loaded successfully
GDYN loaded successfully
AMPH loaded successfully
SBLK loaded successfully
TWFG loaded successfully
TVTX loaded successfully
WVE loaded successfully
XMTR loaded successfully
NWBI loaded successfully
WBTN loaded successfully
CLBK loaded successfully
VNET loaded successfully
FTRE loaded successfully
HIMX loaded successfully
DVAX loaded successfully
MNKD loaded successfully
PCT loaded successfully
ARHS loaded successfully
IAS loaded successfully
ATEC loaded successfully
UPBD loaded successfully
MTTR loaded successfully
CLDX loaded successfully
DSGR loaded successfully
GPCR loaded successfully
OPRA loaded successfully
NTCT loaded successfully
DXPE loaded successfully
SJW loaded successfully
HDL loaded successfully
SSRM loaded successfully
BCRX loaded successfully
DMLP loaded successfully
GLPG loaded successfully
INFN loaded successfully
SDGR loaded successfully
GO loaded successfully
SASR loaded successfully
VECO loaded successfully
MCRI loaded successfully
VRNT loaded successfully
NAVI loaded successfully
ARQT loaded successfully
PLAB loaded successfully
INDV loaded successfully
VSAT loaded successfully
TASK loaded successfully
PLYA loaded successfully
MLKN loaded successfully
PRAX loaded successfully
CSGS loaded successfully
IMCR loaded successfully
AAOI loaded successfully
HELE loaded successfully
ANDE loaded successfully
QUBT loaded successfully
DYN loaded successfully
HOPE loaded successfully
DNUT loaded successfully
VBTX loaded successfully
VRDN loaded successfully
EVO loaded successfully
HLIT loaded successfully
ADEA loaded successfully
UNIT loaded successfully
ACDC loaded successfully
ATSG loaded successfully
AMPL loaded successfully
KRNT loaded successfully
TILE loaded successfully
STBA loaded successfully
SPNS loaded successfully
INMD loaded successfully
VIR loaded successfully
XNCR loaded successfully
TCBK loaded successfully
SRCE loaded successfully
CMPO loaded successfully
AFYA loaded successfully
LZ loaded successfully
NVAX loaded successfully
DCOM loaded successfully
WABC loaded successfully
WINA loaded successfully
KARO loaded successfully
FORTY loaded successfully
NRIX loaded successfully
AHCO loaded successfully
CBRL loaded successfully
CLMT loaded successfully
GIII loaded successfully
QCRH loaded successfully
LILA loaded successfully
KNSA loaded successfully
LILAK loaded successfully
BLBD loaded successfully
RBCAA loaded successfully
MDXG loaded successfully
MRTN loaded successfully
MRVI loaded successfully
BUSE loaded successfully
SPRY loaded successfully
SABR loaded successfully
SYRE loaded successfully
OCSL loaded successfully
DSP loaded successfully
NSSC loaded successfully
MFIC loaded successfully
SEZL loaded successfully
QNST loaded successfully
HROW loaded successfully
SGML loaded successfully
WLFC loaded successfully
DCBO loaded successfully
TTGT loaded successfully
ARVN loaded successfully
BLFS loaded successfully
OCUL loaded successfully
CCB loaded successfully
NYAX loaded successfully
APOG loaded successfully
THRM loaded successfully
CRAI loaded successfully
EOSE loaded successfully
RXST loaded successfully
MOMO loaded successfully
AMWD loaded successfully
SCSC loaded successfully
CRCT loaded successfully
NVEE loaded successfully
DAWN loaded successfully
AOSL loaded successfully
NMFC loaded successfully
FOXF loaded successfully
IMKTA loaded successfully
Error retrieving Recomendations data summary for IMKT.A: 'NoneType' object has no attribute 'update'
IMKT.A loaded successfully
TBLA loaded successfully
HTZ loaded successfully
CDNA loaded successfully
PZZA loaded successfully
COMM loaded successfully
TIGR loaded successfully
PLSE loaded successfully
XPEL loaded successfully
ROOT loaded successfully
CNCK loaded successfully
BMBL loaded successfully
DGII loaded successfully
SAFT loaded successfully
XRX loaded successfully
GABC loaded successfully
NNE loaded successfully
INVA loaded successfully
ECPG loaded successfully
SNDX loaded successfully
ULH loaded successfully
PFBC loaded successfully
ACMR loaded successfully
ARDX loaded successfully
DAVE loaded successfully
COHU loaded successfully
KALU loaded successfully
LQDA loaded successfully
BBSI loaded successfully
FWRG loaded successfully
MYGN loaded successfully
UDMY loaded successfully
ANIP loaded successfully
AMSC loaded successfully
STAA loaded successfully
AMAL loaded successfully
GOGO loaded successfully
LMB loaded successfully
OCFC loaded successfully
FSUN loaded successfully
BELFA loaded successfully
INOD loaded successfully
LQDT loaded successfully
AUPH loaded successfully
PDFS loaded successfully
ADPT loaded successfully
TLRY loaded successfully
PENG loaded successfully
PEBO loaded successfully
REAL loaded successfully
IGIC loaded successfully
EMBC loaded successfully
BRKL loaded successfully
CSWC loaded successfully
CMCO loaded successfully
LX loaded successfully
CECO loaded successfully
ELVN loaded successfully
COLL loaded successfully
WOOF loaded successfully
RCKT loaded successfully
PCRX loaded successfully
NRDS loaded successfully
VMEO loaded successfully
CCEC loaded successfully
BELFB loaded successfully
OLPX loaded successfully
JBSS loaded successfully
PHVS loaded successfully
ARRY loaded successfully
ICHR loaded successfully
HEPS loaded successfully
BLMN loaded successfully
PLAY loaded successfully
TRS loaded successfully
NTLA loaded successfully
OPK loaded successfully
FWRD loaded successfully
EVGO loaded successfully
BFC loaded successfully
OPEN loaded successfully
TH loaded successfully
ESTA loaded successfully
EH loaded successfully
ZYME loaded successfully
CTBI loaded successfully
SEAT loaded successfully
AMSF loaded successfully
SDA loaded successfully
HSTM loaded successfully
RDFN loaded successfully
MATW loaded successfully
SBGI loaded successfully
TRNS loaded successfully
PNTG loaded successfully
AVAH loaded successfully
KRUS loaded successfully
OCS loaded successfully
HSII loaded successfully
GYRE loaded successfully
BHRB loaded successfully
BCYC loaded successfully
CGBD loaded successfully
ANGI loaded successfully
CVAC loaded successfully
RDWR loaded successfully
SLRC loaded successfully
CRSR loaded successfully
MSEX loaded successfully
GDEN loaded successfully
REPL loaded successfully
REAX loaded successfully
COGT loaded successfully
ABCL loaded successfully
PFC loaded successfully
EYE loaded successfully
NESR loaded successfully
DMRC loaded successfully
HTLD loaded successfully
CNOB loaded successfully
FUFU loaded successfully
FMBH loaded successfully
ASTL loaded successfully
PTLO loaded successfully
INDI loaded successfully
SNCY loaded successfully
AVO loaded successfully
STKL loaded successfully
UVSP loaded successfully
ERII loaded successfully
BASE loaded successfully
PAHC loaded successfully
TRIN loaded successfully
ATLC loaded successfully
HCSG loaded successfully
IPX loaded successfully
PPTA loaded successfully
CRESY loaded successfully
EOLS loaded successfully
SERV loaded successfully
AVBP loaded successfully
UXIN loaded successfully
GCT loaded successfully
HFWA loaded successfully
PRAA loaded successfully
HCKT loaded successfully
ADV loaded successfully
TYRA loaded successfully
GLDD loaded successfully
OSBC loaded successfully
NBN loaded successfully
BGM loaded successfully
AVXL loaded successfully
AXGN loaded successfully
AIOT loaded successfully
SCVL loaded successfully
SEPN loaded successfully
PSIX loaded successfully
ADTN loaded successfully
CBLL loaded successfully
MCBS loaded successfully
IIIV loaded successfully
CEVA loaded successfully
BJRI loaded successfully
ADSE loaded successfully
ASTE loaded successfully
Error retrieving Recomendations data summary for CDMO: list index out of range
CDMO loaded successfully
MLAB loaded successfully
DAKT loaded successfully
SEDG loaded successfully
NTGR loaded successfully
SWIM loaded successfully
MGPI loaded successfully
BITF loaded successfully
RLAY loaded successfully
ETNB loaded successfully
SHLS loaded successfully
BFST loaded successfully
BZAI loaded successfully
TCPC loaded successfully
FCBC loaded successfully
ANNA loaded successfully
IRMD loaded successfully
FIP loaded successfully
AVDL loaded successfully
ARKO loaded successfully
PRTA loaded successfully
EGBN loaded successfully
CRMD loaded successfully
NBBK loaded successfully
CTKB loaded successfully
CAC loaded successfully
GSM loaded successfully
MBWM loaded successfully
CFB loaded successfully
TIPT loaded successfully
Error retrieving Recomendations data summary for SCWX: list index out of range
SCWX loaded successfully
CSTL loaded successfully
FDUS loaded successfully
CFFN loaded successfully
IBCP loaded successfully
CRON loaded successfully
ODP loaded successfully
JACK loaded successfully
MBUU loaded successfully
QURE loaded successfully
CCAP loaded successfully
RBBN loaded successfully
SIBN loaded successfully
GSBC loaded successfully
FNKO loaded successfully
GOOD loaded successfully
OSPN loaded successfully
CSIQ loaded successfully
CRML loaded successfully
PUBM loaded successfully
HBT loaded successfully
ABL loaded successfully
ORRF loaded successfully
ORIC loaded successfully
OFIX loaded successfully
LAB loaded successfully
RPAY loaded successfully
FBYD loaded successfully
HBNC loaded successfully
THRY loaded successfully
WRLD loaded successfully
HAFC loaded successfully
PRTH loaded successfully
CGNT loaded successfully
MVST loaded successfully
ESQ loaded successfully
DJCO loaded successfully
DH loaded successfully
OPT loaded successfully
PGY loaded successfully
SSYS loaded successfully
EZPW loaded successfully
BYRN loaded successfully
RCAT loaded successfully
IMOS loaded successfully
GLAD loaded successfully
PLRX loaded successfully
UFCS loaded successfully
BVS loaded successfully
NVTS loaded successfully
ITRN loaded successfully
KIDS loaded successfully
SFIX loaded successfully
EVER loaded successfully
LIND loaded successfully
BCAX loaded successfully
CNDT loaded successfully
FSBC loaded successfully
CLNE loaded successfully
MNRO loaded successfully
LENZ loaded successfully
SANA loaded successfully
SHEN loaded successfully
NEXN loaded successfully
IMTX loaded successfully
VINP loaded successfully
SMBC loaded successfully
DNTH loaded successfully
IMXI loaded successfully
MNTK loaded successfully
GPRE loaded successfully
CAPR loaded successfully
EU loaded successfully
AMRK loaded successfully
SLP loaded successfully
NCMI loaded successfully
IMNM loaded successfully
PLPC loaded successfully
WASH loaded successfully
ECX loaded successfully
MOFG loaded successfully
MGIC loaded successfully
PHAR loaded successfully
RMR loaded successfully
GRAL loaded successfully
LPRO loaded successfully
TRST loaded successfully
CAN loaded successfully
LEGH loaded successfully
SPTN loaded successfully
HNST loaded successfully
KRT loaded successfully
CCBG loaded successfully
WEST loaded successfully
INV loaded successfully
ATRO loaded successfully
CLMB loaded successfully
TECX loaded successfully
ABUS loaded successfully
HTBI loaded successfully
RZLV loaded successfully
CGEM loaded successfully
IRWD loaded successfully
CTLP loaded successfully
SMLR loaded successfully
ACIC loaded successfully
FARO loaded successfully
TREE loaded successfully
CRGX loaded successfully
FLX loaded successfully
CCRN loaded successfully
HUMA loaded successfully
SVRA loaded successfully
CRNC loaded successfully
AUTL loaded successfully
UPB loaded successfully
SPFI loaded successfully
TMCI loaded successfully
MPB loaded successfully
FRPH loaded successfully
KURA loaded successfully
ATEX loaded successfully
VREX loaded successfully
HTBK loaded successfully
LYTS loaded successfully
ALTI loaded successfully
SCHL loaded successfully
OPAL loaded successfully
THFF loaded successfully
ACCD loaded successfully
PGC loaded successfully
SKYT loaded successfully
RXT loaded successfully
CLFD loaded successfully
VERV loaded successfully
LASR loaded successfully
TMC loaded successfully
HIFS loaded successfully
CASS loaded successfully
ZJK loaded successfully
WLDN loaded successfully
BTBT loaded successfully
HNRG loaded successfully
NYMT loaded successfully
FLGT loaded successfully
ERAS loaded successfully
FLWS loaded successfully
SRDX loaded successfully
EYPT loaded successfully
MSBI loaded successfully
FISI loaded successfully
TALK loaded successfully
OMER loaded successfully
RSVR loaded successfully
MNMD loaded successfully
FFWM loaded successfully
MXCT loaded successfully
OUST loaded successfully
SHBI loaded successfully
SBC loaded successfully
PROK loaded successfully
EBTC loaded successfully
CCNE loaded successfully
STOK loaded successfully
AKBA loaded successfully
KELYA loaded successfully
DDI loaded successfully
PFIS loaded successfully
ALRS loaded successfully
ANAB loaded successfully
KELYB loaded successfully
EVLV loaded successfully
METC loaded successfully
DHC loaded successfully
METCB loaded successfully
RNAC loaded successfully
LINC loaded successfully
CLPT loaded successfully
FMNB loaded successfully
FFIC loaded successfully
SENEA loaded successfully
NWPX loaded successfully
NNDM loaded successfully
SENEB loaded successfully
NFBK loaded successfully
INNV loaded successfully
MGTX loaded successfully
GAMB loaded successfully
HONE loaded successfully
XERS loaded successfully
DOYU loaded successfully
CCSI loaded successfully
DGICA loaded successfully
DGICB loaded successfully
GLRE loaded successfully
RDVT loaded successfully
GAIN loaded successfully
NNOX loaded successfully
BCAL loaded successfully
AIP loaded successfully
CBNK loaded successfully
MLYS loaded successfully
ALT loaded successfully
RAPP loaded successfully
UNTY loaded successfully
ANGO loaded successfully
VLGEA loaded successfully
QTRX loaded successfully
KE loaded successfully
BIGC loaded successfully
DCTH loaded successfully
RICK loaded successfully
BBCP loaded successfully
AIRJ loaded successfully
GHRS loaded successfully
SNDL loaded successfully
CDXC loaded successfully
PACB loaded successfully
BWMN loaded successfully
MTLS loaded successfully
PHAT loaded successfully
MREO loaded successfully
AROW loaded successfully
TRDA loaded successfully
KROS loaded successfully
SWBI loaded successfully
TCBX loaded successfully
GCBC loaded successfully
PRCH loaded successfully
TRML loaded successfully
KRNY loaded successfully
ASPI loaded successfully
BLDP loaded successfully
ORKA loaded successfully
BIOX loaded successfully
ANSC loaded successfully
YORW loaded successfully
SIGA loaded successfully
GEVO loaded successfully
SVC loaded successfully
TBPH loaded successfully
API loaded successfully
MITK loaded successfully
ALNT loaded successfully
CVRX loaded successfully
VBNK loaded successfully
ARCT loaded successfully
ANNX loaded successfully
ORGO loaded successfully
QSI loaded successfully
CVGW loaded successfully
NRIM loaded successfully
BAND loaded successfully
HAIN loaded successfully
VALU loaded successfully
DCGO loaded successfully
MERC loaded successfully
ZVRA loaded successfully
SHYF loaded successfully
TKNO loaded successfully
ITIC loaded successfully
KALV loaded successfully
ACTG loaded successfully
URGN loaded successfully
GRPN loaded successfully
PERI loaded successfully
RWAY loaded successfully
AHG loaded successfully
ATXS loaded successfully
TCMD loaded successfully
SAGE loaded successfully
MFH loaded successfully
GRVY loaded successfully
ESPR loaded successfully
BSRR loaded successfully
SOHU loaded successfully
CWCO loaded successfully
BSVN loaded successfully
MTRX loaded successfully
OFLX loaded successfully
Error retrieving Recomendations data summary for USAP: list index out of range
USAP loaded successfully
NRC loaded successfully
POET loaded successfully
CELC loaded successfully
KBSX loaded successfully
LMNR loaded successfully
NETD loaded successfully
HIVE loaded successfully
CDXS loaded successfully
CDZI loaded successfully
CARE loaded successfully
ABVX loaded successfully
KMDA loaded successfully
PRTC loaded successfully
OLMA loaded successfully
DHIL loaded successfully
NYXH loaded successfully
LE loaded successfully
LOVE loaded successfully
LESL loaded successfully
CYRX loaded successfully
ALMS loaded successfully
LSAK loaded successfully
OTLY loaded successfully
SNBR loaded successfully
LAND loaded successfully
GILT loaded successfully
APEI loaded successfully
NVEC loaded successfully
AMCX loaded successfully
CRMT loaded successfully
AURA loaded successfully
ZIMV loaded successfully
ETON loaded successfully
PSNL loaded successfully
KOD loaded successfully
AEHR loaded successfully
EWCZ loaded successfully
NPCE loaded successfully
OABI loaded successfully
FBIZ loaded successfully
CRNT loaded successfully
ALLO loaded successfully
Error retrieving Recomendations data summary for RVNC: list index out of range
RVNC loaded successfully
RIGL loaded successfully
NIPG loaded successfully
RDUS loaded successfully
JFIN loaded successfully
HBCP loaded successfully
LVRO loaded successfully
BMRC loaded successfully
VALN loaded successfully
CCIX loaded successfully
TERN loaded successfully
BRY loaded successfully
TBCH loaded successfully
LGTY loaded successfully
RGNX loaded successfully
ZEUS loaded successfully
HRZN loaded successfully
USCB loaded successfully
WALD loaded successfully
PRME loaded successfully
ABSI loaded successfully
FMAO loaded successfully
BWB loaded successfully
DOGZ loaded successfully
GPAT loaded successfully
PNRG loaded successfully
PAMT loaded successfully
ALF loaded successfully
ARQQ loaded successfully
RBB loaded successfully
MBAV loaded successfully
CWBC loaded successfully
PANL loaded successfully
WTBA loaded successfully
ASLE loaded successfully
TITN loaded successfully
CMPX loaded successfully
IHRT loaded successfully
ENGN loaded successfully
RRBI loaded successfully
DADA loaded successfully
MVIS loaded successfully
KRRO loaded successfully
ZBIO loaded successfully
FRBA loaded successfully
RR loaded successfully
GLUE loaded successfully
NEWT loaded successfully
HCAT loaded successfully
PGEN loaded successfully
CMRX loaded successfully
JOUT loaded successfully
GOCO loaded successfully
LOCO loaded successfully
KLTR loaded successfully
EGHT loaded successfully
CERS loaded successfully
SSBK loaded successfully
MBX loaded successfully
WEYS loaded successfully
PKOH loaded successfully
LWAY loaded successfully
ACNB loaded successfully
CRVS loaded successfully
PMTS loaded successfully
CIVB loaded successfully
GIG loaded successfully
TBRG loaded successfully
NMRA loaded successfully
AUDC loaded successfully
TNGX loaded successfully
TATT loaded successfully
HIT loaded successfully
ASUR loaded successfully
OB loaded successfully
BLDE loaded successfully
CCIR loaded successfully
NATH loaded successfully
SPOK loaded successfully
VMD loaded successfully
FSBW loaded successfully
ZSPC loaded successfully
BLZE loaded successfully
DENN loaded successfully
TSSI loaded successfully
PBPB loaded successfully
VACH loaded successfully
XOMA loaded successfully
ARTNA loaded successfully
MCFT loaded successfully
INVZ loaded successfully
GDEV loaded successfully
UROY loaded successfully
COFS loaded successfully
TSHA loaded successfully
TTSH loaded successfully
LFVN loaded successfully
INBK loaded successfully
JAKK loaded successfully
CUB loaded successfully
IONR loaded successfully
BEAG loaded successfully
SIMA loaded successfully
REFI loaded successfully
AIRS loaded successfully
SFST loaded successfully
ZUMZ loaded successfully
MAMA loaded successfully
ATYR loaded successfully
NODK loaded successfully
OBT loaded successfully
TRUE loaded successfully
FSTR loaded successfully
BCML loaded successfully
PDLB loaded successfully
CZFS loaded successfully
NECB loaded successfully
LSEA loaded successfully
ALDF loaded successfully
ALLT loaded successfully
SMTI loaded successfully
LNZA loaded successfully
CZNC loaded successfully
POLE loaded successfully
EHTH loaded successfully
GWRS loaded successfully
VCIC loaded successfully
SNFCA loaded successfully
ILLR loaded successfully
EXFY loaded successfully
ITOS loaded successfully
CDRO loaded successfully
FNLC loaded successfully
IBEX loaded successfully
AQST loaded successfully
FORR loaded successfully
OSUR loaded successfully
IMMP loaded successfully
DOMO loaded successfully
ALDX loaded successfully
CTNM loaded successfully
LPAA loaded successfully
HOND loaded successfully
GSRT loaded successfully
RGP loaded successfully
ARQ loaded successfully
EM loaded successfully
LPBB loaded successfully
ATOM loaded successfully
VYGR loaded successfully
RZLT loaded successfully
LXRX loaded successfully
PBFS loaded successfully
MLAC loaded successfully
DRTS loaded successfully
FRST loaded successfully
JMSB loaded successfully
CADL loaded successfully
LNKB loaded successfully
PAL loaded successfully
PCYO loaded successfully
PCB loaded successfully
ACRS loaded successfully
YMAB loaded successfully
DRDB loaded successfully
IMMR loaded successfully
DSGN loaded successfully
PLBC loaded successfully
HDSN loaded successfully
SATL loaded successfully
AVIR loaded successfully
TRVI loaded successfully
NATR loaded successfully
CGC loaded successfully
CCCC loaded successfully
THRD loaded successfully
FLXS loaded successfully
SLDP loaded successfully
VUZI loaded successfully
FLIC loaded successfully
ATGL loaded successfully
INGN loaded successfully
GMGI loaded successfully
UHG loaded successfully
AFRI loaded successfully
SANG loaded successfully
VNDA loaded successfully
SLN loaded successfully
ACIU loaded successfully
BYND loaded successfully
ONEW loaded successfully
AENT loaded successfully
ZYXI loaded successfully
FDBC loaded successfully
SGC loaded successfully
TDUP loaded successfully
CEPO loaded successfully
NAUT loaded successfully
MVBF loaded successfully
PDYN loaded successfully
INSE loaded successfully
ISPR loaded successfully
DRUG loaded successfully
BACQ loaded successfully
ATAI loaded successfully
BNTC loaded successfully
RMNI loaded successfully
LIEN loaded successfully
SAMG loaded successfully
CMPS loaded successfully
ICG loaded successfully
KGEI loaded successfully
DMAC loaded successfully
HRTX loaded successfully
BDMD loaded successfully
VSTM loaded successfully
HLXB loaded successfully
NGNE loaded successfully
ILPT loaded successfully
ARBE loaded successfully
AVNW loaded successfully
FHTX loaded successfully
WSBF loaded successfully
LUNG loaded successfully
ELDN loaded successfully
TSAT loaded successfully
CPSS loaded successfully
HITI loaded successfully
ALCO loaded successfully
RITR loaded successfully
LFCR loaded successfully
CDTX loaded successfully
ANIK loaded successfully
SBT loaded successfully
FACT loaded successfully
TZOO loaded successfully
TLS loaded successfully
NVX loaded successfully
HVII loaded successfully
NTWO loaded successfully
CFFI loaded successfully
LWLG loaded successfully
SVCO loaded successfully
IRBT loaded successfully
PKBK loaded successfully
FBLA loaded successfully
OPBK loaded successfully
SGMO loaded successfully
AMLX loaded successfully
TSBK loaded successfully
MAPS loaded successfully
AMRN loaded successfully
CRDF loaded successfully
GENK loaded successfully
WHF loaded successfully
MYPS loaded successfully
ESEA loaded successfully
RAIL loaded successfully
ESOA loaded successfully
ATNI loaded successfully
PWOD loaded successfully
OACC loaded successfully
RCEL loaded successfully
PRQR loaded successfully
BPRN loaded successfully
BWFG loaded successfully
CTRN loaded successfully
TVGN loaded successfully
ABEO loaded successfully
ARAY loaded successfully
SKIN loaded successfully
SERA loaded successfully
WILC loaded successfully
APPS loaded successfully
LFMD loaded successfully
CHMG loaded successfully
FVCB loaded successfully
FINW loaded successfully
SMID loaded successfully
AEYE loaded successfully
OVLY loaded successfully
RGCO loaded successfully
LRMR loaded successfully
MACI loaded successfully
HWBK loaded successfully
OCGN loaded successfully
SOPH loaded successfully
FXNC loaded successfully
GASS loaded successfully
LAZR loaded successfully
FDMT loaded successfully
FULC loaded successfully
LCNB loaded successfully
GAUZ loaded successfully
PROF loaded successfully
BTMD loaded successfully
RDCM loaded successfully
AOUT loaded successfully
FUNC loaded successfully
KVAC loaded successfully
NAMI loaded successfully
ACB loaded successfully
UTMD loaded successfully
NWFL loaded successfully
HTCO loaded successfully
ESCA loaded successfully
DYNX loaded successfully
NUTX loaded successfully
MFIN loaded successfully
GOSS loaded successfully
AVR loaded successfully
HMST loaded successfully
PLMK loaded successfully
HPAI loaded successfully
INBX loaded successfully
MKTW loaded successfully
ZYBT loaded successfully
CGEN loaded successfully
NWTN loaded successfully
MBCN loaded successfully
SWKH loaded successfully
PESI loaded successfully
VSTA loaded successfully
ISTR loaded successfully
Error retrieving Recomendations data summary for BCOV: list index out of range
BCOV loaded successfully
HURA loaded successfully
BWAY loaded successfully
SLRN loaded successfully
FTEL loaded successfully
POWW loaded successfully
BCBP loaded successfully
SEVN loaded successfully
MDWD loaded successfully
BLFY loaded successfully
KOPN loaded successfully
KINS loaded successfully
OGI loaded successfully
CRGO loaded successfully
RELL loaded successfully
ESSA loaded successfully
OBIO loaded successfully
FFNW loaded successfully
BVFL loaded successfully
BRLT loaded successfully
MOLN loaded successfully
VABK loaded successfully
NKSH loaded successfully
LAKE loaded successfully
IVA loaded successfully
TDAC loaded successfully
BIOA loaded successfully
PHLT loaded successfully
PROP loaded successfully
KRMD loaded successfully
BSII loaded successfully
ISSC loaded successfully
IKT loaded successfully
WNEB loaded successfully
MGNX loaded successfully
SSP loaded successfully
TTEC loaded successfully
MRCC loaded successfully
ADUR loaded successfully
PLL loaded successfully
FCCO loaded successfully
VIRC loaded successfully
ACTU loaded successfully
AFCG loaded successfully
FCEL loaded successfully
CLAR loaded successfully
HQI loaded successfully
PVBC loaded successfully
Error retrieving Recomendations data summary for PROC: list index out of range
PROC loaded successfully
RCKY loaded successfully
JRVR loaded successfully
TROO loaded successfully
TRVG loaded successfully
EGAN loaded successfully
YIBO loaded successfully
GNFT loaded successfully
OXSQ loaded successfully
QMCO loaded successfully
TOYO loaded successfully
TCX loaded successfully
JUNS loaded successfully
KEQU loaded successfully
AZ loaded successfully
LOGC loaded successfully
MYFW loaded successfully
HNVR loaded successfully
ACRV loaded successfully
SPKL loaded successfully
FSFG loaded successfully
EML loaded successfully
SKGR loaded successfully
VXRT loaded successfully
INSG loaded successfully
CDLX loaded successfully
UBFO loaded successfully
NKTX loaded successfully
ONDS loaded successfully
ARTV loaded successfully
GRRR loaded successfully
JYNT loaded successfully
GPRO loaded successfully
FLL loaded successfully
MRBK loaded successfully
ALEC loaded successfully
VOR loaded successfully
BZUN loaded successfully
BTOC loaded successfully
DSY loaded successfully
MNPR loaded successfully
NKTR loaded successfully
CSPI loaded successfully
LYEL loaded successfully
STRS loaded successfully
SSTI loaded successfully
TUSK loaded successfully
FEIM loaded successfully
VOXX loaded successfully
STFS loaded successfully
STRO loaded successfully
REE loaded successfully
NEGG loaded successfully
SCPH loaded successfully
RAPT loaded successfully
TWIN loaded successfully
CZWI loaded successfully
LXEO loaded successfully
SKYX loaded successfully
RMBL loaded successfully
PLBY loaded successfully
ZNTL loaded successfully
IBAC loaded successfully
QRTEB loaded successfully
III loaded successfully
GLSI loaded successfully
VERU loaded successfully
ATLO loaded successfully
NBTX loaded successfully
AISP loaded successfully
ABAT loaded successfully
ESHA loaded successfully
FENC loaded successfully
STRT loaded successfully
BAER loaded successfully
CLLS loaded successfully
HCVI loaded successfully
NCTY loaded successfully
BFIN loaded successfully
BDSX loaded successfully
PAYS loaded successfully
PEBK loaded successfully
PHH loaded successfully
BMEA loaded successfully
RFAI loaded successfully
DXLG loaded successfully
PTMN loaded successfully
IPHA loaded successfully
RENE loaded successfully
CHRS loaded successfully
LAES loaded successfully
BANX loaded successfully
CFBK loaded successfully
CXDO loaded successfully
BOOM loaded successfully
FATE loaded successfully
SSSS loaded successfully
NIU loaded successfully
AKYA loaded successfully
FTLF loaded successfully
WLAC loaded successfully
ORGN loaded successfully
RCMT loaded successfully
NTCL loaded successfully
TLSI loaded successfully
CSTE loaded successfully
PVLA loaded successfully
REKR loaded successfully
HFFG loaded successfully
VTYX loaded successfully
SGHT loaded successfully
TELO loaded successfully
CKPT loaded successfully
PBYI loaded successfully
FRAF loaded successfully
ADAP loaded successfully
SHIP loaded successfully
IFRX loaded successfully
LTRX loaded successfully
CRBP loaded successfully
CSBR loaded successfully
ISRL loaded successfully
MMLP loaded successfully
RILY loaded successfully
INMB loaded successfully
CBFV loaded successfully
PDEX loaded successfully
KYTX loaded successfully
QUIK loaded successfully
EPSN loaded successfully
MPAA loaded successfully
UFG loaded successfully
BETR loaded successfully
HOFT loaded successfully
MIST loaded successfully
LARK loaded successfully
MRAM loaded successfully
BROG loaded successfully
QRTEA loaded successfully
NEON loaded successfully
BLNK loaded successfully
UEIC loaded successfully
SEER loaded successfully
HURC loaded successfully
RANG loaded successfully
TDTH loaded successfully
ALTO loaded successfully
NNBR loaded successfully
LCUT loaded successfully
TAVI loaded successfully
ZJYL loaded successfully
CRBU loaded successfully
UNB loaded successfully
ULBI loaded successfully
CSLR loaded successfully
BRLS loaded successfully
LPTH loaded successfully
SFBC loaded successfully
ECBK loaded successfully
RMBI loaded successfully
EUDA loaded successfully
SBFG loaded successfully
AMTX loaded successfully
TCRX loaded successfully
OPRT loaded successfully
LSE loaded successfully
XNET loaded successfully
CEP loaded successfully
SGMT loaded successfully
ZEO loaded successfully
DIBS loaded successfully
CHSN loaded successfully
CAMP loaded successfully
SLDB loaded successfully
PLCE loaded successfully
GNSS loaded successfully
DTI loaded successfully
ZENV loaded successfully
GGR loaded successfully
QIPT loaded successfully
TIL loaded successfully
FGBI loaded successfully
RDZN loaded successfully
OPOF loaded successfully
CABA loaded successfully
BDTX loaded successfully
NEOV loaded successfully
TSVT loaded successfully
CLYM loaded successfully
VEEA loaded successfully
SLNG loaded successfully
GEOS loaded successfully
SAVA loaded successfully
GATE loaded successfully
NA loaded successfully
ALGS loaded successfully
MCRB loaded successfully
VGAS loaded successfully
SIEB loaded successfully
MNSB loaded successfully
LPSN loaded successfully
VOXR loaded successfully
YAAS loaded successfully
BSET loaded successfully
YXT loaded successfully
QRHC loaded successfully
PPIH loaded successfully
CAAS loaded successfully
Error retrieving Recomendations data summary for PLMJ: list index out of range
PLMJ loaded successfully
GAIA loaded successfully
STHO loaded successfully
NTIC loaded successfully
QH loaded successfully
EBMT loaded successfully
RVSB loaded successfully
NOTV loaded successfully
KVHI loaded successfully
GIFI loaded successfully
KLXE loaded successfully
TOUR loaded successfully
RSSS loaded successfully
ZURA loaded successfully
XBIT loaded successfully
USGO loaded successfully
FNWD loaded successfully
MAMO loaded successfully
VBFC loaded successfully
ZTEK loaded successfully
CURI loaded successfully
AFBI loaded successfully
DLHC loaded successfully
SND loaded successfully
HTLM loaded successfully
LVO loaded successfully
VERI loaded successfully
EPRX loaded successfully
ELVA loaded successfully
GECC loaded successfully
RENB loaded successfully
PCSC loaded successfully
UPLD loaded successfully
JYD loaded successfully
VCSA loaded successfully
CGTL loaded successfully
ELUT loaded successfully
MAXN loaded successfully
SRTS loaded successfully
ACNT loaded successfully
USEG loaded successfully
SVII loaded successfully
QSG loaded successfully
LGO loaded successfully
IPXX loaded successfully
NVCT loaded successfully
CHAR loaded successfully
PPYA loaded successfully
ATOS loaded successfully
DLTH loaded successfully
OVBC loaded successfully
MHLD loaded successfully
PRPL loaded successfully
ENTA loaded successfully
OFS loaded successfully
BRAG loaded successfully
ZENA loaded successfully
Error retrieving Recomendations data summary for IZTC: list index out of range
IZTC loaded successfully
YSXT loaded successfully
TAYD loaded successfully
PETS loaded successfully
RBKB loaded successfully
AXTI loaded successfully
MASS loaded successfully
STKS loaded successfully
FCAP loaded successfully
SILC loaded successfully
CPHC loaded successfully
SRBK loaded successfully
VRA loaded successfully
ECOR loaded successfully
WMPN loaded successfully
ATLX loaded successfully
BZFD loaded successfully
TELA loaded successfully
MIMI loaded successfully
SHMD loaded successfully
TNYA loaded successfully
NKLA loaded successfully
WIMI loaded successfully
PROV loaded successfully
MGX loaded successfully
IGMS loaded successfully
BTM loaded successfully
MSW loaded successfully
BSBK loaded successfully
PFX loaded successfully
WLGS loaded successfully
PBHC loaded successfully
CRDL loaded successfully
BHST loaded successfully
EDIT loaded successfully
OPRX loaded successfully
RRGB loaded successfully
ALLK loaded successfully
CURR loaded successfully
CLEU loaded successfully
GNLX loaded successfully
HNNA loaded successfully
TARA loaded successfully
ACHV loaded successfully
ABOS loaded successfully
FONR loaded successfully
CNTY loaded successfully
AFJK loaded successfully
HUHU loaded successfully
KNDI loaded successfully
SPHA loaded successfully
SNCR loaded successfully
LTBR loaded successfully
DBVT loaded successfully
HLP loaded successfully
FAT loaded successfully
CODA loaded successfully
GLAC loaded successfully
ACOG loaded successfully
Error retrieving Recomendations data summary for EVGR: list index out of range
EVGR loaded successfully
FATBB loaded successfully
FNWB loaded successfully
MGYR loaded successfully
ALOT loaded successfully
QETA loaded successfully
LNSR loaded successfully
PHUN loaded successfully
COYA loaded successfully
THCH loaded successfully
LPTX loaded successfully
IVCA loaded successfully
MDXH loaded successfully
FBRX loaded successfully
BRID loaded successfully
NOEM loaded successfully
DYCQ loaded successfully
FOSL loaded successfully
LINK loaded successfully
BKHA loaded successfully
SNAL loaded successfully
ORMP loaded successfully
IVAC loaded successfully
ME loaded successfully
INVE loaded successfully
MGRM loaded successfully
RECT loaded successfully
WRAP loaded successfully
IROH loaded successfully
HLVX loaded successfully
ADVM loaded successfully
SY loaded successfully
VIOT loaded successfully
SIFY loaded successfully
PYXS loaded successfully
ASMB loaded successfully
OSS loaded successfully
ANIX loaded successfully
FSHP loaded successfully
MNOV loaded successfully
PAVS loaded successfully
AIRG loaded successfully
DTSQ loaded successfully
SHIM loaded successfully
AGEN loaded successfully
GSIT loaded successfully
WW loaded successfully
HSPO loaded successfully
PWUP loaded successfully
IMPP loaded successfully
SUNS loaded successfully
IMAB loaded successfully
MAYS loaded successfully
ENTX loaded successfully
GRWG loaded successfully
BYNO loaded successfully
GUTS loaded successfully
CTOR loaded successfully
ALXO loaded successfully
SDST loaded successfully
INZY loaded successfully
KPTI loaded successfully
VFF loaded successfully
GORV loaded successfully
IMUX loaded successfully
JSPR loaded successfully
MCHX loaded successfully
VMCA loaded successfully
GAN loaded successfully
HBIO loaded successfully
VIGL loaded successfully
USAU loaded successfully
AITR loaded successfully
MODV loaded successfully
SNT loaded successfully
SFWL loaded successfully
EDAP loaded successfully
VTGN loaded successfully
AZI loaded successfully
XFOR loaded successfully
RGLS loaded successfully
CBAT loaded successfully
HSPT loaded successfully
DGHI loaded successfully
CHCI loaded successfully
SKYE loaded successfully
THTX loaded successfully
SPWH loaded successfully
ALTS loaded successfully
ICLK loaded successfully
RANI loaded successfully
SCWO loaded successfully
SLS loaded successfully
JVSA loaded successfully
ASPC loaded successfully
YHNA loaded successfully
TLSA loaded successfully
ASRT loaded successfully
ATMV loaded successfully
AUBN loaded successfully
INO loaded successfully
IROQ loaded successfully
BLUE loaded successfully
INCR loaded successfully
CAPN loaded successfully
OKUR loaded successfully
TBNK loaded successfully
ADAG loaded successfully
DERM loaded successfully
ATMC loaded successfully
SCLX loaded successfully
LSBK loaded successfully
ACET loaded successfully
EPIX loaded successfully
GALT loaded successfully
HOUR loaded successfully
NSPR loaded successfully
CUE loaded successfully
ELTK loaded successfully
IPSC loaded successfully
INLF loaded successfully
APLT loaded successfully
AIRE loaded successfully
VTSI loaded successfully
FVN loaded successfully
EURK loaded successfully
LASE loaded successfully
SGA loaded successfully
RDAC loaded successfully
LEE loaded successfully
NCSM loaded successfully
UBCP loaded successfully
MSSA loaded successfully
AADI loaded successfully
ASYS loaded successfully
FUSB loaded successfully
ANL loaded successfully
HGBL loaded successfully
AVTE loaded successfully
SMXT loaded successfully
IKNA loaded successfully
404 Client Error: Not Found for url: https://query2.finance.yahoo.com/v10/finance/quoteSummary/RIBB?modules=financialData%2CquoteType%2CdefaultKeyStatistics%2CassetProfile%2CsummaryDetail&corsDomain=finance.yahoo.com&formatted=false&symbol=RIBB&crumb=Si9y.FwrLnX
PRE loaded successfully
CNTX loaded successfully
ISPO loaded successfully
Error retrieving Recomendations data summary for GODN: list index out of range
GODN loaded successfully
CVGI loaded successfully
Error retrieving Recomendations data summary for TETE: list index out of range
TETE loaded successfully
WOK loaded successfully
AVTX loaded successfully
YTRA loaded successfully
PRTS loaded successfully
Error retrieving Recomendations data summary for CSLM: list index out of range
CSLM loaded successfully
FDSB loaded successfully
NB loaded successfully
CMTL loaded successfully
VANI loaded successfully
ALAR loaded successfully
PIII loaded successfully
BYFC loaded successfully
BYSI loaded successfully
RMTI loaded successfully
XGN loaded successfully
MURA loaded successfully
ELPW loaded successfully
USIO loaded successfully
WPRT loaded successfully
XCH loaded successfully
CLSD loaded successfully
HYPR loaded successfully
GNTA loaded successfully
BNR loaded successfully
PMVP loaded successfully
AUID loaded successfully
OPTN loaded successfully
ELTX loaded successfully
TPIC loaded successfully
CLIR loaded successfully
CBUS loaded successfully
RVPH loaded successfully
ICCH loaded successfully
OAKU loaded successfully
SDIG loaded successfully
WFCF loaded successfully
CTMX loaded successfully
CCG loaded successfully
RCON loaded successfully
STIM loaded successfully
MRSN loaded successfully
UNCY loaded successfully
PEPG loaded successfully
NVA loaded successfully
AIMAU loaded successfully
ICCM loaded successfully
NUKK loaded successfully
PRLD loaded successfully
ABP loaded successfully
FFIE loaded successfully
HPH loaded successfully
FNGR loaded successfully
GBIO loaded successfully
IMRX loaded successfully
LOAN loaded successfully
NIXX loaded successfully
OPTX loaded successfully
FORA loaded successfully
QNCX loaded successfully
RGC loaded successfully
BAFN loaded successfully
Error retrieving Recomendations data summary for RIBB: 'NoneType' object has no attribute 'update'
RIBB loaded successfully
ZAP loaded successfully
VRCA loaded successfully
TYGO loaded successfully
ONCY loaded successfully
SOTK loaded successfully
YYGH loaded successfully
MIND loaded successfully
LRFC loaded successfully
BOWN loaded successfully
KOSS loaded successfully
IPWR loaded successfully
PCLA loaded successfully
MDBH loaded successfully
FBLG loaded successfully
GBBK loaded successfully
NVNO loaded successfully
MATH loaded successfully
BOTJ loaded successfully
PODC loaded successfully
HOWL loaded successfully
RPID loaded successfully
CPBI loaded successfully
KRON loaded successfully
SUUN loaded successfully
AREC loaded successfully
BMR loaded successfully
BTCS loaded successfully
SELF loaded successfully
NHTC loaded successfully
NSTS loaded successfully
BAYA loaded successfully
WAVE loaded successfully
WAI loaded successfully
CNTB loaded successfully
FKWL loaded successfully
NTRB loaded successfully
GANX loaded successfully
APYX loaded successfully
FLNT loaded successfully
IOBT loaded successfully
BOLD loaded successfully
SELX loaded successfully
OTLK loaded successfully
WKEY loaded successfully
BEAT loaded successfully
CTSO loaded successfully
MESA loaded successfully
RAND loaded successfully
STI loaded successfully
IDN loaded successfully
ICAD loaded successfully
XLO loaded successfully
PDSB loaded successfully
SPHL loaded successfully
BRAC loaded successfully
BUJA loaded successfully
STTK loaded successfully
TOP loaded successfully
UCL loaded successfully
AIRT loaded successfully
CNVS loaded successfully
CLRC loaded successfully
IMMX loaded successfully
RGS loaded successfully
BIRD loaded successfully
AIXI loaded successfully
TORO loaded successfully
GEG loaded successfully
REFR loaded successfully
PITA loaded successfully
FGEN loaded successfully
BCOW loaded successfully
HYMC loaded successfully
EMCG loaded successfully
LOOP loaded successfully
RPTX loaded successfully
MSAI loaded successfully
CGBS loaded successfully
CELU loaded successfully
LBGJ loaded successfully
PTHL loaded successfully
SYPR loaded successfully
FBIO loaded successfully
OPI loaded successfully
FTII loaded successfully
CLST loaded successfully
MDIA loaded successfully
SSBI loaded successfully
CCLD loaded successfully
GTI loaded successfully
ALCY loaded successfully
PXLW loaded successfully
TBMC loaded successfully
UG loaded successfully
ARKR loaded successfully
OMIC loaded successfully
DUOT loaded successfully
OVID loaded successfully
SPRO loaded successfully
IVVD loaded successfully
JUNE loaded successfully
FTCI loaded successfully
ICCC loaded successfully
LSB loaded successfully
ABLV loaded successfully
MODD loaded successfully
SYT loaded successfully
UONE loaded successfully
ZBAO loaded successfully
ACHL loaded successfully
SPAI loaded successfully
LUCD loaded successfully
KSCP loaded successfully
GLST loaded successfully
CRWS loaded successfully
ALVR loaded successfully
KZR loaded successfully
DYAI loaded successfully
ANGH loaded successfully
BWEN loaded successfully
FCUV loaded successfully
BLAC loaded successfully
DWSN loaded successfully
RTC loaded successfully
CLGN loaded successfully
MNY loaded successfully
PPSI loaded successfully
SWVL loaded successfully
FORL loaded successfully
TOI loaded successfully
SHLT loaded successfully
TACT loaded successfully
CFSB loaded successfully
TNXP loaded successfully
ASRV loaded successfully
TCBS loaded successfully
VTVT loaded successfully
LGCL loaded successfully
ICMB loaded successfully
FSEA loaded successfully
NDLS loaded successfully
OMCC loaded successfully
LTRN loaded successfully
OPXS loaded successfully
RFIL loaded successfully
BEEM loaded successfully
KTCC loaded successfully
ANEB loaded successfully
JRSH loaded successfully
BRFH loaded successfully
UONEK loaded successfully
NRXP loaded successfully
OM loaded successfully
AGAE loaded successfully
BCG loaded successfully
MNDO loaded successfully
MOBX loaded successfully
ELEV loaded successfully
RNTX loaded successfully
ESLA loaded successfully
HKIT loaded successfully
Error retrieving Recomendations data summary for RFAC: list index out of range
RFAC loaded successfully
ITRM loaded successfully
AGFY loaded successfully
YOTA loaded successfully
NVNI loaded successfully
SRZN loaded successfully
QTTB loaded successfully
CALC loaded successfully
RDIB loaded successfully
PXS loaded successfully
BTCT loaded successfully
SGRP loaded successfully
VYNE loaded successfully
MDAI loaded successfully
CASI loaded successfully
SCYX loaded successfully
KPLT loaded successfully
WINV loaded successfully
DECA loaded successfully
VRAR loaded successfully
IZEA loaded successfully
DXR loaded successfully
CMMB loaded successfully
BRNS loaded successfully
SCNX loaded successfully
OCC loaded successfully
FAAS loaded successfully
TURN loaded successfully
MTC loaded successfully
SOND loaded successfully
RAVE loaded successfully
HFBL loaded successfully
INTS loaded successfully
GDST loaded successfully
WCT loaded successfully
TPST loaded successfully
AERT loaded successfully
DHAI loaded successfully
DSWL loaded successfully
CLNN loaded successfully
MTEN loaded successfully
PASG loaded successfully
NCEW loaded successfully
ANTX loaded successfully
ONMD loaded successfully
HHS loaded successfully
WAVS loaded successfully
GRCE loaded successfully
LVLU loaded successfully
INKT loaded successfully
ARBK loaded successfully
BGFV loaded successfully
MOVE loaded successfully
FEAM loaded successfully
EBON loaded successfully
RLYB loaded successfully
ZCMD loaded successfully
TLF loaded successfully
VIVK loaded successfully
RNXT loaded successfully
YI loaded successfully
JG loaded successfully
STBX loaded successfully
RAYA loaded successfully
BIVI loaded successfully
IRD loaded successfully
NXL loaded successfully
AWRE loaded successfully
MDCX loaded successfully
FARM loaded successfully
CENN loaded successfully
NEHC loaded successfully
PBBK loaded successfully
OCX loaded successfully
DALN loaded successfully
DIST loaded successfully
SJ loaded successfully
KALA loaded successfully
RADX loaded successfully
SNYR loaded successfully
OKYO loaded successfully
FPAY loaded successfully
DTIL loaded successfully
ATRA loaded successfully
HSON loaded successfully
HOLO loaded successfully
CLPS loaded successfully
CPIX loaded successfully
LEXX loaded successfully
AGMH loaded successfully
HTCR loaded successfully
SHOT loaded successfully
SABS loaded successfully
LDTC loaded successfully
AMPG loaded successfully
RENT loaded successfully
GTEC loaded successfully
IXHL loaded successfully
ORIS loaded successfully
BNIX loaded successfully
ECDA loaded successfully
XBP loaded successfully
GROW loaded successfully
LITM loaded successfully
FTHM loaded successfully
LSTA loaded successfully
ONEG loaded successfully
NXPL loaded successfully
VSTE loaded successfully
PMN loaded successfully
EDRY loaded successfully
TZUP loaded successfully
TPCS loaded successfully
POCI loaded successfully
AKTX loaded successfully
XCUR loaded successfully
MASK loaded successfully
XAIR loaded successfully
RAIN loaded successfully
VRME loaded successfully
AIFF loaded successfully
NMTC loaded successfully
RDI loaded successfully
TRSG loaded successfully
MOGO loaded successfully
LIVE loaded successfully
CVKD loaded successfully
HUIZ loaded successfully
FLUX loaded successfully
PTLE loaded successfully
MBOT loaded successfully
BANL loaded successfully
COCH loaded successfully
CGTX loaded successfully
FTEK loaded successfully
AAME loaded successfully
APWC loaded successfully
DTST loaded successfully
UCAR loaded successfully
GLE loaded successfully
SCOR loaded successfully
FGL loaded successfully
SURG loaded successfully
NTWK loaded successfully
UBX loaded successfully
ATHE loaded successfully
Error retrieving Recomendations data summary for MRNS: list index out of range
MRNS loaded successfully
MLEC loaded successfully
HKPD loaded successfully
MKZR loaded successfully
BCAB loaded successfully
INTG loaded successfully
COOT loaded successfully
SPCB loaded successfully
AACG loaded successfully
CRIS loaded successfully
TURB loaded successfully
DARE loaded successfully
CXAI loaded successfully
GDTC loaded successfully
AXDX loaded successfully
CMBM loaded successfully
NSYS loaded successfully
CTXR loaded successfully
FGF loaded successfully
HYFM loaded successfully
AQU loaded successfully
OMGA loaded successfully
ZOOZ loaded successfully
STAI loaded successfully
IRIX loaded successfully
WKSP loaded successfully
WKHS loaded successfully
PGHL loaded successfully
EMKR loaded successfully
GAME loaded successfully
CPSH loaded successfully
KFFB loaded successfully
FEMY loaded successfully
GLBS loaded successfully
CREX loaded successfully
OXBR loaded successfully
VVOS loaded successfully
WVVI loaded successfully
CTRM loaded successfully
SOWG loaded successfully
DAIO loaded successfully
GIFT loaded successfully
OESX loaded successfully
FOXX loaded successfully
PMEC loaded successfully
MTEK loaded successfully
NISN loaded successfully
LGVN loaded successfully
GTIM loaded successfully
HOVR loaded successfully
ENLV loaded successfully
CHR loaded successfully
IPW loaded successfully
NRSN loaded successfully
DRRX loaded successfully
XOS loaded successfully
UTSI loaded successfully
CVV loaded successfully
CNTM loaded successfully
HUBC loaded successfully
NXGL loaded successfully
CODX loaded successfully
SLGL loaded successfully
LVTX loaded successfully
NAII loaded successfully
ESGL loaded successfully
LPCN loaded successfully
HOOK loaded successfully
CDIO loaded successfully
PLUR loaded successfully
GP loaded successfully
SWIN loaded successfully
HUDI loaded successfully
DRIO loaded successfully
CYTH loaded successfully
VSEE loaded successfully
ERNA loaded successfully
SAG loaded successfully
TOMZ loaded successfully
TNMG loaded successfully
EHGO loaded successfully
FRSX loaded successfully
PWM loaded successfully
SKYQ loaded successfully
BOSC loaded successfully
HUDA loaded successfully
LRE loaded successfully
BNAI loaded successfully
EQ loaded successfully
NXTC loaded successfully
Error retrieving Recomendations data summary for EZFL: list index out of range
EZFL loaded successfully
RMSG loaded successfully
MSS loaded successfully
PSHG loaded successfully
BLRX loaded successfully
EPOW loaded successfully
ZKIN loaded successfully
ELBM loaded successfully
SMSI loaded successfully
PYPD loaded successfully
CETY loaded successfully
RAY loaded successfully
APRE loaded successfully
TENX loaded successfully
PRZO loaded successfully
PULM loaded successfully
OCG loaded successfully
JVA loaded successfully
ANY loaded successfully
SHFS loaded successfully
GREE loaded successfully
GRYP loaded successfully
NWGL loaded successfully
GDC loaded successfully
MTEX loaded successfully
AIFU loaded successfully
CARA loaded successfully
STEC loaded successfully
GOVX loaded successfully
ATHA loaded successfully
INAB loaded successfully
KIRK loaded successfully
SNTI loaded successfully
BFRG loaded successfully
CCTG loaded successfully
NXTT loaded successfully
GYRO loaded successfully
IINN loaded successfully
BOLT loaded successfully
SANW loaded successfully
ZBAI loaded successfully
COCP loaded successfully
ABTS loaded successfully
GELS loaded successfully
MGIH loaded successfully
COEP loaded successfully
COSM loaded successfully
BSGM loaded successfully
GLXG loaded successfully
NAAS loaded successfully
DUO loaded successfully
SFHG loaded successfully
MIRA loaded successfully
GFAI loaded successfully
SAIH loaded successfully
MCVT loaded successfully
WETH loaded successfully
DRCT loaded successfully
CARM loaded successfully
MEIP loaded successfully
AFMD loaded successfully
SLNH loaded successfully
ASPS loaded successfully
XTIA loaded successfully
BNGO loaded successfully
MRKR loaded successfully
IPM loaded successfully
DFLI loaded successfully
SDOT loaded successfully
INTZ loaded successfully
CRVO loaded successfully
RETO loaded successfully
BTAI loaded successfully
RVSN loaded successfully
JFU loaded successfully
GIGM loaded successfully
ELSE loaded successfully
IZM loaded successfully
BCTX loaded successfully
CLIK loaded successfully
NKGN loaded successfully
FLGC loaded successfully
MOB loaded successfully
SOHO loaded successfully
LFWD loaded successfully
DEVS loaded successfully
JDZG loaded successfully
EDTK loaded successfully
BLIN loaded successfully
GLYC loaded successfully
LIQT loaded successfully
MTVA loaded successfully
SYBX loaded successfully
MIGI loaded successfully
JZXN loaded successfully
OCEA loaded successfully
TRAW loaded successfully
YHC loaded successfully
CPOP loaded successfully
STRM loaded successfully
NEPH loaded successfully
IPA loaded successfully
MDRR loaded successfully
GLBZ loaded successfully
USEA loaded successfully
ATER loaded successfully
JCTC loaded successfully
RMCO loaded successfully
DPRO loaded successfully
SONM loaded successfully
ADN loaded successfully
SUGP loaded successfully
ORKT loaded successfully
FEBO loaded successfully
CDTG loaded successfully
INHD loaded successfully
SWAG loaded successfully
SKK loaded successfully
MLGO loaded successfully
ILAG loaded successfully
EVTV loaded successfully
XTLB loaded successfully
HCWB loaded successfully
JL loaded successfully
JZ loaded successfully
TAIT loaded successfully
PT loaded successfully
ABVE loaded successfully
CING loaded successfully
SPRB loaded successfully
NERV loaded successfully
MSPR loaded successfully
BBGI loaded successfully
BNRG loaded successfully
MNTS loaded successfully
ACXP loaded successfully
NCRA loaded successfully
LSH loaded successfully
LUCY loaded successfully
OMEX loaded successfully
DTSS loaded successfully
AQMS loaded successfully
BRTX loaded successfully
RMCF loaded successfully
PRPH loaded successfully
CLRO loaded successfully
FLYE loaded successfully
AIEV loaded successfully
CAPT loaded successfully
YHGJ loaded successfully
ARBB loaded successfully
SPPL loaded successfully
TKLF loaded successfully
TRIB loaded successfully
EDUC loaded successfully
CWD loaded successfully
VCIG loaded successfully
EKSO loaded successfully
CMLS loaded successfully
LOBO loaded successfully
BOF loaded successfully
FMST loaded successfully
EEIQ loaded successfully
KITT loaded successfully
XTKG loaded successfully
DATS loaded successfully
SNSE loaded successfully
NCI loaded successfully
DMN loaded successfully
PET loaded successfully
SIDU loaded successfully
YQ loaded successfully
BCLI loaded successfully
APCX loaded successfully
APTO loaded successfully
IMNN loaded successfully
PETZ loaded successfully
SMTK loaded successfully
IMRN loaded successfully
LEDS loaded successfully
SGLY loaded successfully
LYRA loaded successfully
CNFR loaded successfully
QMMM loaded successfully
PC loaded successfully
BSLK loaded successfully
INDP loaded successfully
UGRO loaded successfully
MEGL loaded successfully
TXMD loaded successfully
JBDI loaded successfully
SCKT loaded successfully
CYN loaded successfully
SSKN loaded successfully
SEED loaded successfully
KPRX loaded successfully
LNKS loaded successfully
CISO loaded successfully
LCFY loaded successfully
PMCB loaded successfully
Error retrieving Recomendations data summary for WISA: list index out of range
WISA loaded successfully
PSIG loaded successfully
RVYL loaded successfully
GMM loaded successfully
Error retrieving Recomendations data summary for QTI: list index out of range
QTI loaded successfully
DLPN loaded successfully
ASTC loaded successfully
CJET loaded successfully
MYNA loaded successfully
YYAI loaded successfully
RLMD loaded successfully
TRUG loaded successfully
CSCI loaded successfully
AMOD loaded successfully
BMRA loaded successfully
NTRP loaded successfully
ADGM loaded successfully
CJJD loaded successfully
MNDR loaded successfully
INTJ loaded successfully
TLPH loaded successfully
UBXG loaded successfully
MKDW loaded successfully
BIAF loaded successfully
BHIL loaded successfully
APLM loaded successfully
ENSC loaded successfully
XELB loaded successfully
SGMA loaded successfully
AYTU loaded successfully
PEV loaded successfully
TSBX loaded successfully
CLRB loaded successfully
GVH loaded successfully
BTBD loaded successfully
LRHC loaded successfully
BCDA loaded successfully
GWAV loaded successfully
HWH loaded successfully
BREA loaded successfully
CLWT loaded successfully
JAGX loaded successfully
CTCX loaded successfully
CUTR loaded successfully
PRPO loaded successfully
HAO loaded successfully
MYNZ loaded successfully
HOTH loaded successfully
IVDA loaded successfully
PPBT loaded successfully
BOXL loaded successfully
GIPR loaded successfully
GSIW loaded successfully
AMST loaded successfully
EVGN loaded successfully
LIDR loaded successfully
KLTO loaded successfully
NITO loaded successfully
CARV loaded successfully
GITS loaded successfully
MARPS loaded successfully
Error retrieving Recomendations data summary for WBUY: list index out of range
WBUY loaded successfully
APDN loaded successfully
GDHG loaded successfully
VISL loaded successfully
CREV loaded successfully
MFI loaded successfully
MBIO loaded successfully
EVOK loaded successfully
ARTW loaded successfully
SOGP loaded successfully
AEMD loaded successfully
VRAX loaded successfully
ASNS loaded successfully
AIHS loaded successfully
NXU loaded successfully
SQFT loaded successfully
DOMH loaded successfully
WNW loaded successfully
GRNQ loaded successfully
SILO loaded successfully
HTOO loaded successfully
BNZI loaded successfully
KDLY loaded successfully
ELWS loaded successfully
HOFV loaded successfully
AIMD loaded successfully
OP loaded successfully
SYRA loaded successfully
HIHO loaded successfully
POAI loaded successfully
CMCT loaded successfully
MHUA loaded successfully
GV loaded successfully
NURO loaded successfully
KAVL loaded successfully
AWH loaded successfully
IBG loaded successfully
YJ loaded successfully
RDHL loaded successfully
CDT loaded successfully
Error retrieving Recomendations data summary for SVMH: list index out of range
SVMH loaded successfully
POLA loaded successfully
PMAX loaded successfully
JCSE loaded successfully
BFRI loaded successfully
FGI loaded successfully
OMH loaded successfully
ICU loaded successfully
TWG loaded successfully
AEI loaded successfully
LDWY loaded successfully
ROMA loaded successfully
SLE loaded successfully
JNVR loaded successfully
OTRK loaded successfully
GLTO loaded successfully
GURE loaded successfully
WAFU loaded successfully
EFOI loaded successfully
CYCN loaded successfully
WTO loaded successfully
PSTV loaded successfully
CRKN loaded successfully
CHEK loaded successfully
IDAI loaded successfully
PAVM loaded successfully
STRR loaded successfully
VS loaded successfully
LMFA loaded successfully
PHIO loaded successfully
MGRX loaded successfully
PNBK loaded successfully
RKDA loaded successfully
ANTE loaded successfully
ULY loaded successfully
BKYI loaded successfully
KRKR loaded successfully
VMAR loaded successfully
ADXN loaded successfully
IMG loaded successfully
BLMZ loaded successfully
XHG loaded successfully
QNTM loaded successfully
EYEN loaded successfully
XWEL loaded successfully
ONFO loaded successfully
XBIO loaded successfully
BGLC loaded successfully
ABVC loaded successfully
VIRX loaded successfully
JWEL loaded successfully
IPDN loaded successfully
IMCC loaded successfully
MRIN loaded successfully
VEEE loaded successfully
ELAB loaded successfully
FORD loaded successfully
ALZN loaded successfully
HYZN loaded successfully
INBS loaded successfully
LGCB loaded successfully
SRM loaded successfully
CHNR loaded successfully
KZIA loaded successfully
TGL loaded successfully
ADIL loaded successfully
APM loaded successfully
CTNT loaded successfully
GRI loaded successfully
EDSA loaded successfully
FRGT loaded successfully
PLRZ loaded successfully
CNSP loaded successfully
VERB loaded successfully
SNGX loaded successfully
ATPC loaded successfully
BLBX loaded successfully
FTFT loaded successfully
GNPX loaded successfully
ONVO loaded successfully
CMND loaded successfully
CREG loaded successfully
SBFM loaded successfully
YGMZ loaded successfully
CEAD loaded successfully
STAF loaded successfully
LXEH loaded successfully
LICN loaded successfully
SYRS loaded successfully
TNON loaded successfully
GXAI loaded successfully
GSUN loaded successfully
CISS loaded successfully
BON loaded successfully
CASK loaded successfully
AEHL loaded successfully
MBRX loaded successfully
EJH loaded successfully
REBN loaded successfully
LIXT loaded successfully
ASST loaded successfully
PBM loaded successfully
SNTG loaded successfully
GTBP loaded successfully
HCTI loaded successfully
VVPR loaded successfully
BTOG loaded successfully
YOSH loaded successfully
VINC loaded successfully
EDBL loaded successfully
BAOS loaded successfully
TTOO loaded successfully
AYRO loaded successfully
JTAI loaded successfully
CTHR loaded successfully
ALLR loaded successfully
MRM loaded successfully
SOPA loaded successfully
SONN loaded successfully
PRTG loaded successfully
ZAPP loaded successfully
SNPX loaded successfully
OST loaded successfully
NVFY loaded successfully
IMTE loaded successfully
NCNA loaded successfully
MSGM loaded successfully
ONCO loaded successfully
WATT loaded successfully
CERO loaded successfully
CETX loaded successfully
IVP loaded successfully
KXIN loaded successfully
GLMD loaded successfully
SINT loaded successfully
ATXG loaded successfully
NUWE loaded successfully
Error retrieving Recomendations data summary for EAST: list index out of range
EAST loaded successfully
LKCO loaded successfully
LTRY loaded successfully
VSME loaded successfully
DWTX loaded successfully
OCTO loaded successfully
ZCAR loaded successfully
ALBT loaded successfully
IFBD loaded successfully
CELZ loaded successfully
SGBX loaded successfully
JXG loaded successfully
OLB loaded successfully
OBLG loaded successfully
NIVF loaded successfully
STSS loaded successfully
HSDT loaded successfully
SUNE loaded successfully
ARTL loaded successfully
MULN loaded successfully
RELI loaded successfully
CNET loaded successfully
LGHL loaded successfully
ASTI loaded successfully
AGRI loaded successfully
PRSO loaded successfully
BPTH loaded successfully
INM loaded successfully
TIRX loaded successfully
SLRX loaded successfully
SNOA loaded successfully
ATXI loaded successfully
XRTX loaded successfully
XPON loaded successfully
ZVSA loaded successfully
LIPO loaded successfully
AQB loaded successfully
NCPL loaded successfully
BHAT loaded successfully
AMIX loaded successfully
WORX loaded successfully
HSCS loaded successfully
MYSZ loaded successfully
ENVB loaded successfully
NAYA loaded successfully
UPXI loaded successfully
NDRA loaded successfully
XYLO loaded successfully
RIME loaded successfully
TNFA loaded successfully
SNES loaded successfully
RSLS loaded successfully
SHPH loaded successfully
PTPI loaded successfully
KTTA loaded successfully
BENF loaded successfully
EVAX loaded successfully
XXII loaded successfully
TTNP loaded successfully
THAR loaded successfully
SNAX loaded successfully
QNRX loaded successfully
WHLR loaded successfully
TCTM loaded successfully
NLSP loaded successfully
QLGN loaded successfully
FAMI loaded successfully
SCNI loaded successfully
ATNF loaded successfully
TCBP loaded successfully
ICCT loaded successfully
Error retrieving Recomendations data summary for BCAN: list index out of range
BCAN loaded successfully
SISI loaded successfully
NVVE loaded successfully
AUUD loaded successfully
TCRT loaded successfully
BACK loaded successfully
PTIX loaded successfully
SVRE loaded successfully
LGMK loaded successfully
ENTO loaded successfully
DRMA loaded successfully
SGD loaded successfully
BDRX loaded successfully
UOKA loaded successfully
ICON loaded successfully
BBLG loaded successfully
VERO loaded successfully
SYTA loaded successfully
PCSA loaded successfully
TIVC loaded successfully
DGLY loaded successfully
TRNR loaded successfully
AKAN loaded successfully
ISPC loaded successfully
CYCC loaded successfully
APVO loaded successfully
HEPA loaded successfully
CNEY loaded successfully
AREB loaded successfully
TAOP loaded successfully
VLCN loaded successfully
PALI loaded successfully
GCTK loaded successfully
GNLN loaded successfully
SXTP loaded successfully
SPRC loaded successfully
GOEV loaded successfully
BJDX loaded successfully
WINT loaded successfully
NAOV loaded successfully
RNAZ loaded successfully
KWE loaded successfully
JFBR loaded successfully
AVGR loaded successfully
REVB loaded successfully
ADTX loaded successfully
SBET loaded successfully
TC loaded successfully
UK loaded successfully
PRFX loaded successfully
WLDS loaded successfully
MGOL loaded successfully
SXTC loaded successfully
VRPX loaded successfully
ALCE loaded successfully
EZGO loaded successfully
SMX loaded successfully
TANH loaded successfully
LYT loaded successfully
SPGC loaded successfully
SLXN loaded successfully
ADD loaded successfully
SOBR loaded successfully
ACON loaded successfully
STKH loaded successfully
All Recomendations data summaries saved to /var/www/fullstack/backend/apps/recommendation/utils/all_USA_NASDAQ.json
