/var/www/fullstack/backend/apps/fundamental/utils/statements.py:55: UserWarning: DataFrame columns are not unique, some columns will be omitted.
  data_dict = df.to_dict(orient='records')
/var/www/fullstack/backend/apps/fundamental/utils/statements.py:55: UserWarning: DataFrame columns are not unique, some columns will be omitted.
  data_dict = df.to_dict(orient='records')
/var/www/fullstack/backend/apps/fundamental/utils/statements.py:55: UserWarning: DataFrame columns are not unique, some columns will be omitted.
  data_dict = df.to_dict(orient='records')
Fetching ALOS3 fundamental data.
Fetching ALPA4 fundamental data.
Fetching ABEV3 fundamental data.
Fetching ASAI3 fundamental data.
Fetching AURE3 fundamental data.
Fetching AZUL4 fundamental data.
Fetching AZZA3 fundamental data.
Fetching B3SA3 fundamental data.
Fetching BBSE3 fundamental data.
Fetching BBDC3 fundamental data.
Fetching BBDC4 fundamental data.
Fetching BRAP4 fundamental data.
Fetching BBAS3 fundamental data.
Fetching BRKM5 fundamental data.
Fetching BRAV3 fundamental data.
Fetching BRFS3 fundamental data.
Fetching BPAC11 fundamental data.
Fetching CXSE3 fundamental data.
Fetching CRFB3 fundamental data.
Fetching CCRO3 fundamental data.
Fetching CMIG4 fundamental data.
Fetching COGN3 fundamental data.
Fetching CPLE6 fundamental data.
Fetching CSAN3 fundamental data.
Fetching CPFE3 fundamental data.
Fetching CMIN3 fundamental data.
Fetching CVCB3 fundamental data.
Fetching CYRE3 fundamental data.
Fetching ELET3 fundamental data.
Fetching ELET6 fundamental data.
Fetching EMBR3 fundamental data.
Fetching ENGI11 fundamental data.
Fetching ENEV3 fundamental data.
Fetching EGIE3 fundamental data.
Fetching EQTL3 fundamental data.
Fetching EZTC3 fundamental data.
Fetching FLRY3 fundamental data.
Fetching GGBR4 fundamental data.
Fetching GOAU4 fundamental data.
Fetching NTCO3 fundamental data.
Fetching HAPV3 fundamental data.
Fetching HYPE3 fundamental data.
Fetching IGTI11 fundamental data.
Fetching IRBR3 fundamental data.
Fetching ITSA4 fundamental data.
Fetching ITUB4 fundamental data.
Fetching JBSS3 fundamental data.
Fetching KLBN11 fundamental data.
Fetching RENT3 fundamental data.
Fetching LREN3 fundamental data.
Fetching LWSA3 fundamental data.
Fetching MGLU3 fundamental data.
Fetching MRFG3 fundamental data.
Fetching BEEF3 fundamental data.
Fetching MRVE3 fundamental data.
Fetching MULT3 fundamental data.
Fetching PCAR3 fundamental data.
Fetching PETR3 fundamental data.
Fetching PETR4 fundamental data.
Fetching RECV3 fundamental data.
Fetching PRIO3 fundamental data.
Fetching PETZ3 fundamental data.
Fetching RADL3 fundamental data.
Fetching RAIZ4 fundamental data.
Fetching RDOR3 fundamental data.
Fetching RAIL3 fundamental data.
Fetching SBSP3 fundamental data.
Fetching SANB11 fundamental data.
Fetching STBP3 fundamental data.
Fetching SMTO3 fundamental data.
Fetching CSNA3 fundamental data.
Fetching SLCE3 fundamental data.
Fetching SUZB3 fundamental data.
Fetching TAEE11 fundamental data.
Fetching VIVT3 fundamental data.
Fetching TIMS3 fundamental data.
Fetching TOTS3 fundamental data.
Fetching TRPL4 fundamental data.
Fetching UGPA3 fundamental data.
Fetching USIM5 fundamental data.
Fetching VALE3 fundamental data.
Fetching VAMO3 fundamental data.
Fetching VBBR3 fundamental data.
Fetching VIVA3 fundamental data.
Fetching WEGE3 fundamental data.
Fetching YDUQ3 fundamental data.
All data saved to /var/www/fullstack/backend/apps/fundamental/utils/statements_all.json
/var/www/fullstack/backend/apps/fundamental/utils/statements.py:55: UserWarning: DataFrame columns are not unique, some columns will be omitted.
  data_dict = df.to_dict(orient='records')
/var/www/fullstack/backend/apps/fundamental/utils/statements.py:55: UserWarning: DataFrame columns are not unique, some columns will be omitted.
  data_dict = df.to_dict(orient='records')
/var/www/fullstack/backend/apps/fundamental/utils/statements.py:55: UserWarning: DataFrame columns are not unique, some columns will be omitted.
  data_dict = df.to_dict(orient='records')
Fetching ALOS3 fundamental data.
Fetching ALPA4 fundamental data.
Fetching ABEV3 fundamental data.
Fetching ASAI3 fundamental data.
Fetching AURE3 fundamental data.
Fetching AZUL4 fundamental data.
Fetching AZZA3 fundamental data.
Fetching B3SA3 fundamental data.
Fetching BBSE3 fundamental data.
Fetching BBDC3 fundamental data.
Fetching BBDC4 fundamental data.
Fetching BRAP4 fundamental data.
Fetching BBAS3 fundamental data.
Fetching BRKM5 fundamental data.
Fetching BRAV3 fundamental data.
Fetching BRFS3 fundamental data.
Fetching BPAC11 fundamental data.
Fetching CXSE3 fundamental data.
Fetching CRFB3 fundamental data.
Fetching CCRO3 fundamental data.
Fetching CMIG4 fundamental data.
Fetching COGN3 fundamental data.
Fetching CPLE6 fundamental data.
Fetching CSAN3 fundamental data.
Fetching CPFE3 fundamental data.
Fetching CMIN3 fundamental data.
Fetching CVCB3 fundamental data.
Fetching CYRE3 fundamental data.
Fetching ELET3 fundamental data.
Fetching ELET6 fundamental data.
Fetching EMBR3 fundamental data.
Fetching ENGI11 fundamental data.
Fetching ENEV3 fundamental data.
Fetching EGIE3 fundamental data.
Fetching EQTL3 fundamental data.
Fetching EZTC3 fundamental data.
Fetching FLRY3 fundamental data.
Fetching GGBR4 fundamental data.
Fetching GOAU4 fundamental data.
Fetching NTCO3 fundamental data.
Fetching HAPV3 fundamental data.
Fetching HYPE3 fundamental data.
Fetching IGTI11 fundamental data.
Fetching IRBR3 fundamental data.
Fetching ITSA4 fundamental data.
Fetching ITUB4 fundamental data.
Fetching JBSS3 fundamental data.
Fetching KLBN11 fundamental data.
Fetching RENT3 fundamental data.
Fetching LREN3 fundamental data.
Fetching LWSA3 fundamental data.
Fetching MGLU3 fundamental data.
Fetching MRFG3 fundamental data.
Fetching BEEF3 fundamental data.
Fetching MRVE3 fundamental data.
Fetching MULT3 fundamental data.
Fetching PCAR3 fundamental data.
Fetching PETR3 fundamental data.
Fetching PETR4 fundamental data.
Fetching RECV3 fundamental data.
Fetching PRIO3 fundamental data.
Fetching PETZ3 fundamental data.
Fetching RADL3 fundamental data.
Fetching RAIZ4 fundamental data.
Fetching RDOR3 fundamental data.
Fetching RAIL3 fundamental data.
Fetching SBSP3 fundamental data.
Fetching SANB11 fundamental data.
Fetching STBP3 fundamental data.
Fetching SMTO3 fundamental data.
Fetching CSNA3 fundamental data.
Fetching SLCE3 fundamental data.
Fetching SUZB3 fundamental data.
Fetching TAEE11 fundamental data.
Fetching VIVT3 fundamental data.
Fetching TIMS3 fundamental data.
Fetching TOTS3 fundamental data.
Fetching TRPL4 fundamental data.
Fetching UGPA3 fundamental data.
Fetching USIM5 fundamental data.
Fetching VALE3 fundamental data.
Fetching VAMO3 fundamental data.
Fetching VBBR3 fundamental data.
Fetching VIVA3 fundamental data.
Fetching WEGE3 fundamental data.
Fetching YDUQ3 fundamental data.
All data saved to /var/www/fullstack/backend/apps/fundamental/utils/statements_all.json
/var/www/fullstack/backend/apps/fundamental/utils/statements.py:55: UserWarning: DataFrame columns are not unique, some columns will be omitted.
  data_dict = df.to_dict(orient='records')
/var/www/fullstack/backend/apps/fundamental/utils/statements.py:55: UserWarning: DataFrame columns are not unique, some columns will be omitted.
  data_dict = df.to_dict(orient='records')
/var/www/fullstack/backend/apps/fundamental/utils/statements.py:55: UserWarning: DataFrame columns are not unique, some columns will be omitted.
  data_dict = df.to_dict(orient='records')
Fetching ALOS3 fundamental data.
Fetching ALPA4 fundamental data.
Fetching ABEV3 fundamental data.
Fetching ASAI3 fundamental data.
Fetching AURE3 fundamental data.
Fetching AZUL4 fundamental data.
Fetching AZZA3 fundamental data.
Fetching B3SA3 fundamental data.
Fetching BBSE3 fundamental data.
Fetching BBDC3 fundamental data.
Fetching BBDC4 fundamental data.
Fetching BRAP4 fundamental data.
Fetching BBAS3 fundamental data.
Fetching BRKM5 fundamental data.
Fetching BRAV3 fundamental data.
Fetching BRFS3 fundamental data.
Fetching BPAC11 fundamental data.
Fetching CXSE3 fundamental data.
Fetching CRFB3 fundamental data.
Fetching CCRO3 fundamental data.
Fetching CMIG4 fundamental data.
Fetching COGN3 fundamental data.
Fetching CPLE6 fundamental data.
Fetching CSAN3 fundamental data.
Fetching CPFE3 fundamental data.
Fetching CMIN3 fundamental data.
Fetching CVCB3 fundamental data.
Fetching CYRE3 fundamental data.
Fetching ELET3 fundamental data.
Fetching ELET6 fundamental data.
Fetching EMBR3 fundamental data.
Fetching ENGI11 fundamental data.
Fetching ENEV3 fundamental data.
Fetching EGIE3 fundamental data.
Fetching EQTL3 fundamental data.
Fetching EZTC3 fundamental data.
Fetching FLRY3 fundamental data.
Fetching GGBR4 fundamental data.
Fetching GOAU4 fundamental data.
Fetching NTCO3 fundamental data.
Fetching HAPV3 fundamental data.
Fetching HYPE3 fundamental data.
Fetching IGTI11 fundamental data.
Fetching IRBR3 fundamental data.
Fetching ITSA4 fundamental data.
Fetching ITUB4 fundamental data.
Fetching JBSS3 fundamental data.
Fetching KLBN11 fundamental data.
Fetching RENT3 fundamental data.
Fetching LREN3 fundamental data.
Fetching LWSA3 fundamental data.
Fetching MGLU3 fundamental data.
Fetching MRFG3 fundamental data.
Fetching BEEF3 fundamental data.
Fetching MRVE3 fundamental data.
Fetching MULT3 fundamental data.
Fetching PCAR3 fundamental data.
Fetching PETR3 fundamental data.
Fetching PETR4 fundamental data.
Fetching RECV3 fundamental data.
Fetching PRIO3 fundamental data.
Fetching PETZ3 fundamental data.
Fetching RADL3 fundamental data.
Fetching RAIZ4 fundamental data.
Fetching RDOR3 fundamental data.
Fetching RAIL3 fundamental data.
Fetching SBSP3 fundamental data.
Fetching SANB11 fundamental data.
Fetching STBP3 fundamental data.
Fetching SMTO3 fundamental data.
Fetching CSNA3 fundamental data.
Fetching SLCE3 fundamental data.
Fetching SUZB3 fundamental data.
Fetching TAEE11 fundamental data.
Fetching VIVT3 fundamental data.
Fetching TIMS3 fundamental data.
Fetching TOTS3 fundamental data.
Fetching TRPL4 fundamental data.
Fetching UGPA3 fundamental data.
Fetching USIM5 fundamental data.
Fetching VALE3 fundamental data.
Fetching VAMO3 fundamental data.
Fetching VBBR3 fundamental data.
Fetching VIVA3 fundamental data.
Fetching WEGE3 fundamental data.
Fetching YDUQ3 fundamental data.
All data saved to /var/www/fullstack/backend/apps/fundamental/utils/statements_all.json
/var/www/fullstack/backend/apps/fundamental/utils/statements.py:55: UserWarning: DataFrame columns are not unique, some columns will be omitted.
  data_dict = df.to_dict(orient='records')
/var/www/fullstack/backend/apps/fundamental/utils/statements.py:55: UserWarning: DataFrame columns are not unique, some columns will be omitted.
  data_dict = df.to_dict(orient='records')
/var/www/fullstack/backend/apps/fundamental/utils/statements.py:55: UserWarning: DataFrame columns are not unique, some columns will be omitted.
  data_dict = df.to_dict(orient='records')
Fetching ALOS3 fundamental data.
Fetching ALPA4 fundamental data.
Fetching ABEV3 fundamental data.
Fetching ASAI3 fundamental data.
Fetching AURE3 fundamental data.
Fetching AZUL4 fundamental data.
Fetching AZZA3 fundamental data.
Fetching B3SA3 fundamental data.
Fetching BBSE3 fundamental data.
Fetching BBDC3 fundamental data.
Fetching BBDC4 fundamental data.
Fetching BRAP4 fundamental data.
Fetching BBAS3 fundamental data.
Fetching BRKM5 fundamental data.
Fetching BRAV3 fundamental data.
Fetching BRFS3 fundamental data.
Fetching BPAC11 fundamental data.
Fetching CXSE3 fundamental data.
Fetching CRFB3 fundamental data.
Fetching CCRO3 fundamental data.
Fetching CMIG4 fundamental data.
Fetching COGN3 fundamental data.
Fetching CPLE6 fundamental data.
Fetching CSAN3 fundamental data.
Fetching CPFE3 fundamental data.
Fetching CMIN3 fundamental data.
Fetching CVCB3 fundamental data.
Fetching CYRE3 fundamental data.
Fetching ELET3 fundamental data.
Fetching ELET6 fundamental data.
Fetching EMBR3 fundamental data.
Fetching ENGI11 fundamental data.
Fetching ENEV3 fundamental data.
Fetching EGIE3 fundamental data.
Fetching EQTL3 fundamental data.
Fetching EZTC3 fundamental data.
Fetching FLRY3 fundamental data.
Fetching GGBR4 fundamental data.
Fetching GOAU4 fundamental data.
Fetching NTCO3 fundamental data.
Fetching HAPV3 fundamental data.
Fetching HYPE3 fundamental data.
Fetching IGTI11 fundamental data.
Fetching IRBR3 fundamental data.
Fetching ITSA4 fundamental data.
Fetching ITUB4 fundamental data.
Fetching JBSS3 fundamental data.
Fetching KLBN11 fundamental data.
Fetching RENT3 fundamental data.
Fetching LREN3 fundamental data.
Fetching LWSA3 fundamental data.
Fetching MGLU3 fundamental data.
Fetching MRFG3 fundamental data.
Fetching BEEF3 fundamental data.
Fetching MRVE3 fundamental data.
Fetching MULT3 fundamental data.
Fetching PCAR3 fundamental data.
Fetching PETR3 fundamental data.
Fetching PETR4 fundamental data.
Fetching RECV3 fundamental data.
Fetching PRIO3 fundamental data.
Fetching PETZ3 fundamental data.
Fetching RADL3 fundamental data.
Fetching RAIZ4 fundamental data.
Fetching RDOR3 fundamental data.
Fetching RAIL3 fundamental data.
Fetching SBSP3 fundamental data.
Fetching SANB11 fundamental data.
Fetching STBP3 fundamental data.
Fetching SMTO3 fundamental data.
Fetching CSNA3 fundamental data.
Fetching SLCE3 fundamental data.
Fetching SUZB3 fundamental data.
Fetching TAEE11 fundamental data.
Fetching VIVT3 fundamental data.
Fetching TIMS3 fundamental data.
Fetching TOTS3 fundamental data.
Fetching TRPL4 fundamental data.
Fetching UGPA3 fundamental data.
Fetching USIM5 fundamental data.
Fetching VALE3 fundamental data.
Fetching VAMO3 fundamental data.
Fetching VBBR3 fundamental data.
Fetching VIVA3 fundamental data.
Fetching WEGE3 fundamental data.
Fetching YDUQ3 fundamental data.
All data saved to /var/www/fullstack/backend/apps/fundamental/utils/statements_all.json
/var/www/fullstack/backend/apps/fundamental/utils/statements.py:55: UserWarning: DataFrame columns are not unique, some columns will be omitted.
  data_dict = df.to_dict(orient='records')
/var/www/fullstack/backend/apps/fundamental/utils/statements.py:55: UserWarning: DataFrame columns are not unique, some columns will be omitted.
  data_dict = df.to_dict(orient='records')
/var/www/fullstack/backend/apps/fundamental/utils/statements.py:55: UserWarning: DataFrame columns are not unique, some columns will be omitted.
  data_dict = df.to_dict(orient='records')
Fetching ALOS3 fundamental data.
Fetching ALPA4 fundamental data.
Fetching ABEV3 fundamental data.
Fetching ASAI3 fundamental data.
Fetching AURE3 fundamental data.
Fetching AZUL4 fundamental data.
Fetching AZZA3 fundamental data.
Fetching B3SA3 fundamental data.
Fetching BBSE3 fundamental data.
Fetching BBDC3 fundamental data.
Fetching BBDC4 fundamental data.
Fetching BRAP4 fundamental data.
Fetching BBAS3 fundamental data.
Fetching BRKM5 fundamental data.
Fetching BRAV3 fundamental data.
Fetching BRFS3 fundamental data.
Fetching BPAC11 fundamental data.
Fetching CXSE3 fundamental data.
Fetching CRFB3 fundamental data.
Fetching CCRO3 fundamental data.
Fetching CMIG4 fundamental data.
Fetching COGN3 fundamental data.
Fetching CPLE6 fundamental data.
Fetching CSAN3 fundamental data.
Fetching CPFE3 fundamental data.
Fetching CMIN3 fundamental data.
Fetching CVCB3 fundamental data.
Fetching CYRE3 fundamental data.
Fetching ELET3 fundamental data.
Fetching ELET6 fundamental data.
Fetching EMBR3 fundamental data.
Fetching ENGI11 fundamental data.
Fetching ENEV3 fundamental data.
Fetching EGIE3 fundamental data.
Fetching EQTL3 fundamental data.
Fetching EZTC3 fundamental data.
Fetching FLRY3 fundamental data.
Fetching GGBR4 fundamental data.
Fetching GOAU4 fundamental data.
Fetching NTCO3 fundamental data.
Fetching HAPV3 fundamental data.
Fetching HYPE3 fundamental data.
Fetching IGTI11 fundamental data.
Fetching IRBR3 fundamental data.
Fetching ITSA4 fundamental data.
Fetching ITUB4 fundamental data.
Fetching JBSS3 fundamental data.
Fetching KLBN11 fundamental data.
Fetching RENT3 fundamental data.
Fetching LREN3 fundamental data.
Fetching LWSA3 fundamental data.
Fetching MGLU3 fundamental data.
Fetching MRFG3 fundamental data.
Fetching BEEF3 fundamental data.
Fetching MRVE3 fundamental data.
Fetching MULT3 fundamental data.
Fetching PCAR3 fundamental data.
Fetching PETR3 fundamental data.
Fetching PETR4 fundamental data.
Fetching RECV3 fundamental data.
Fetching PRIO3 fundamental data.
Fetching PETZ3 fundamental data.
Fetching RADL3 fundamental data.
Fetching RAIZ4 fundamental data.
Fetching RDOR3 fundamental data.
Fetching RAIL3 fundamental data.
Fetching SBSP3 fundamental data.
Fetching SANB11 fundamental data.
Fetching STBP3 fundamental data.
Fetching SMTO3 fundamental data.
Fetching CSNA3 fundamental data.
Fetching SLCE3 fundamental data.
Fetching SUZB3 fundamental data.
Fetching TAEE11 fundamental data.
Fetching VIVT3 fundamental data.
Fetching TIMS3 fundamental data.
Fetching TOTS3 fundamental data.
Fetching TRPL4 fundamental data.
Fetching UGPA3 fundamental data.
Fetching USIM5 fundamental data.
Fetching VALE3 fundamental data.
Fetching VAMO3 fundamental data.
Fetching VBBR3 fundamental data.
Fetching VIVA3 fundamental data.
Fetching WEGE3 fundamental data.
Fetching YDUQ3 fundamental data.
All data saved to /var/www/fullstack/backend/apps/fundamental/utils/statements_all.json
/var/www/fullstack/backend/apps/fundamental/utils/statements.py:55: UserWarning: DataFrame columns are not unique, some columns will be omitted.
  data_dict = df.to_dict(orient='records')
/var/www/fullstack/backend/apps/fundamental/utils/statements.py:55: UserWarning: DataFrame columns are not unique, some columns will be omitted.
  data_dict = df.to_dict(orient='records')
/var/www/fullstack/backend/apps/fundamental/utils/statements.py:55: UserWarning: DataFrame columns are not unique, some columns will be omitted.
  data_dict = df.to_dict(orient='records')
Fetching ALOS3 fundamental data.
Fetching ALPA4 fundamental data.
Fetching ABEV3 fundamental data.
Fetching ASAI3 fundamental data.
Fetching AURE3 fundamental data.
Fetching AZUL4 fundamental data.
Fetching AZZA3 fundamental data.
Fetching B3SA3 fundamental data.
Fetching BBSE3 fundamental data.
Fetching BBDC3 fundamental data.
Fetching BBDC4 fundamental data.
Fetching BRAP4 fundamental data.
Fetching BBAS3 fundamental data.
Fetching BRKM5 fundamental data.
Fetching BRAV3 fundamental data.
Fetching BRFS3 fundamental data.
Fetching BPAC11 fundamental data.
Fetching CXSE3 fundamental data.
Fetching CRFB3 fundamental data.
Fetching CCRO3 fundamental data.
Fetching CMIG4 fundamental data.
Fetching COGN3 fundamental data.
Fetching CPLE6 fundamental data.
Fetching CSAN3 fundamental data.
Fetching CPFE3 fundamental data.
Fetching CMIN3 fundamental data.
Fetching CVCB3 fundamental data.
Fetching CYRE3 fundamental data.
Fetching ELET3 fundamental data.
Fetching ELET6 fundamental data.
Fetching EMBR3 fundamental data.
Fetching ENGI11 fundamental data.
Fetching ENEV3 fundamental data.
Fetching EGIE3 fundamental data.
Fetching EQTL3 fundamental data.
Fetching EZTC3 fundamental data.
Fetching FLRY3 fundamental data.
Fetching GGBR4 fundamental data.
Fetching GOAU4 fundamental data.
Fetching NTCO3 fundamental data.
Fetching HAPV3 fundamental data.
Fetching HYPE3 fundamental data.
Fetching IGTI11 fundamental data.
Fetching IRBR3 fundamental data.
Fetching ITSA4 fundamental data.
Fetching ITUB4 fundamental data.
Fetching JBSS3 fundamental data.
Fetching KLBN11 fundamental data.
Fetching RENT3 fundamental data.
Fetching LREN3 fundamental data.
Fetching LWSA3 fundamental data.
Fetching MGLU3 fundamental data.
Fetching MRFG3 fundamental data.
Fetching BEEF3 fundamental data.
Fetching MRVE3 fundamental data.
Fetching MULT3 fundamental data.
Fetching PCAR3 fundamental data.
Fetching PETR3 fundamental data.
Fetching PETR4 fundamental data.
Fetching RECV3 fundamental data.
Fetching PRIO3 fundamental data.
Fetching PETZ3 fundamental data.
Fetching RADL3 fundamental data.
Fetching RAIZ4 fundamental data.
Fetching RDOR3 fundamental data.
Fetching RAIL3 fundamental data.
Fetching SBSP3 fundamental data.
Fetching SANB11 fundamental data.
Fetching STBP3 fundamental data.
Fetching SMTO3 fundamental data.
Fetching CSNA3 fundamental data.
Fetching SLCE3 fundamental data.
Fetching SUZB3 fundamental data.
Fetching TAEE11 fundamental data.
Fetching VIVT3 fundamental data.
Fetching TIMS3 fundamental data.
Fetching TOTS3 fundamental data.
Fetching TRPL4 fundamental data.
Fetching UGPA3 fundamental data.
Fetching USIM5 fundamental data.
Fetching VALE3 fundamental data.
Fetching VAMO3 fundamental data.
Fetching VBBR3 fundamental data.
Fetching VIVA3 fundamental data.
Fetching WEGE3 fundamental data.
Fetching YDUQ3 fundamental data.
All data saved to /var/www/fullstack/backend/apps/fundamental/utils/statements_all.json
/var/www/fullstack/backend/apps/fundamental/utils/statements.py:55: UserWarning: DataFrame columns are not unique, some columns will be omitted.
  data_dict = df.to_dict(orient='records')
/var/www/fullstack/backend/apps/fundamental/utils/statements.py:55: UserWarning: DataFrame columns are not unique, some columns will be omitted.
  data_dict = df.to_dict(orient='records')
/var/www/fullstack/backend/apps/fundamental/utils/statements.py:55: UserWarning: DataFrame columns are not unique, some columns will be omitted.
  data_dict = df.to_dict(orient='records')
Fetching ALOS3 fundamental data.
Fetching ALPA4 fundamental data.
Fetching ABEV3 fundamental data.
Fetching ASAI3 fundamental data.
Fetching AURE3 fundamental data.
Fetching AZUL4 fundamental data.
Fetching AZZA3 fundamental data.
Fetching B3SA3 fundamental data.
Fetching BBSE3 fundamental data.
Fetching BBDC3 fundamental data.
Fetching BBDC4 fundamental data.
Fetching BRAP4 fundamental data.
Fetching BBAS3 fundamental data.
Fetching BRKM5 fundamental data.
Fetching BRAV3 fundamental data.
Fetching BRFS3 fundamental data.
Fetching BPAC11 fundamental data.
Fetching CXSE3 fundamental data.
Fetching CRFB3 fundamental data.
Fetching CCRO3 fundamental data.
Fetching CMIG4 fundamental data.
Fetching COGN3 fundamental data.
Fetching CPLE6 fundamental data.
Fetching CSAN3 fundamental data.
Fetching CPFE3 fundamental data.
Fetching CMIN3 fundamental data.
Fetching CVCB3 fundamental data.
Fetching CYRE3 fundamental data.
Fetching ELET3 fundamental data.
Fetching ELET6 fundamental data.
Fetching EMBR3 fundamental data.
Fetching ENGI11 fundamental data.
Fetching ENEV3 fundamental data.
Fetching EGIE3 fundamental data.
Fetching EQTL3 fundamental data.
Fetching EZTC3 fundamental data.
Fetching FLRY3 fundamental data.
Fetching GGBR4 fundamental data.
Fetching GOAU4 fundamental data.
Fetching NTCO3 fundamental data.
Fetching HAPV3 fundamental data.
Fetching HYPE3 fundamental data.
Fetching IGTI11 fundamental data.
Fetching IRBR3 fundamental data.
Fetching ITSA4 fundamental data.
Fetching ITUB4 fundamental data.
Fetching JBSS3 fundamental data.
Fetching KLBN11 fundamental data.
Fetching RENT3 fundamental data.
Fetching LREN3 fundamental data.
Fetching LWSA3 fundamental data.
Fetching MGLU3 fundamental data.
Fetching MRFG3 fundamental data.
Fetching BEEF3 fundamental data.
Fetching MRVE3 fundamental data.
Fetching MULT3 fundamental data.
Fetching PCAR3 fundamental data.
Fetching PETR3 fundamental data.
Fetching PETR4 fundamental data.
Fetching RECV3 fundamental data.
Fetching PRIO3 fundamental data.
Fetching PETZ3 fundamental data.
Fetching RADL3 fundamental data.
Fetching RAIZ4 fundamental data.
Fetching RDOR3 fundamental data.
Fetching RAIL3 fundamental data.
Fetching SBSP3 fundamental data.
Fetching SANB11 fundamental data.
Fetching STBP3 fundamental data.
Fetching SMTO3 fundamental data.
Fetching CSNA3 fundamental data.
Fetching SLCE3 fundamental data.
Fetching SUZB3 fundamental data.
Fetching TAEE11 fundamental data.
Fetching VIVT3 fundamental data.
Fetching TIMS3 fundamental data.
Fetching TOTS3 fundamental data.
Fetching TRPL4 fundamental data.
Fetching UGPA3 fundamental data.
Fetching USIM5 fundamental data.
Fetching VALE3 fundamental data.
Fetching VAMO3 fundamental data.
Fetching VBBR3 fundamental data.
Fetching VIVA3 fundamental data.
Fetching WEGE3 fundamental data.
Fetching YDUQ3 fundamental data.
All data saved to /var/www/fullstack/backend/apps/fundamental/utils/statements_all.json
/var/www/fullstack/backend/apps/fundamental/utils/statements.py:55: UserWarning: DataFrame columns are not unique, some columns will be omitted.
  data_dict = df.to_dict(orient='records')
/var/www/fullstack/backend/apps/fundamental/utils/statements.py:55: UserWarning: DataFrame columns are not unique, some columns will be omitted.
  data_dict = df.to_dict(orient='records')
/var/www/fullstack/backend/apps/fundamental/utils/statements.py:55: UserWarning: DataFrame columns are not unique, some columns will be omitted.
  data_dict = df.to_dict(orient='records')
Fetching ALOS3 fundamental data.
Fetching ALPA4 fundamental data.
Fetching ABEV3 fundamental data.
Fetching ASAI3 fundamental data.
Fetching AURE3 fundamental data.
Fetching AZUL4 fundamental data.
Fetching AZZA3 fundamental data.
Fetching B3SA3 fundamental data.
Fetching BBSE3 fundamental data.
Fetching BBDC3 fundamental data.
Fetching BBDC4 fundamental data.
Fetching BRAP4 fundamental data.
Fetching BBAS3 fundamental data.
Fetching BRKM5 fundamental data.
Fetching BRAV3 fundamental data.
Fetching BRFS3 fundamental data.
Fetching BPAC11 fundamental data.
Fetching CXSE3 fundamental data.
Fetching CRFB3 fundamental data.
Fetching CCRO3 fundamental data.
Fetching CMIG4 fundamental data.
Fetching COGN3 fundamental data.
Fetching CPLE6 fundamental data.
Fetching CSAN3 fundamental data.
Fetching CPFE3 fundamental data.
Fetching CMIN3 fundamental data.
Fetching CVCB3 fundamental data.
Fetching CYRE3 fundamental data.
Fetching ELET3 fundamental data.
Fetching ELET6 fundamental data.
Fetching EMBR3 fundamental data.
Fetching ENGI11 fundamental data.
Fetching ENEV3 fundamental data.
Fetching EGIE3 fundamental data.
Fetching EQTL3 fundamental data.
Fetching EZTC3 fundamental data.
Fetching FLRY3 fundamental data.
Fetching GGBR4 fundamental data.
Fetching GOAU4 fundamental data.
Fetching NTCO3 fundamental data.
Fetching HAPV3 fundamental data.
Fetching HYPE3 fundamental data.
Fetching IGTI11 fundamental data.
Fetching IRBR3 fundamental data.
Fetching ITSA4 fundamental data.
Fetching ITUB4 fundamental data.
Fetching JBSS3 fundamental data.
Fetching KLBN11 fundamental data.
Fetching RENT3 fundamental data.
Fetching LREN3 fundamental data.
Fetching LWSA3 fundamental data.
Fetching MGLU3 fundamental data.
Fetching MRFG3 fundamental data.
Fetching BEEF3 fundamental data.
Fetching MRVE3 fundamental data.
Fetching MULT3 fundamental data.
Fetching PCAR3 fundamental data.
Fetching PETR3 fundamental data.
Fetching PETR4 fundamental data.
Fetching RECV3 fundamental data.
Fetching PRIO3 fundamental data.
Fetching PETZ3 fundamental data.
Fetching RADL3 fundamental data.
Fetching RAIZ4 fundamental data.
Fetching RDOR3 fundamental data.
Fetching RAIL3 fundamental data.
Fetching SBSP3 fundamental data.
Fetching SANB11 fundamental data.
Fetching STBP3 fundamental data.
Fetching SMTO3 fundamental data.
Fetching CSNA3 fundamental data.
Fetching SLCE3 fundamental data.
Fetching SUZB3 fundamental data.
Fetching TAEE11 fundamental data.
Fetching VIVT3 fundamental data.
Fetching TIMS3 fundamental data.
Fetching TOTS3 fundamental data.
Fetching TRPL4 fundamental data.
Fetching UGPA3 fundamental data.
Fetching USIM5 fundamental data.
Fetching VALE3 fundamental data.
Fetching VAMO3 fundamental data.
Fetching VBBR3 fundamental data.
Fetching VIVA3 fundamental data.
Fetching WEGE3 fundamental data.
Fetching YDUQ3 fundamental data.
All data saved to /var/www/fullstack/backend/apps/fundamental/utils/statements_all.json
/var/www/fullstack/backend/apps/fundamental/utils/statements.py:55: UserWarning: DataFrame columns are not unique, some columns will be omitted.
  data_dict = df.to_dict(orient='records')
/var/www/fullstack/backend/apps/fundamental/utils/statements.py:55: UserWarning: DataFrame columns are not unique, some columns will be omitted.
  data_dict = df.to_dict(orient='records')
/var/www/fullstack/backend/apps/fundamental/utils/statements.py:55: UserWarning: DataFrame columns are not unique, some columns will be omitted.
  data_dict = df.to_dict(orient='records')
Fetching ALOS3 fundamental data.
Fetching ALPA4 fundamental data.
Fetching ABEV3 fundamental data.
Fetching ASAI3 fundamental data.
Fetching AURE3 fundamental data.
Fetching AZUL4 fundamental data.
Fetching AZZA3 fundamental data.
Fetching B3SA3 fundamental data.
Fetching BBSE3 fundamental data.
Fetching BBDC3 fundamental data.
Fetching BBDC4 fundamental data.
Fetching BRAP4 fundamental data.
Fetching BBAS3 fundamental data.
Fetching BRKM5 fundamental data.
Fetching BRAV3 fundamental data.
Fetching BRFS3 fundamental data.
Fetching BPAC11 fundamental data.
Fetching CXSE3 fundamental data.
Fetching CRFB3 fundamental data.
Fetching CCRO3 fundamental data.
Fetching CMIG4 fundamental data.
Fetching COGN3 fundamental data.
Fetching CPLE6 fundamental data.
Fetching CSAN3 fundamental data.
Fetching CPFE3 fundamental data.
Fetching CMIN3 fundamental data.
Fetching CVCB3 fundamental data.
Fetching CYRE3 fundamental data.
Fetching ELET3 fundamental data.
Fetching ELET6 fundamental data.
Fetching EMBR3 fundamental data.
Fetching ENGI11 fundamental data.
Fetching ENEV3 fundamental data.
Fetching EGIE3 fundamental data.
Fetching EQTL3 fundamental data.
Fetching EZTC3 fundamental data.
Fetching FLRY3 fundamental data.
Fetching GGBR4 fundamental data.
Fetching GOAU4 fundamental data.
Fetching NTCO3 fundamental data.
Fetching HAPV3 fundamental data.
Fetching HYPE3 fundamental data.
Fetching IGTI11 fundamental data.
Fetching IRBR3 fundamental data.
Fetching ITSA4 fundamental data.
Fetching ITUB4 fundamental data.
Fetching JBSS3 fundamental data.
Fetching KLBN11 fundamental data.
Fetching RENT3 fundamental data.
Fetching LREN3 fundamental data.
Fetching LWSA3 fundamental data.
Fetching MGLU3 fundamental data.
Fetching MRFG3 fundamental data.
Fetching BEEF3 fundamental data.
Fetching MRVE3 fundamental data.
Fetching MULT3 fundamental data.
Fetching PCAR3 fundamental data.
Fetching PETR3 fundamental data.
Fetching PETR4 fundamental data.
Fetching RECV3 fundamental data.
Fetching PRIO3 fundamental data.
Fetching PETZ3 fundamental data.
Fetching RADL3 fundamental data.
Fetching RAIZ4 fundamental data.
Fetching RDOR3 fundamental data.
Fetching RAIL3 fundamental data.
Fetching SBSP3 fundamental data.
Fetching SANB11 fundamental data.
Fetching STBP3 fundamental data.
Fetching SMTO3 fundamental data.
Fetching CSNA3 fundamental data.
Fetching SLCE3 fundamental data.
Fetching SUZB3 fundamental data.
Fetching TAEE11 fundamental data.
Fetching VIVT3 fundamental data.
Fetching TIMS3 fundamental data.
Fetching TOTS3 fundamental data.
Fetching TRPL4 fundamental data.
Fetching UGPA3 fundamental data.
Fetching USIM5 fundamental data.
Fetching VALE3 fundamental data.
Fetching VAMO3 fundamental data.
Fetching VBBR3 fundamental data.
Fetching VIVA3 fundamental data.
Fetching WEGE3 fundamental data.
Fetching YDUQ3 fundamental data.
All data saved to /var/www/fullstack/backend/apps/fundamental/utils/statements_all.json
/var/www/fullstack/backend/apps/fundamental/utils/statements.py:55: UserWarning: DataFrame columns are not unique, some columns will be omitted.
  data_dict = df.to_dict(orient='records')
/var/www/fullstack/backend/apps/fundamental/utils/statements.py:55: UserWarning: DataFrame columns are not unique, some columns will be omitted.
  data_dict = df.to_dict(orient='records')
/var/www/fullstack/backend/apps/fundamental/utils/statements.py:55: UserWarning: DataFrame columns are not unique, some columns will be omitted.
  data_dict = df.to_dict(orient='records')
Fetching ALOS3 fundamental data.
Fetching ALPA4 fundamental data.
Fetching ABEV3 fundamental data.
Fetching ASAI3 fundamental data.
Fetching AURE3 fundamental data.
Fetching AZUL4 fundamental data.
Fetching AZZA3 fundamental data.
Fetching B3SA3 fundamental data.
Fetching BBSE3 fundamental data.
Fetching BBDC3 fundamental data.
Fetching BBDC4 fundamental data.
Fetching BRAP4 fundamental data.
Fetching BBAS3 fundamental data.
Fetching BRKM5 fundamental data.
Fetching BRAV3 fundamental data.
Fetching BRFS3 fundamental data.
Fetching BPAC11 fundamental data.
Fetching CXSE3 fundamental data.
Fetching CRFB3 fundamental data.
Fetching CCRO3 fundamental data.
Fetching CMIG4 fundamental data.
Fetching COGN3 fundamental data.
Fetching CPLE6 fundamental data.
Fetching CSAN3 fundamental data.
Fetching CPFE3 fundamental data.
Fetching CMIN3 fundamental data.
Fetching CVCB3 fundamental data.
Fetching CYRE3 fundamental data.
Fetching ELET3 fundamental data.
Fetching ELET6 fundamental data.
Fetching EMBR3 fundamental data.
Fetching ENGI11 fundamental data.
Fetching ENEV3 fundamental data.
Fetching EGIE3 fundamental data.
Fetching EQTL3 fundamental data.
Fetching EZTC3 fundamental data.
Fetching FLRY3 fundamental data.
Fetching GGBR4 fundamental data.
Fetching GOAU4 fundamental data.
Fetching NTCO3 fundamental data.
Fetching HAPV3 fundamental data.
Fetching HYPE3 fundamental data.
Fetching IGTI11 fundamental data.
Fetching IRBR3 fundamental data.
Fetching ITSA4 fundamental data.
Fetching ITUB4 fundamental data.
Fetching JBSS3 fundamental data.
Fetching KLBN11 fundamental data.
Fetching RENT3 fundamental data.
Fetching LREN3 fundamental data.
Fetching LWSA3 fundamental data.
Fetching MGLU3 fundamental data.
Fetching MRFG3 fundamental data.
Fetching BEEF3 fundamental data.
Fetching MRVE3 fundamental data.
Fetching MULT3 fundamental data.
Fetching PCAR3 fundamental data.
Fetching PETR3 fundamental data.
Fetching PETR4 fundamental data.
Fetching RECV3 fundamental data.
Fetching PRIO3 fundamental data.
Fetching PETZ3 fundamental data.
Fetching RADL3 fundamental data.
Fetching RAIZ4 fundamental data.
Fetching RDOR3 fundamental data.
Fetching RAIL3 fundamental data.
Fetching SBSP3 fundamental data.
Fetching SANB11 fundamental data.
Fetching STBP3 fundamental data.
Fetching SMTO3 fundamental data.
Fetching CSNA3 fundamental data.
Fetching SLCE3 fundamental data.
Fetching SUZB3 fundamental data.
Fetching TAEE11 fundamental data.
Fetching VIVT3 fundamental data.
Fetching TIMS3 fundamental data.
Fetching TOTS3 fundamental data.
Fetching TRPL4 fundamental data.
Fetching UGPA3 fundamental data.
Fetching USIM5 fundamental data.
Fetching VALE3 fundamental data.
Fetching VAMO3 fundamental data.
Fetching VBBR3 fundamental data.
Fetching VIVA3 fundamental data.
Fetching WEGE3 fundamental data.
Fetching YDUQ3 fundamental data.
All data saved to /var/www/fullstack/backend/apps/fundamental/utils/statements_all.json
/var/www/fullstack/backend/apps/fundamental/utils/statements.py:55: UserWarning: DataFrame columns are not unique, some columns will be omitted.
  data_dict = df.to_dict(orient='records')
/var/www/fullstack/backend/apps/fundamental/utils/statements.py:55: UserWarning: DataFrame columns are not unique, some columns will be omitted.
  data_dict = df.to_dict(orient='records')
/var/www/fullstack/backend/apps/fundamental/utils/statements.py:55: UserWarning: DataFrame columns are not unique, some columns will be omitted.
  data_dict = df.to_dict(orient='records')
Fetching ALOS3 fundamental data.
Fetching ALPA4 fundamental data.
Fetching ABEV3 fundamental data.
Fetching ASAI3 fundamental data.
Fetching AURE3 fundamental data.
Fetching AZUL4 fundamental data.
Fetching AZZA3 fundamental data.
Fetching B3SA3 fundamental data.
Fetching BBSE3 fundamental data.
Fetching BBDC3 fundamental data.
Fetching BBDC4 fundamental data.
Fetching BRAP4 fundamental data.
Fetching BBAS3 fundamental data.
Fetching BRKM5 fundamental data.
Fetching BRAV3 fundamental data.
Fetching BRFS3 fundamental data.
Fetching BPAC11 fundamental data.
Fetching CXSE3 fundamental data.
Fetching CRFB3 fundamental data.
Fetching CCRO3 fundamental data.
Fetching CMIG4 fundamental data.
Fetching COGN3 fundamental data.
Fetching CPLE6 fundamental data.
Fetching CSAN3 fundamental data.
Fetching CPFE3 fundamental data.
Fetching CMIN3 fundamental data.
Fetching CVCB3 fundamental data.
Fetching CYRE3 fundamental data.
Fetching ELET3 fundamental data.
Fetching ELET6 fundamental data.
Fetching EMBR3 fundamental data.
Fetching ENGI11 fundamental data.
Fetching ENEV3 fundamental data.
Fetching EGIE3 fundamental data.
Fetching EQTL3 fundamental data.
Fetching EZTC3 fundamental data.
Fetching FLRY3 fundamental data.
Fetching GGBR4 fundamental data.
Fetching GOAU4 fundamental data.
Fetching NTCO3 fundamental data.
Fetching HAPV3 fundamental data.
Fetching HYPE3 fundamental data.
Fetching IGTI11 fundamental data.
Fetching IRBR3 fundamental data.
Fetching ITSA4 fundamental data.
Fetching ITUB4 fundamental data.
Fetching JBSS3 fundamental data.
Fetching KLBN11 fundamental data.
Fetching RENT3 fundamental data.
Fetching LREN3 fundamental data.
Fetching LWSA3 fundamental data.
Fetching MGLU3 fundamental data.
Fetching MRFG3 fundamental data.
Fetching BEEF3 fundamental data.
Fetching MRVE3 fundamental data.
Fetching MULT3 fundamental data.
Fetching PCAR3 fundamental data.
Fetching PETR3 fundamental data.
Fetching PETR4 fundamental data.
Fetching RECV3 fundamental data.
Fetching PRIO3 fundamental data.
Fetching PETZ3 fundamental data.
Fetching RADL3 fundamental data.
Fetching RAIZ4 fundamental data.
Fetching RDOR3 fundamental data.
Fetching RAIL3 fundamental data.
Fetching SBSP3 fundamental data.
Fetching SANB11 fundamental data.
Fetching STBP3 fundamental data.
Fetching SMTO3 fundamental data.
Fetching CSNA3 fundamental data.
Fetching SLCE3 fundamental data.
Fetching SUZB3 fundamental data.
Fetching TAEE11 fundamental data.
Fetching VIVT3 fundamental data.
Fetching TIMS3 fundamental data.
Fetching TOTS3 fundamental data.
Fetching TRPL4 fundamental data.
Fetching UGPA3 fundamental data.
Fetching USIM5 fundamental data.
Fetching VALE3 fundamental data.
Fetching VAMO3 fundamental data.
Fetching VBBR3 fundamental data.
Fetching VIVA3 fundamental data.
Fetching WEGE3 fundamental data.
Fetching YDUQ3 fundamental data.
All data saved to /var/www/fullstack/backend/apps/fundamental/utils/statements_all.json
/var/www/fullstack/backend/apps/fundamental/utils/statements.py:55: UserWarning: DataFrame columns are not unique, some columns will be omitted.
  data_dict = df.to_dict(orient='records')
/var/www/fullstack/backend/apps/fundamental/utils/statements.py:55: UserWarning: DataFrame columns are not unique, some columns will be omitted.
  data_dict = df.to_dict(orient='records')
/var/www/fullstack/backend/apps/fundamental/utils/statements.py:55: UserWarning: DataFrame columns are not unique, some columns will be omitted.
  data_dict = df.to_dict(orient='records')
Fetching ALOS3 fundamental data.
Fetching ALPA4 fundamental data.
Fetching ABEV3 fundamental data.
Fetching ASAI3 fundamental data.
Fetching AURE3 fundamental data.
Fetching AZUL4 fundamental data.
Fetching AZZA3 fundamental data.
Fetching B3SA3 fundamental data.
Fetching BBSE3 fundamental data.
Fetching BBDC3 fundamental data.
Fetching BBDC4 fundamental data.
Fetching BRAP4 fundamental data.
Fetching BBAS3 fundamental data.
Fetching BRKM5 fundamental data.
Fetching BRAV3 fundamental data.
Fetching BRFS3 fundamental data.
Fetching BPAC11 fundamental data.
Fetching CXSE3 fundamental data.
Fetching CRFB3 fundamental data.
Fetching CCRO3 fundamental data.
Fetching CMIG4 fundamental data.
Fetching COGN3 fundamental data.
Fetching CPLE6 fundamental data.
Fetching CSAN3 fundamental data.
Fetching CPFE3 fundamental data.
Fetching CMIN3 fundamental data.
Fetching CVCB3 fundamental data.
Fetching CYRE3 fundamental data.
Fetching ELET3 fundamental data.
Fetching ELET6 fundamental data.
Fetching EMBR3 fundamental data.
Fetching ENGI11 fundamental data.
Fetching ENEV3 fundamental data.
Fetching EGIE3 fundamental data.
Fetching EQTL3 fundamental data.
Fetching EZTC3 fundamental data.
Fetching FLRY3 fundamental data.
Fetching GGBR4 fundamental data.
Fetching GOAU4 fundamental data.
Fetching NTCO3 fundamental data.
Fetching HAPV3 fundamental data.
Fetching HYPE3 fundamental data.
Fetching IGTI11 fundamental data.
Fetching IRBR3 fundamental data.
Fetching ITSA4 fundamental data.
Fetching ITUB4 fundamental data.
Fetching JBSS3 fundamental data.
Fetching KLBN11 fundamental data.
Fetching RENT3 fundamental data.
Fetching LREN3 fundamental data.
Fetching LWSA3 fundamental data.
Fetching MGLU3 fundamental data.
Fetching MRFG3 fundamental data.
Fetching BEEF3 fundamental data.
Fetching MRVE3 fundamental data.
Fetching MULT3 fundamental data.
Fetching PCAR3 fundamental data.
Fetching PETR3 fundamental data.
Fetching PETR4 fundamental data.
Fetching RECV3 fundamental data.
Fetching PRIO3 fundamental data.
Fetching PETZ3 fundamental data.
Fetching RADL3 fundamental data.
Fetching RAIZ4 fundamental data.
Fetching RDOR3 fundamental data.
Fetching RAIL3 fundamental data.
Fetching SBSP3 fundamental data.
Fetching SANB11 fundamental data.
Fetching STBP3 fundamental data.
Fetching SMTO3 fundamental data.
Fetching CSNA3 fundamental data.
Fetching SLCE3 fundamental data.
Fetching SUZB3 fundamental data.
Fetching TAEE11 fundamental data.
Fetching VIVT3 fundamental data.
Fetching TIMS3 fundamental data.
Fetching TOTS3 fundamental data.
Fetching TRPL4 fundamental data.
Fetching UGPA3 fundamental data.
Fetching USIM5 fundamental data.
Fetching VALE3 fundamental data.
Fetching VAMO3 fundamental data.
Fetching VBBR3 fundamental data.
Fetching VIVA3 fundamental data.
Fetching WEGE3 fundamental data.
Fetching YDUQ3 fundamental data.
All data saved to /var/www/fullstack/backend/apps/fundamental/utils/statements_all.json
/var/www/fullstack/backend/apps/fundamental/utils/statements.py:55: UserWarning: DataFrame columns are not unique, some columns will be omitted.
  data_dict = df.to_dict(orient='records')
/var/www/fullstack/backend/apps/fundamental/utils/statements.py:55: UserWarning: DataFrame columns are not unique, some columns will be omitted.
  data_dict = df.to_dict(orient='records')
/var/www/fullstack/backend/apps/fundamental/utils/statements.py:55: UserWarning: DataFrame columns are not unique, some columns will be omitted.
  data_dict = df.to_dict(orient='records')
Fetching ALOS3 fundamental data.
Fetching ALPA4 fundamental data.
Fetching ABEV3 fundamental data.
Fetching ASAI3 fundamental data.
Fetching AURE3 fundamental data.
Fetching AZUL4 fundamental data.
Fetching AZZA3 fundamental data.
Fetching B3SA3 fundamental data.
Fetching BBSE3 fundamental data.
Fetching BBDC3 fundamental data.
Fetching BBDC4 fundamental data.
Fetching BRAP4 fundamental data.
Fetching BBAS3 fundamental data.
Fetching BRKM5 fundamental data.
Fetching BRAV3 fundamental data.
Fetching BRFS3 fundamental data.
Fetching BPAC11 fundamental data.
Fetching CXSE3 fundamental data.
Fetching CRFB3 fundamental data.
Fetching CCRO3 fundamental data.
Fetching CMIG4 fundamental data.
Fetching COGN3 fundamental data.
Fetching CPLE6 fundamental data.
Fetching CSAN3 fundamental data.
Fetching CPFE3 fundamental data.
Fetching CMIN3 fundamental data.
Fetching CVCB3 fundamental data.
Fetching CYRE3 fundamental data.
Fetching ELET3 fundamental data.
Fetching ELET6 fundamental data.
Fetching EMBR3 fundamental data.
Fetching ENGI11 fundamental data.
Fetching ENEV3 fundamental data.
Fetching EGIE3 fundamental data.
Fetching EQTL3 fundamental data.
Fetching EZTC3 fundamental data.
Fetching FLRY3 fundamental data.
Fetching GGBR4 fundamental data.
Fetching GOAU4 fundamental data.
Fetching NTCO3 fundamental data.
Fetching HAPV3 fundamental data.
Fetching HYPE3 fundamental data.
Fetching IGTI11 fundamental data.
Fetching IRBR3 fundamental data.
Fetching ITSA4 fundamental data.
Fetching ITUB4 fundamental data.
Fetching JBSS3 fundamental data.
Fetching KLBN11 fundamental data.
Fetching RENT3 fundamental data.
Fetching LREN3 fundamental data.
Fetching LWSA3 fundamental data.
Fetching MGLU3 fundamental data.
Fetching MRFG3 fundamental data.
Fetching BEEF3 fundamental data.
Fetching MRVE3 fundamental data.
Fetching MULT3 fundamental data.
Fetching PCAR3 fundamental data.
Fetching PETR3 fundamental data.
Fetching PETR4 fundamental data.
Fetching RECV3 fundamental data.
Fetching PRIO3 fundamental data.
Fetching PETZ3 fundamental data.
Fetching RADL3 fundamental data.
Fetching RAIZ4 fundamental data.
Fetching RDOR3 fundamental data.
Fetching RAIL3 fundamental data.
Fetching SBSP3 fundamental data.
Fetching SANB11 fundamental data.
Fetching STBP3 fundamental data.
Fetching SMTO3 fundamental data.
Fetching CSNA3 fundamental data.
Fetching SLCE3 fundamental data.
Fetching SUZB3 fundamental data.
Fetching TAEE11 fundamental data.
Fetching VIVT3 fundamental data.
Fetching TIMS3 fundamental data.
Fetching TOTS3 fundamental data.
Fetching TRPL4 fundamental data.
Fetching UGPA3 fundamental data.
Fetching USIM5 fundamental data.
Fetching VALE3 fundamental data.
Fetching VAMO3 fundamental data.
Fetching VBBR3 fundamental data.
Fetching VIVA3 fundamental data.
Fetching WEGE3 fundamental data.
Fetching YDUQ3 fundamental data.
All data saved to /var/www/fullstack/backend/apps/fundamental/utils/statements_all.json
/var/www/fullstack/backend/apps/fundamental/utils/statements.py:55: UserWarning: DataFrame columns are not unique, some columns will be omitted.
  data_dict = df.to_dict(orient='records')
/var/www/fullstack/backend/apps/fundamental/utils/statements.py:55: UserWarning: DataFrame columns are not unique, some columns will be omitted.
  data_dict = df.to_dict(orient='records')
/var/www/fullstack/backend/apps/fundamental/utils/statements.py:55: UserWarning: DataFrame columns are not unique, some columns will be omitted.
  data_dict = df.to_dict(orient='records')
Fetching ALOS3 fundamental data.
Fetching ALPA4 fundamental data.
Fetching ABEV3 fundamental data.
Fetching ASAI3 fundamental data.
Fetching AURE3 fundamental data.
Fetching AZUL4 fundamental data.
Fetching AZZA3 fundamental data.
Fetching B3SA3 fundamental data.
Fetching BBSE3 fundamental data.
Fetching BBDC3 fundamental data.
Fetching BBDC4 fundamental data.
Fetching BRAP4 fundamental data.
Fetching BBAS3 fundamental data.
Fetching BRKM5 fundamental data.
Fetching BRAV3 fundamental data.
Fetching BRFS3 fundamental data.
Fetching BPAC11 fundamental data.
Fetching CXSE3 fundamental data.
Fetching CRFB3 fundamental data.
Fetching CCRO3 fundamental data.
Fetching CMIG4 fundamental data.
Fetching COGN3 fundamental data.
Fetching CPLE6 fundamental data.
Fetching CSAN3 fundamental data.
Fetching CPFE3 fundamental data.
Fetching CMIN3 fundamental data.
Fetching CVCB3 fundamental data.
Fetching CYRE3 fundamental data.
Fetching ELET3 fundamental data.
Fetching ELET6 fundamental data.
Fetching EMBR3 fundamental data.
Fetching ENGI11 fundamental data.
Fetching ENEV3 fundamental data.
Fetching EGIE3 fundamental data.
Fetching EQTL3 fundamental data.
Fetching EZTC3 fundamental data.
Fetching FLRY3 fundamental data.
Fetching GGBR4 fundamental data.
Fetching GOAU4 fundamental data.
Fetching NTCO3 fundamental data.
Fetching HAPV3 fundamental data.
Fetching HYPE3 fundamental data.
Fetching IGTI11 fundamental data.
Fetching IRBR3 fundamental data.
Fetching ITSA4 fundamental data.
Fetching ITUB4 fundamental data.
Fetching JBSS3 fundamental data.
Fetching KLBN11 fundamental data.
Fetching RENT3 fundamental data.
Fetching LREN3 fundamental data.
Fetching LWSA3 fundamental data.
Fetching MGLU3 fundamental data.
Fetching MRFG3 fundamental data.
Fetching BEEF3 fundamental data.
Fetching MRVE3 fundamental data.
Fetching MULT3 fundamental data.
Fetching PCAR3 fundamental data.
Fetching PETR3 fundamental data.
Fetching PETR4 fundamental data.
Fetching RECV3 fundamental data.
Fetching PRIO3 fundamental data.
Fetching PETZ3 fundamental data.
Fetching RADL3 fundamental data.
Fetching RAIZ4 fundamental data.
Fetching RDOR3 fundamental data.
Fetching RAIL3 fundamental data.
Fetching SBSP3 fundamental data.
Fetching SANB11 fundamental data.
Fetching STBP3 fundamental data.
Fetching SMTO3 fundamental data.
Fetching CSNA3 fundamental data.
Fetching SLCE3 fundamental data.
Fetching SUZB3 fundamental data.
Fetching TAEE11 fundamental data.
Fetching VIVT3 fundamental data.
Fetching TIMS3 fundamental data.
Fetching TOTS3 fundamental data.
Fetching TRPL4 fundamental data.
Fetching UGPA3 fundamental data.
Fetching USIM5 fundamental data.
Fetching VALE3 fundamental data.
Fetching VAMO3 fundamental data.
Fetching VBBR3 fundamental data.
Fetching VIVA3 fundamental data.
Fetching WEGE3 fundamental data.
Fetching YDUQ3 fundamental data.
All data saved to /var/www/fullstack/backend/apps/fundamental/utils/statements_all.json
/var/www/fullstack/backend/apps/fundamental/utils/statements.py:55: UserWarning: DataFrame columns are not unique, some columns will be omitted.
  data_dict = df.to_dict(orient='records')
/var/www/fullstack/backend/apps/fundamental/utils/statements.py:55: UserWarning: DataFrame columns are not unique, some columns will be omitted.
  data_dict = df.to_dict(orient='records')
/var/www/fullstack/backend/apps/fundamental/utils/statements.py:55: UserWarning: DataFrame columns are not unique, some columns will be omitted.
  data_dict = df.to_dict(orient='records')
Fetching ALOS3 fundamental data.
Fetching ALPA4 fundamental data.
Fetching ABEV3 fundamental data.
Fetching ASAI3 fundamental data.
Fetching AURE3 fundamental data.
Fetching AZUL4 fundamental data.
Fetching AZZA3 fundamental data.
Fetching B3SA3 fundamental data.
Fetching BBSE3 fundamental data.
Fetching BBDC3 fundamental data.
Fetching BBDC4 fundamental data.
Fetching BRAP4 fundamental data.
Fetching BBAS3 fundamental data.
Fetching BRKM5 fundamental data.
Fetching BRAV3 fundamental data.
Fetching BRFS3 fundamental data.
Fetching BPAC11 fundamental data.
Fetching CXSE3 fundamental data.
Fetching CRFB3 fundamental data.
Fetching CCRO3 fundamental data.
Fetching CMIG4 fundamental data.
Fetching COGN3 fundamental data.
Fetching CPLE6 fundamental data.
Fetching CSAN3 fundamental data.
Fetching CPFE3 fundamental data.
Fetching CMIN3 fundamental data.
Fetching CVCB3 fundamental data.
Fetching CYRE3 fundamental data.
Fetching ELET3 fundamental data.
Fetching ELET6 fundamental data.
Fetching EMBR3 fundamental data.
Fetching ENGI11 fundamental data.
Fetching ENEV3 fundamental data.
Fetching EGIE3 fundamental data.
Fetching EQTL3 fundamental data.
Fetching EZTC3 fundamental data.
Fetching FLRY3 fundamental data.
Fetching GGBR4 fundamental data.
Fetching GOAU4 fundamental data.
Fetching NTCO3 fundamental data.
Fetching HAPV3 fundamental data.
Fetching HYPE3 fundamental data.
Fetching IGTI11 fundamental data.
Fetching IRBR3 fundamental data.
Fetching ITSA4 fundamental data.
Fetching ITUB4 fundamental data.
Fetching JBSS3 fundamental data.
Fetching KLBN11 fundamental data.
Fetching RENT3 fundamental data.
Fetching LREN3 fundamental data.
Fetching LWSA3 fundamental data.
Fetching MGLU3 fundamental data.
Fetching MRFG3 fundamental data.
Fetching BEEF3 fundamental data.
Fetching MRVE3 fundamental data.
Fetching MULT3 fundamental data.
Fetching PCAR3 fundamental data.
Fetching PETR3 fundamental data.
Fetching PETR4 fundamental data.
Fetching RECV3 fundamental data.
Fetching PRIO3 fundamental data.
Fetching PETZ3 fundamental data.
Fetching RADL3 fundamental data.
Fetching RAIZ4 fundamental data.
Fetching RDOR3 fundamental data.
Fetching RAIL3 fundamental data.
Fetching SBSP3 fundamental data.
Fetching SANB11 fundamental data.
Fetching STBP3 fundamental data.
Fetching SMTO3 fundamental data.
Fetching CSNA3 fundamental data.
Fetching SLCE3 fundamental data.
Fetching SUZB3 fundamental data.
Fetching TAEE11 fundamental data.
Fetching VIVT3 fundamental data.
Fetching TIMS3 fundamental data.
Fetching TOTS3 fundamental data.
Fetching TRPL4 fundamental data.
Fetching UGPA3 fundamental data.
Fetching USIM5 fundamental data.
Fetching VALE3 fundamental data.
Fetching VAMO3 fundamental data.
Fetching VBBR3 fundamental data.
Fetching VIVA3 fundamental data.
Fetching WEGE3 fundamental data.
Fetching YDUQ3 fundamental data.
All data saved to /var/www/fullstack/backend/apps/fundamental/utils/statements_all.json
/var/www/fullstack/backend/apps/fundamental/utils/statements.py:55: UserWarning: DataFrame columns are not unique, some columns will be omitted.
  data_dict = df.to_dict(orient='records')
/var/www/fullstack/backend/apps/fundamental/utils/statements.py:55: UserWarning: DataFrame columns are not unique, some columns will be omitted.
  data_dict = df.to_dict(orient='records')
/var/www/fullstack/backend/apps/fundamental/utils/statements.py:55: UserWarning: DataFrame columns are not unique, some columns will be omitted.
  data_dict = df.to_dict(orient='records')
Fetching ALOS3 fundamental data.
Fetching ALPA4 fundamental data.
Fetching ABEV3 fundamental data.
Fetching ASAI3 fundamental data.
Fetching AURE3 fundamental data.
Fetching AZUL4 fundamental data.
Fetching AZZA3 fundamental data.
Fetching B3SA3 fundamental data.
Fetching BBSE3 fundamental data.
Fetching BBDC3 fundamental data.
Fetching BBDC4 fundamental data.
Fetching BRAP4 fundamental data.
Fetching BBAS3 fundamental data.
Fetching BRKM5 fundamental data.
Fetching BRAV3 fundamental data.
Fetching BRFS3 fundamental data.
Fetching BPAC11 fundamental data.
Fetching CXSE3 fundamental data.
Fetching CRFB3 fundamental data.
Fetching CCRO3 fundamental data.
Fetching CMIG4 fundamental data.
Fetching COGN3 fundamental data.
Fetching CPLE6 fundamental data.
Fetching CSAN3 fundamental data.
Fetching CPFE3 fundamental data.
Fetching CMIN3 fundamental data.
Fetching CVCB3 fundamental data.
Fetching CYRE3 fundamental data.
Fetching ELET3 fundamental data.
Fetching ELET6 fundamental data.
Fetching EMBR3 fundamental data.
Fetching ENGI11 fundamental data.
Fetching ENEV3 fundamental data.
Fetching EGIE3 fundamental data.
Fetching EQTL3 fundamental data.
Fetching EZTC3 fundamental data.
Fetching FLRY3 fundamental data.
Fetching GGBR4 fundamental data.
Fetching GOAU4 fundamental data.
Fetching NTCO3 fundamental data.
Fetching HAPV3 fundamental data.
Fetching HYPE3 fundamental data.
Fetching IGTI11 fundamental data.
Fetching IRBR3 fundamental data.
Fetching ITSA4 fundamental data.
Fetching ITUB4 fundamental data.
Fetching JBSS3 fundamental data.
Fetching KLBN11 fundamental data.
Fetching RENT3 fundamental data.
Fetching LREN3 fundamental data.
Fetching LWSA3 fundamental data.
Fetching MGLU3 fundamental data.
Fetching MRFG3 fundamental data.
Fetching BEEF3 fundamental data.
Fetching MRVE3 fundamental data.
Fetching MULT3 fundamental data.
Fetching PCAR3 fundamental data.
Fetching PETR3 fundamental data.
Fetching PETR4 fundamental data.
Fetching RECV3 fundamental data.
Fetching PRIO3 fundamental data.
Fetching PETZ3 fundamental data.
Fetching RADL3 fundamental data.
Fetching RAIZ4 fundamental data.
Fetching RDOR3 fundamental data.
Fetching RAIL3 fundamental data.
Fetching SBSP3 fundamental data.
Fetching SANB11 fundamental data.
Fetching STBP3 fundamental data.
Fetching SMTO3 fundamental data.
Fetching CSNA3 fundamental data.
Fetching SLCE3 fundamental data.
Fetching SUZB3 fundamental data.
Fetching TAEE11 fundamental data.
Fetching VIVT3 fundamental data.
Fetching TIMS3 fundamental data.
Fetching TOTS3 fundamental data.
Fetching TRPL4 fundamental data.
Fetching UGPA3 fundamental data.
Fetching USIM5 fundamental data.
Fetching VALE3 fundamental data.
Fetching VAMO3 fundamental data.
Fetching VBBR3 fundamental data.
Fetching VIVA3 fundamental data.
Fetching WEGE3 fundamental data.
Fetching YDUQ3 fundamental data.
All data saved to /var/www/fullstack/backend/apps/fundamental/utils/statements_all.json
/var/www/fullstack/backend/apps/fundamental/utils/statements.py:55: UserWarning: DataFrame columns are not unique, some columns will be omitted.
  data_dict = df.to_dict(orient='records')
/var/www/fullstack/backend/apps/fundamental/utils/statements.py:55: UserWarning: DataFrame columns are not unique, some columns will be omitted.
  data_dict = df.to_dict(orient='records')
/var/www/fullstack/backend/apps/fundamental/utils/statements.py:55: UserWarning: DataFrame columns are not unique, some columns will be omitted.
  data_dict = df.to_dict(orient='records')
Fetching ALOS3 fundamental data.
Fetching ALPA4 fundamental data.
Fetching ABEV3 fundamental data.
Fetching ASAI3 fundamental data.
Fetching AURE3 fundamental data.
Fetching AZUL4 fundamental data.
Fetching AZZA3 fundamental data.
Fetching B3SA3 fundamental data.
Fetching BBSE3 fundamental data.
Fetching BBDC3 fundamental data.
Fetching BBDC4 fundamental data.
Fetching BRAP4 fundamental data.
Fetching BBAS3 fundamental data.
Fetching BRKM5 fundamental data.
Fetching BRAV3 fundamental data.
Fetching BRFS3 fundamental data.
Fetching BPAC11 fundamental data.
Fetching CXSE3 fundamental data.
Fetching CRFB3 fundamental data.
Fetching CCRO3 fundamental data.
Fetching CMIG4 fundamental data.
Fetching COGN3 fundamental data.
Fetching CPLE6 fundamental data.
Fetching CSAN3 fundamental data.
Fetching CPFE3 fundamental data.
Fetching CMIN3 fundamental data.
Fetching CVCB3 fundamental data.
Fetching CYRE3 fundamental data.
Fetching ELET3 fundamental data.
Fetching ELET6 fundamental data.
Fetching EMBR3 fundamental data.
Fetching ENGI11 fundamental data.
Fetching ENEV3 fundamental data.
Fetching EGIE3 fundamental data.
Fetching EQTL3 fundamental data.
Fetching EZTC3 fundamental data.
Fetching FLRY3 fundamental data.
Fetching GGBR4 fundamental data.
Fetching GOAU4 fundamental data.
Fetching NTCO3 fundamental data.
Fetching HAPV3 fundamental data.
Fetching HYPE3 fundamental data.
Fetching IGTI11 fundamental data.
Fetching IRBR3 fundamental data.
Fetching ITSA4 fundamental data.
Fetching ITUB4 fundamental data.
Fetching JBSS3 fundamental data.
Fetching KLBN11 fundamental data.
Fetching RENT3 fundamental data.
Fetching LREN3 fundamental data.
Fetching LWSA3 fundamental data.
Fetching MGLU3 fundamental data.
Fetching MRFG3 fundamental data.
Fetching BEEF3 fundamental data.
Fetching MRVE3 fundamental data.
Fetching MULT3 fundamental data.
Fetching PCAR3 fundamental data.
Fetching PETR3 fundamental data.
Fetching PETR4 fundamental data.
Fetching RECV3 fundamental data.
Fetching PRIO3 fundamental data.
Fetching PETZ3 fundamental data.
Fetching RADL3 fundamental data.
Fetching RAIZ4 fundamental data.
Fetching RDOR3 fundamental data.
Fetching RAIL3 fundamental data.
Fetching SBSP3 fundamental data.
Fetching SANB11 fundamental data.
Fetching STBP3 fundamental data.
Fetching SMTO3 fundamental data.
Fetching CSNA3 fundamental data.
Fetching SLCE3 fundamental data.
Fetching SUZB3 fundamental data.
Fetching TAEE11 fundamental data.
Fetching VIVT3 fundamental data.
Fetching TIMS3 fundamental data.
Fetching TOTS3 fundamental data.
Fetching TRPL4 fundamental data.
Fetching UGPA3 fundamental data.
Fetching USIM5 fundamental data.
Fetching VALE3 fundamental data.
Fetching VAMO3 fundamental data.
Fetching VBBR3 fundamental data.
Fetching VIVA3 fundamental data.
Fetching WEGE3 fundamental data.
Fetching YDUQ3 fundamental data.
All data saved to /var/www/fullstack/backend/apps/fundamental/utils/statements_all.json
