Volatility analysis completed. Results saved to /var/www/fullstack/backend/apps/endpoint/utils/volatility_analysis_results.json
Total stocks analyzed: 86
Valid stocks saved: 85
Stocks removed due to infinite or NaN ratios: 1
Volatility analysis completed. Results saved to /var/www/fullstack/backend/apps/endpoint/utils/volatility_analysis_results.json
Total stocks analyzed: 86
Valid stocks saved: 82
Stocks removed due to infinite or NaN ratios: 4
Volatility analysis completed. Results saved to /var/www/fullstack/backend/apps/endpoint/utils/volatility_analysis_results.json
Total stocks analyzed: 86
Valid stocks saved: 82
Stocks removed due to infinite or NaN ratios: 4
Volatility analysis completed. Results saved to /var/www/fullstack/backend/apps/endpoint/utils/volatility_analysis_results.json
Total stocks analyzed: 86
Valid stocks saved: 82
Stocks removed due to infinite or NaN ratios: 4
Volatility analysis completed. Results saved to /var/www/fullstack/backend/apps/endpoint/utils/volatility_analysis_results.json
Total stocks analyzed: 86
Valid stocks saved: 82
Stocks removed due to infinite or NaN ratios: 4
Volatility analysis completed. Results saved to /var/www/fullstack/backend/apps/endpoint/utils/volatility_analysis_results.json
Total stocks analyzed: 86
Valid stocks saved: 82
Stocks removed due to infinite or NaN ratios: 4
Volatility analysis completed. Results saved to /var/www/fullstack/backend/apps/endpoint/utils/volatility_analysis_results.json
Total stocks analyzed: 86
Valid stocks saved: 82
Stocks removed due to infinite or NaN ratios: 4
Volatility analysis completed. Results saved to /var/www/fullstack/backend/apps/endpoint/utils/volatility_analysis_results.json
Total stocks analyzed: 86
Valid stocks saved: 82
Stocks removed due to infinite or NaN ratios: 4
Volatility analysis completed. Results saved to /var/www/fullstack/backend/apps/endpoint/utils/volatility_analysis_results.json
Total stocks analyzed: 86
Valid stocks saved: 82
Stocks removed due to infinite or NaN ratios: 4
Volatility analysis completed. Results saved to /var/www/fullstack/backend/apps/endpoint/utils/volatility_analysis_results.json
Total stocks analyzed: 86
Valid stocks saved: 82
Stocks removed due to infinite or NaN ratios: 4
Volatility analysis completed. Results saved to /var/www/fullstack/backend/apps/endpoint/utils/volatility_analysis_results.json
Total stocks analyzed: 86
Valid stocks saved: 82
Stocks removed due to infinite or NaN ratios: 4
Volatility analysis completed. Results saved to /var/www/fullstack/backend/apps/endpoint/utils/volatility_analysis_results.json
Total stocks analyzed: 86
Valid stocks saved: 82
Stocks removed due to infinite or NaN ratios: 4
Volatility analysis completed. Results saved to /var/www/fullstack/backend/apps/endpoint/utils/volatility_analysis_results.json
Total stocks analyzed: 86
Valid stocks saved: 82
Stocks removed due to infinite or NaN ratios: 4
Volatility analysis completed. Results saved to /var/www/fullstack/backend/apps/endpoint/utils/volatility_analysis_results.json
Total stocks analyzed: 86
Valid stocks saved: 82
Stocks removed due to infinite or NaN ratios: 4
Volatility analysis completed. Results saved to /var/www/fullstack/backend/apps/endpoint/utils/volatility_analysis_results.json
Total stocks analyzed: 86
Valid stocks saved: 82
Stocks removed due to infinite or NaN ratios: 4
Volatility analysis completed. Results saved to /var/www/fullstack/backend/apps/endpoint/utils/volatility_analysis_results.json
Total stocks analyzed: 86
Valid stocks saved: 82
Stocks removed due to infinite or NaN ratios: 4
Volatility analysis completed. Results saved to /var/www/fullstack/backend/apps/endpoint/utils/volatility_analysis_results.json
Total stocks analyzed: 86
Valid stocks saved: 82
Stocks removed due to infinite or NaN ratios: 4
Volatility analysis completed. Results saved to /var/www/fullstack/backend/apps/endpoint/utils/volatility_analysis_results.json
Total stocks analyzed: 86
Valid stocks saved: 82
Stocks removed due to infinite or NaN ratios: 4
Volatility analysis completed. Results saved to /var/www/fullstack/backend/apps/endpoint/utils/volatility_analysis_results.json
Total stocks analyzed: 86
Valid stocks saved: 82
Stocks removed due to infinite or NaN ratios: 4
Volatility analysis completed. Results saved to /var/www/fullstack/backend/apps/endpoint/utils/volatility_analysis_results.json
Total stocks analyzed: 86
Valid stocks saved: 82
Stocks removed due to infinite or NaN ratios: 4
Volatility analysis completed. Results saved to /var/www/fullstack/backend/apps/endpoint/utils/volatility_analysis_results.json
Total stocks analyzed: 86
Valid stocks saved: 82
Stocks removed due to infinite or NaN ratios: 4
Volatility analysis completed. Results saved to /var/www/fullstack/backend/apps/endpoint/utils/volatility_analysis_results.json
Total stocks analyzed: 86
Valid stocks saved: 82
Stocks removed due to infinite or NaN ratios: 4
Volatility analysis completed. Results saved to /var/www/fullstack/backend/apps/endpoint/utils/volatility_analysis_results.json
Total stocks analyzed: 86
Valid stocks saved: 82
Stocks removed due to infinite or NaN ratios: 4
Volatility analysis completed. Results saved to /var/www/fullstack/backend/apps/endpoint/utils/volatility_analysis_results.json
Total stocks analyzed: 86
Valid stocks saved: 82
Stocks removed due to infinite or NaN ratios: 4
Volatility analysis completed. Results saved to /var/www/fullstack/backend/apps/endpoint/utils/volatility_analysis_results.json
Total stocks analyzed: 86
Valid stocks saved: 82
Stocks removed due to infinite or NaN ratios: 4
Volatility analysis completed. Results saved to /var/www/fullstack/backend/apps/endpoint/utils/volatility_analysis_results.json
Total stocks analyzed: 86
Valid stocks saved: 82
Stocks removed due to infinite or NaN ratios: 4
Volatility analysis completed. Results saved to /var/www/fullstack/backend/apps/endpoint/utils/volatility_analysis_results.json
Total stocks analyzed: 86
Valid stocks saved: 83
Stocks removed due to infinite or NaN ratios: 3
Code last executed at: 2025-03-06 15:10:03
Volatility analysis completed. Results saved to /var/www/fullstack/backend/apps/endpoint/utils/volatility_analysis_results.json
Total stocks analyzed: 86
Valid stocks saved: 82
Stocks removed due to infinite or NaN ratios: 4
Code last executed at: 2025-03-06 15:15:01
Volatility analysis completed. Results saved to /var/www/fullstack/backend/apps/endpoint/utils/volatility_analysis_results.json
Total stocks analyzed: 86
Valid stocks saved: 82
Stocks removed due to infinite or NaN ratios: 4
Code last executed at: 2025-03-06 15:20:02
Volatility analysis completed. Results saved to /var/www/fullstack/backend/apps/endpoint/utils/volatility_analysis_results.json
Total stocks analyzed: 86
Valid stocks saved: 82
Stocks removed due to infinite or NaN ratios: 4
Code last executed at: 2025-03-06 15:25:02
Volatility analysis completed. Results saved to /var/www/fullstack/backend/apps/endpoint/utils/volatility_analysis_results.json
Total stocks analyzed: 86
Valid stocks saved: 82
Stocks removed due to infinite or NaN ratios: 4
Code last executed at: 2025-03-06 15:30:02
Volatility analysis completed. Results saved to /var/www/fullstack/backend/apps/endpoint/utils/volatility_analysis_results.json
Total stocks analyzed: 86
Valid stocks saved: 82
Stocks removed due to infinite or NaN ratios: 4
Code last executed at: 2025-03-06 15:35:02
Volatility analysis completed. Results saved to /var/www/fullstack/backend/apps/endpoint/utils/volatility_analysis_results.json
Total stocks analyzed: 86
Valid stocks saved: 82
Stocks removed due to infinite or NaN ratios: 4
Code last executed at: 2025-03-06 15:40:02
Volatility analysis completed. Results saved to /var/www/fullstack/backend/apps/endpoint/utils/volatility_analysis_results.json
Total stocks analyzed: 86
Valid stocks saved: 82
Stocks removed due to infinite or NaN ratios: 4
Code last executed at: 2025-03-06 15:45:02
Volatility analysis completed. Results saved to /var/www/fullstack/backend/apps/endpoint/utils/volatility_analysis_results.json
Total stocks analyzed: 86
Valid stocks saved: 82
Stocks removed due to infinite or NaN ratios: 4
Code last executed at: 2025-03-06 15:50:02
Volatility analysis completed. Results saved to /var/www/fullstack/backend/apps/endpoint/utils/volatility_analysis_results.json
Total stocks analyzed: 86
Valid stocks saved: 82
Stocks removed due to infinite or NaN ratios: 4
Code last executed at: 2025-03-06 15:55:02
Volatility analysis completed. Results saved to /var/www/fullstack/backend/apps/endpoint/utils/volatility_analysis_results.json
Total stocks analyzed: 86
Valid stocks saved: 82
Stocks removed due to infinite or NaN ratios: 4
Code last executed at: 2025-03-06 16:00:02
Volatility analysis completed. Results saved to /var/www/fullstack/backend/apps/endpoint/utils/volatility_analysis_results.json
Total stocks analyzed: 86
Valid stocks saved: 82
Stocks removed due to infinite or NaN ratios: 4
Code last executed at: 2025-03-06 16:05:02
Volatility analysis completed. Results saved to /var/www/fullstack/backend/apps/endpoint/utils/volatility_analysis_results.json
Total stocks analyzed: 86
Valid stocks saved: 82
Stocks removed due to infinite or NaN ratios: 4
Code last executed at: 2025-03-06 16:10:01
Volatility analysis completed. Results saved to /var/www/fullstack/backend/apps/endpoint/utils/volatility_analysis_results.json
Total stocks analyzed: 86
Valid stocks saved: 82
Stocks removed due to infinite or NaN ratios: 4
Code last executed at: 2025-03-06 16:15:02
Volatility analysis completed. Results saved to /var/www/fullstack/backend/apps/endpoint/utils/volatility_analysis_results.json
Total stocks analyzed: 86
Valid stocks saved: 82
Stocks removed due to infinite or NaN ratios: 4
Code last executed at: 2025-03-06 16:20:01
Volatility analysis completed. Results saved to /var/www/fullstack/backend/apps/endpoint/utils/volatility_analysis_results.json
Total stocks analyzed: 86
Valid stocks saved: 82
Stocks removed due to infinite or NaN ratios: 4
Code last executed at: 2025-03-06 16:25:02
Volatility analysis completed. Results saved to /var/www/fullstack/backend/apps/endpoint/utils/volatility_analysis_results.json
Total stocks analyzed: 86
Valid stocks saved: 82
Stocks removed due to infinite or NaN ratios: 4
Code last executed at: 2025-03-06 16:30:02
Volatility analysis completed. Results saved to /var/www/fullstack/backend/apps/endpoint/utils/volatility_analysis_results.json
Total stocks analyzed: 86
Valid stocks saved: 82
Stocks removed due to infinite or NaN ratios: 4
Code last executed at: 2025-03-06 16:35:02
Volatility analysis completed. Results saved to /var/www/fullstack/backend/apps/endpoint/utils/volatility_analysis_results.json
Total stocks analyzed: 86
Valid stocks saved: 82
Stocks removed due to infinite or NaN ratios: 4
Code last executed at: 2025-03-06 16:40:02
Volatility analysis completed. Results saved to /var/www/fullstack/backend/apps/endpoint/utils/volatility_analysis_results.json
Total stocks analyzed: 86
Valid stocks saved: 82
Stocks removed due to infinite or NaN ratios: 4
Code last executed at: 2025-03-06 16:45:01
Volatility analysis completed. Results saved to /var/www/fullstack/backend/apps/endpoint/utils/volatility_analysis_results.json
Total stocks analyzed: 86
Valid stocks saved: 82
Stocks removed due to infinite or NaN ratios: 4
Code last executed at: 2025-03-06 16:50:01
Volatility analysis completed. Results saved to /var/www/fullstack/backend/apps/endpoint/utils/volatility_analysis_results.json
Total stocks analyzed: 86
Valid stocks saved: 82
Stocks removed due to infinite or NaN ratios: 4
Code last executed at: 2025-03-06 16:55:01
Volatility analysis completed. Results saved to /var/www/fullstack/backend/apps/endpoint/utils/volatility_analysis_results.json
Total stocks analyzed: 86
Valid stocks saved: 82
Stocks removed due to infinite or NaN ratios: 4
Code last executed at: 2025-03-06 17:00:01
Volatility analysis completed. Results saved to /var/www/fullstack/backend/apps/endpoint/utils/volatility_analysis_results.json
Total stocks analyzed: 86
Valid stocks saved: 82
Stocks removed due to infinite or NaN ratios: 4
Code last executed at: 2025-03-06 17:05:02
Volatility analysis completed. Results saved to /var/www/fullstack/backend/apps/endpoint/utils/volatility_analysis_results.json
Total stocks analyzed: 86
Valid stocks saved: 82
Stocks removed due to infinite or NaN ratios: 4
Code last executed at: 2025-03-06 17:10:02
Volatility analysis completed. Results saved to /var/www/fullstack/backend/apps/endpoint/utils/volatility_analysis_results.json
Total stocks analyzed: 86
Valid stocks saved: 82
Stocks removed due to infinite or NaN ratios: 4
Code last executed at: 2025-03-06 17:15:01
Volatility analysis completed. Results saved to /var/www/fullstack/backend/apps/endpoint/utils/volatility_analysis_results.json
Total stocks analyzed: 86
Valid stocks saved: 82
Stocks removed due to infinite or NaN ratios: 4
Code last executed at: 2025-03-06 17:20:01
Volatility analysis completed. Results saved to /var/www/fullstack/backend/apps/endpoint/utils/volatility_analysis_results.json
Total stocks analyzed: 86
Valid stocks saved: 82
Stocks removed due to infinite or NaN ratios: 4
Code last executed at: 2025-03-06 17:25:02
Volatility analysis completed. Results saved to /var/www/fullstack/backend/apps/endpoint/utils/volatility_analysis_results.json
Total stocks analyzed: 86
Valid stocks saved: 82
Stocks removed due to infinite or NaN ratios: 4
Code last executed at: 2025-03-06 17:30:02
Volatility analysis completed. Results saved to /var/www/fullstack/backend/apps/endpoint/utils/volatility_analysis_results.json
Total stocks analyzed: 86
Valid stocks saved: 82
Stocks removed due to infinite or NaN ratios: 4
Code last executed at: 2025-03-06 17:35:01
Volatility analysis completed. Results saved to /var/www/fullstack/backend/apps/endpoint/utils/volatility_analysis_results.json
Total stocks analyzed: 86
Valid stocks saved: 82
Stocks removed due to infinite or NaN ratios: 4
Code last executed at: 2025-03-06 17:40:01
Volatility analysis completed. Results saved to /var/www/fullstack/backend/apps/endpoint/utils/volatility_analysis_results.json
Total stocks analyzed: 86
Valid stocks saved: 82
Stocks removed due to infinite or NaN ratios: 4
Code last executed at: 2025-03-06 17:45:02
Volatility analysis completed. Results saved to /var/www/fullstack/backend/apps/endpoint/utils/volatility_analysis_results.json
Total stocks analyzed: 86
Valid stocks saved: 82
Stocks removed due to infinite or NaN ratios: 4
Code last executed at: 2025-03-06 17:50:02
Volatility analysis completed. Results saved to /var/www/fullstack/backend/apps/endpoint/utils/volatility_analysis_results.json
Total stocks analyzed: 86
Valid stocks saved: 82
Stocks removed due to infinite or NaN ratios: 4
Code last executed at: 2025-03-06 17:55:02
Volatility analysis completed. Results saved to /var/www/fullstack/backend/apps/endpoint/utils/volatility_analysis_results.json
Total stocks analyzed: 86
Valid stocks saved: 82
Stocks removed due to infinite or NaN ratios: 4
Code last executed at: 2025-03-06 18:00:01
Volatility analysis completed. Results saved to /var/www/fullstack/backend/apps/endpoint/utils/volatility_analysis_results.json
Total stocks analyzed: 86
Valid stocks saved: 82
Stocks removed due to infinite or NaN ratios: 4
Code last executed at: 2025-03-06 18:05:01
Volatility analysis completed. Results saved to /var/www/fullstack/backend/apps/endpoint/utils/volatility_analysis_results.json
Total stocks analyzed: 86
Valid stocks saved: 82
Stocks removed due to infinite or NaN ratios: 4
Code last executed at: 2025-03-06 18:10:01
Volatility analysis completed. Results saved to /var/www/fullstack/backend/apps/endpoint/utils/volatility_analysis_results.json
Total stocks analyzed: 86
Valid stocks saved: 82
Stocks removed due to infinite or NaN ratios: 4
Code last executed at: 2025-03-06 18:15:02
Volatility analysis completed. Results saved to /var/www/fullstack/backend/apps/endpoint/utils/volatility_analysis_results.json
Total stocks analyzed: 86
Valid stocks saved: 82
Stocks removed due to infinite or NaN ratios: 4
Code last executed at: 2025-03-06 18:20:02
Volatility analysis completed. Results saved to /var/www/fullstack/backend/apps/endpoint/utils/volatility_analysis_results.json
Total stocks analyzed: 86
Valid stocks saved: 82
Stocks removed due to infinite or NaN ratios: 4
Code last executed at: 2025-03-06 18:25:02
Volatility analysis completed. Results saved to /var/www/fullstack/backend/apps/endpoint/utils/volatility_analysis_results.json
Total stocks analyzed: 86
Valid stocks saved: 82
Stocks removed due to infinite or NaN ratios: 4
Code last executed at: 2025-03-06 18:30:02
Volatility analysis completed. Results saved to /var/www/fullstack/backend/apps/endpoint/utils/volatility_analysis_results.json
Total stocks analyzed: 86
Valid stocks saved: 82
Stocks removed due to infinite or NaN ratios: 4
Code last executed at: 2025-03-06 18:35:02
Volatility analysis completed. Results saved to /var/www/fullstack/backend/apps/endpoint/utils/volatility_analysis_results.json
Total stocks analyzed: 86
Valid stocks saved: 82
Stocks removed due to infinite or NaN ratios: 4
Code last executed at: 2025-03-06 18:40:01
Volatility analysis completed. Results saved to /var/www/fullstack/backend/apps/endpoint/utils/volatility_analysis_results.json
Total stocks analyzed: 86
Valid stocks saved: 82
Stocks removed due to infinite or NaN ratios: 4
Code last executed at: 2025-03-06 18:45:01
Volatility analysis completed. Results saved to /var/www/fullstack/backend/apps/endpoint/utils/volatility_analysis_results.json
Total stocks analyzed: 86
Valid stocks saved: 82
Stocks removed due to infinite or NaN ratios: 4
Code last executed at: 2025-03-06 18:50:02
Volatility analysis completed. Results saved to /var/www/fullstack/backend/apps/endpoint/utils/volatility_analysis_results.json
Total stocks analyzed: 86
Valid stocks saved: 82
Stocks removed due to infinite or NaN ratios: 4
Code last executed at: 2025-03-06 18:55:02
Volatility analysis completed. Results saved to /var/www/fullstack/backend/apps/endpoint/utils/volatility_analysis_results.json
Total stocks analyzed: 86
Valid stocks saved: 82
Stocks removed due to infinite or NaN ratios: 4
Code last executed at: 2025-03-06 19:00:01
Volatility analysis completed. Results saved to /var/www/fullstack/backend/apps/endpoint/utils/volatility_analysis_results.json
Total stocks analyzed: 86
Valid stocks saved: 82
Stocks removed due to infinite or NaN ratios: 4
Code last executed at: 2025-03-06 19:05:02
Volatility analysis completed. Results saved to /var/www/fullstack/backend/apps/endpoint/utils/volatility_analysis_results.json
Total stocks analyzed: 86
Valid stocks saved: 82
Stocks removed due to infinite or NaN ratios: 4
Code last executed at: 2025-03-06 19:10:01
Volatility analysis completed. Results saved to /var/www/fullstack/backend/apps/endpoint/utils/volatility_analysis_results.json
Total stocks analyzed: 86
Valid stocks saved: 82
Stocks removed due to infinite or NaN ratios: 4
Code last executed at: 2025-03-06 19:15:02
Volatility analysis completed. Results saved to /var/www/fullstack/backend/apps/endpoint/utils/volatility_analysis_results.json
Total stocks analyzed: 86
Valid stocks saved: 82
Stocks removed due to infinite or NaN ratios: 4
Code last executed at: 2025-03-06 19:20:02
Volatility analysis completed. Results saved to /var/www/fullstack/backend/apps/endpoint/utils/volatility_analysis_results.json
Total stocks analyzed: 86
Valid stocks saved: 82
Stocks removed due to infinite or NaN ratios: 4
Code last executed at: 2025-03-06 19:25:02
