2025-04-03 14:35:04,590 INFO: IBOV API startup [in C:\Users\ojuar\OneDrive\Documentos\Zomma Quant\git_fullstack\flask_fullstack\deploy\flask\app\__init__.py:41]
2025-04-03 14:35:08,935 INFO: IBOV API startup [in C:\Users\ojuar\OneDrive\Documentos\Zomma Quant\git_fullstack\flask_fullstack\deploy\flask\app\__init__.py:41]
2025-04-13 17:51:40,292 INFO: IBOV API startup [in C:\Users\ojuar\OneDrive\Documentos\Zomma Quant\git_fullstack\flask_fullstack\deploy\flask\app\__init__.py:41]
2025-04-13 17:51:44,936 INFO: IBOV API startup [in C:\Users\ojuar\OneDrive\Documentos\Zomma Quant\git_fullstack\flask_fullstack\deploy\flask\app\__init__.py:41]
2025-04-13 18:09:21,876 INFO: Fetching survival lomax analysis data... [in C:\Users\ojuar\OneDrive\Documentos\Zomma Quant\git_fullstack\flask_fullstack\deploy\flask\app\api\routes.py:136]
2025-04-13 18:09:21,943 INFO: Raw survival data keys: ['BOVA11', 'PETR4', 'VALE3', 'BBAS3', 'MGLU3', 'BBDC4', 'ITUB4', 'WEGE3', 'EMBR3', 'PRIO3', 'BRAV3', 'RAIZ4', 'BPAC11', 'CSAN3', 'ABEV3', 'CSNA3', 'B3SA3', 'ELET6', 'IRBR3', 'LREN3', 'BRKM5', 'JBSS3', 'RENT3', 'MRFG3', 'SUZB3', 'BBSE3', 'BRFS3', 'ITSA4', 'IBOV11', 'PETZ3', 'EGIE3', 'CCRO3', 'AZUL4', 'SMAL11', 'GGBR4', 'CMIN3', 'USIM5', 'CYRE3', 'SBSP3', 'COGN3', 'VBBR3', 'TAEE11', 'BEEF3', 'BHIA3', 'CMIG4', 'BRAP4', 'PETR3', 'RAIL3', 'GOAU4', 'ELET3', 'AZZA3', 'ASAI3', 'NTCO3', 'CXSE3', 'RADL3', 'SANB11', 'UGPA3', 'PCAR3', 'KLBN11', 'EQTL3', 'MRVE3', 'CVCB3', 'HAPV3', 'VIVT3', 'HYPE3', 'BBDC3', 'ISAE4', 'YDUQ3', 'CPLE6', 'ALOS3', 'RDOR3', 'GFSA3', 'EZTC3', 'MULT3', 'ENEV3', 'AURE3', 'JHSF3', 'IFCM3', 'LWSA3', 'VIVA3', 'SAPR11', 'CBAV3', 'QUAL3', 'PSSA3', 'CPFE3', 'TIMS3', 'WIZC3', 'IGTI11', 'SIMH3', 'TOTS3', 'MDIA3', 'SMTO3', 'FLRY3', 'SLCE3', 'POMO4', 'ECOR3', 'ENGI11', 'MOVI3', 'CRFB3', 'ANIM3'] [in C:\Users\ojuar\OneDrive\Documentos\Zomma Quant\git_fullstack\flask_fullstack\deploy\flask\app\api\routes.py:138]
2025-04-13 18:09:21,945 INFO: Query parameters - ticker: None, threshold: None [in C:\Users\ojuar\OneDrive\Documentos\Zomma Quant\git_fullstack\flask_fullstack\deploy\flask\app\api\routes.py:144]
2025-04-13 18:09:21,946 INFO: Filtered survival data keys: ['BOVA11', 'PETR4', 'VALE3', 'BBAS3', 'MGLU3', 'BBDC4', 'ITUB4', 'WEGE3', 'EMBR3', 'PRIO3', 'BRAV3', 'RAIZ4', 'BPAC11', 'CSAN3', 'ABEV3', 'CSNA3', 'B3SA3', 'ELET6', 'IRBR3', 'LREN3', 'BRKM5', 'JBSS3', 'RENT3', 'MRFG3', 'SUZB3', 'BBSE3', 'BRFS3', 'ITSA4', 'IBOV11', 'PETZ3', 'EGIE3', 'CCRO3', 'AZUL4', 'SMAL11', 'GGBR4', 'CMIN3', 'USIM5', 'CYRE3', 'SBSP3', 'COGN3', 'VBBR3', 'TAEE11', 'BEEF3', 'BHIA3', 'CMIG4', 'BRAP4', 'PETR3', 'RAIL3', 'GOAU4', 'ELET3', 'AZZA3', 'ASAI3', 'NTCO3', 'CXSE3', 'RADL3', 'SANB11', 'UGPA3', 'PCAR3', 'KLBN11', 'EQTL3', 'MRVE3', 'CVCB3', 'HAPV3', 'VIVT3', 'HYPE3', 'BBDC3', 'ISAE4', 'YDUQ3', 'CPLE6', 'ALOS3', 'RDOR3', 'GFSA3', 'EZTC3', 'MULT3', 'ENEV3', 'AURE3', 'JHSF3', 'IFCM3', 'LWSA3', 'VIVA3', 'SAPR11', 'CBAV3', 'QUAL3', 'PSSA3', 'CPFE3', 'TIMS3', 'WIZC3', 'IGTI11', 'SIMH3', 'TOTS3', 'MDIA3', 'SMTO3', 'FLRY3', 'SLCE3', 'POMO4', 'ECOR3', 'ENGI11', 'MOVI3', 'CRFB3', 'ANIM3'] [in C:\Users\ojuar\OneDrive\Documentos\Zomma Quant\git_fullstack\flask_fullstack\deploy\flask\app\api\routes.py:161]
2025-04-13 18:09:22,001 INFO: Fetching survival lomax analysis data... [in C:\Users\ojuar\OneDrive\Documentos\Zomma Quant\git_fullstack\flask_fullstack\deploy\flask\app\api\routes.py:136]
2025-04-13 18:09:22,059 INFO: Raw survival data keys: ['BOVA11', 'PETR4', 'VALE3', 'BBAS3', 'MGLU3', 'BBDC4', 'ITUB4', 'WEGE3', 'EMBR3', 'PRIO3', 'BRAV3', 'RAIZ4', 'BPAC11', 'CSAN3', 'ABEV3', 'CSNA3', 'B3SA3', 'ELET6', 'IRBR3', 'LREN3', 'BRKM5', 'JBSS3', 'RENT3', 'MRFG3', 'SUZB3', 'BBSE3', 'BRFS3', 'ITSA4', 'IBOV11', 'PETZ3', 'EGIE3', 'CCRO3', 'AZUL4', 'SMAL11', 'GGBR4', 'CMIN3', 'USIM5', 'CYRE3', 'SBSP3', 'COGN3', 'VBBR3', 'TAEE11', 'BEEF3', 'BHIA3', 'CMIG4', 'BRAP4', 'PETR3', 'RAIL3', 'GOAU4', 'ELET3', 'AZZA3', 'ASAI3', 'NTCO3', 'CXSE3', 'RADL3', 'SANB11', 'UGPA3', 'PCAR3', 'KLBN11', 'EQTL3', 'MRVE3', 'CVCB3', 'HAPV3', 'VIVT3', 'HYPE3', 'BBDC3', 'ISAE4', 'YDUQ3', 'CPLE6', 'ALOS3', 'RDOR3', 'GFSA3', 'EZTC3', 'MULT3', 'ENEV3', 'AURE3', 'JHSF3', 'IFCM3', 'LWSA3', 'VIVA3', 'SAPR11', 'CBAV3', 'QUAL3', 'PSSA3', 'CPFE3', 'TIMS3', 'WIZC3', 'IGTI11', 'SIMH3', 'TOTS3', 'MDIA3', 'SMTO3', 'FLRY3', 'SLCE3', 'POMO4', 'ECOR3', 'ENGI11', 'MOVI3', 'CRFB3', 'ANIM3'] [in C:\Users\ojuar\OneDrive\Documentos\Zomma Quant\git_fullstack\flask_fullstack\deploy\flask\app\api\routes.py:138]
2025-04-13 18:09:22,060 INFO: Query parameters - ticker: None, threshold: None [in C:\Users\ojuar\OneDrive\Documentos\Zomma Quant\git_fullstack\flask_fullstack\deploy\flask\app\api\routes.py:144]
2025-04-13 18:09:22,061 INFO: Filtered survival data keys: ['BOVA11', 'PETR4', 'VALE3', 'BBAS3', 'MGLU3', 'BBDC4', 'ITUB4', 'WEGE3', 'EMBR3', 'PRIO3', 'BRAV3', 'RAIZ4', 'BPAC11', 'CSAN3', 'ABEV3', 'CSNA3', 'B3SA3', 'ELET6', 'IRBR3', 'LREN3', 'BRKM5', 'JBSS3', 'RENT3', 'MRFG3', 'SUZB3', 'BBSE3', 'BRFS3', 'ITSA4', 'IBOV11', 'PETZ3', 'EGIE3', 'CCRO3', 'AZUL4', 'SMAL11', 'GGBR4', 'CMIN3', 'USIM5', 'CYRE3', 'SBSP3', 'COGN3', 'VBBR3', 'TAEE11', 'BEEF3', 'BHIA3', 'CMIG4', 'BRAP4', 'PETR3', 'RAIL3', 'GOAU4', 'ELET3', 'AZZA3', 'ASAI3', 'NTCO3', 'CXSE3', 'RADL3', 'SANB11', 'UGPA3', 'PCAR3', 'KLBN11', 'EQTL3', 'MRVE3', 'CVCB3', 'HAPV3', 'VIVT3', 'HYPE3', 'BBDC3', 'ISAE4', 'YDUQ3', 'CPLE6', 'ALOS3', 'RDOR3', 'GFSA3', 'EZTC3', 'MULT3', 'ENEV3', 'AURE3', 'JHSF3', 'IFCM3', 'LWSA3', 'VIVA3', 'SAPR11', 'CBAV3', 'QUAL3', 'PSSA3', 'CPFE3', 'TIMS3', 'WIZC3', 'IGTI11', 'SIMH3', 'TOTS3', 'MDIA3', 'SMTO3', 'FLRY3', 'SLCE3', 'POMO4', 'ECOR3', 'ENGI11', 'MOVI3', 'CRFB3', 'ANIM3'] [in C:\Users\ojuar\OneDrive\Documentos\Zomma Quant\git_fullstack\flask_fullstack\deploy\flask\app\api\routes.py:161]
2025-04-14 10:29:30,242 INFO: IBOV API startup [in C:\Users\ojuar\OneDrive\Documentos\Zomma Quant\git_fullstack\flask_fullstack\deploy\flask\app\__init__.py:41]
2025-04-14 10:29:35,412 INFO: IBOV API startup [in C:\Users\ojuar\OneDrive\Documentos\Zomma Quant\git_fullstack\flask_fullstack\deploy\flask\app\__init__.py:41]
2025-04-14 10:36:26,846 INFO: IBOV API startup [in C:\Users\ojuar\OneDrive\Documentos\Zomma Quant\git_fullstack\flask_fullstack\deploy\flask\app\__init__.py:41]
2025-04-14 10:38:16,825 INFO: IBOV API startup [in C:\Users\ojuar\OneDrive\Documentos\Zomma Quant\git_fullstack\flask_fullstack\deploy\flask\app\__init__.py:41]
2025-04-14 10:44:12,123 INFO: IBOV API startup [in C:\Users\ojuar\OneDrive\Documentos\Zomma Quant\git_fullstack\flask_fullstack\deploy\flask\app\__init__.py:41]
2025-04-14 10:44:16,690 INFO: IBOV API startup [in C:\Users\ojuar\OneDrive\Documentos\Zomma Quant\git_fullstack\flask_fullstack\deploy\flask\app\__init__.py:41]
2025-04-15 00:07:55,046 INFO: IBOV API startup [in C:\Users\ojuar\OneDrive\Documentos\Zomma Quant\git_fullstack\flask_fullstack\deploy\flask\app\__init__.py:41]
2025-04-15 00:07:59,069 INFO: IBOV API startup [in C:\Users\ojuar\OneDrive\Documentos\Zomma Quant\git_fullstack\flask_fullstack\deploy\flask\app\__init__.py:41]
2025-04-15 00:18:02,175 INFO: IBOV API startup [in C:\Users\ojuar\OneDrive\Documentos\Zomma Quant\git_fullstack\flask_fullstack\deploy\flask\app\__init__.py:41]
2025-04-21 17:30:50,298 INFO: IBOV API startup [in C:\Users\ojuar\OneDrive\Documentos\Zomma Quant\git_fullstack\flask_fullstack\deploy\flask\app\__init__.py:41]
2025-04-21 17:30:54,855 INFO: IBOV API startup [in C:\Users\ojuar\OneDrive\Documentos\Zomma Quant\git_fullstack\flask_fullstack\deploy\flask\app\__init__.py:41]
2025-04-21 17:57:43,979 INFO: IBOV API startup [in C:\Users\ojuar\OneDrive\Documentos\Zomma Quant\git_fullstack\flask_fullstack\deploy\flask\app\__init__.py:41]
2025-04-21 17:57:48,735 INFO: IBOV API startup [in C:\Users\ojuar\OneDrive\Documentos\Zomma Quant\git_fullstack\flask_fullstack\deploy\flask\app\__init__.py:41]
2025-04-21 18:11:30,585 INFO: IBOV API startup [in C:\Users\ojuar\OneDrive\Documentos\Zomma Quant\git_fullstack\flask_fullstack\deploy\flask\app\__init__.py:41]
2025-04-21 18:21:00,796 INFO: IBOV API startup [in C:\Users\ojuar\OneDrive\Documentos\Zomma Quant\git_fullstack\flask_fullstack\deploy\flask\app\__init__.py:41]
2025-04-21 18:24:27,028 INFO: IBOV API startup [in C:\Users\ojuar\OneDrive\Documentos\Zomma Quant\git_fullstack\flask_fullstack\deploy\flask\app\__init__.py:41]
2025-04-21 18:24:36,422 INFO: IBOV API startup [in C:\Users\ojuar\OneDrive\Documentos\Zomma Quant\git_fullstack\flask_fullstack\deploy\flask\app\__init__.py:41]
2025-04-21 18:25:07,483 INFO: IBOV API startup [in C:\Users\ojuar\OneDrive\Documentos\Zomma Quant\git_fullstack\flask_fullstack\deploy\flask\app\__init__.py:41]
2025-04-21 18:41:10,750 INFO: IBOV API startup [in C:\Users\ojuar\OneDrive\Documentos\Zomma Quant\git_fullstack\flask_fullstack\deploy\flask\app\__init__.py:41]
2025-04-21 18:42:25,944 INFO: IBOV API startup [in C:\Users\ojuar\OneDrive\Documentos\Zomma Quant\git_fullstack\flask_fullstack\deploy\flask\app\__init__.py:41]
2025-04-21 18:43:16,931 INFO: IBOV API startup [in C:\Users\ojuar\OneDrive\Documentos\Zomma Quant\git_fullstack\flask_fullstack\deploy\flask\app\__init__.py:41]
2025-04-21 18:43:25,870 INFO: IBOV API startup [in C:\Users\ojuar\OneDrive\Documentos\Zomma Quant\git_fullstack\flask_fullstack\deploy\flask\app\__init__.py:41]
2025-04-21 18:51:54,866 INFO: IBOV API startup [in C:\Users\ojuar\OneDrive\Documentos\Zomma Quant\git_fullstack\flask_fullstack\deploy\flask\app\__init__.py:41]
2025-04-21 18:52:59,533 INFO: IBOV API startup [in C:\Users\ojuar\OneDrive\Documentos\Zomma Quant\git_fullstack\flask_fullstack\deploy\flask\app\__init__.py:41]
2025-04-21 18:53:11,025 INFO: IBOV API startup [in C:\Users\ojuar\OneDrive\Documentos\Zomma Quant\git_fullstack\flask_fullstack\deploy\flask\app\__init__.py:41]
2025-04-21 18:54:06,334 INFO: IBOV API startup [in C:\Users\ojuar\OneDrive\Documentos\Zomma Quant\git_fullstack\flask_fullstack\deploy\flask\app\__init__.py:41]
2025-04-21 20:21:48,346 ERROR: Error in BootstrapResource: "None of [Index(['jall3'], dtype='object', name='Symbol')] are in the [columns]" [in C:\Users\ojuar\OneDrive\Documentos\Zomma Quant\git_fullstack\flask_fullstack\deploy\flask\app\api\routes.py:25]
